ARM GAS  C:\Users\RECEPC~1\AppData\Local\Temp\ccUM0Cvl.s 			page 1


   1              		.syntax unified
   2              		.cpu cortex-m3
   3              		.fpu softvfp
   4              		.eabi_attribute 20, 1
   5              		.eabi_attribute 21, 1
   6              		.eabi_attribute 23, 3
   7              		.eabi_attribute 24, 1
   8              		.eabi_attribute 25, 1
   9              		.eabi_attribute 26, 1
  10              		.eabi_attribute 30, 6
  11              		.eabi_attribute 34, 1
  12              		.eabi_attribute 18, 4
  13              		.thumb
  14              		.file	"ibuton.c"
  15              		.text
  16              	.Ltext0:
  17              		.cfi_sections	.debug_frame
  18              		.comm	count_teclas1,1,1
  19              		.comm	comas1,1,1
  20              		.comm	comas2,1,1
  21              		.comm	id_coma1,1,1
  22              		.comm	id_teclado1,1,1
  23              		.comm	count_teclas2,1,1
  24              		.comm	id_coma2,1,1
  25              		.comm	id_teclado2,1,1
  26              		.comm	posx1,2,2
  27              		.comm	posy1,2,2
  28              		.comm	sizeletra1,2,2
  29              		.comm	posx2,2,2
  30              		.comm	posy2,2,2
  31              		.comm	sizeletra2,2,2
  32              		.comm	teclas1,1,1
  33              		.comm	teclas2,1,1
  34              		.comm	flujo_LCD1,1,1
  35              		.comm	flujo_LCD2,1,1
  36              		.comm	flujo_LCD3,1,1
  37              		.comm	flujo_LCD4,1,1
  38              		.comm	Buffer_LCD1,30,4
  39              		.comm	Buffer_LCD2,30,4
  40              		.comm	count_protector,1,1
  41              		.comm	count_protector2,1,1
  42              		.comm	password_lcd,9,4
  43              		.comm	imagen_grado1,2,2
  44              		.comm	imagen_grado2,2,2
  45              		.comm	imagen_grado3,2,2
  46              		.comm	imagen_grado4,2,2
  47              		.comm	prox_caso,16,4
  48              		.comm	bloqueo_LCD,3,4
  49              		.comm	ppux10,1,1
  50              		.comm	nombre_pro1,17,4
  51              		.comm	nombre_pro2,17,4
  52              		.comm	nombre_pro3,17,4
  53              		.comm	version,4,4
  54              		.comm	lado1,93,4
  55              		.comm	lado2,93,4
  56              		.comm	lado3,93,4
  57              		.comm	lado4,93,4
ARM GAS  C:\Users\RECEPC~1\AppData\Local\Temp\ccUM0Cvl.s 			page 2


  58              		.comm	nombre,33,4
  59              		.comm	nit,15,4
  60              		.comm	telefono,20,4
  61              		.comm	direccion,33,4
  62              		.comm	lema1,32,4
  63              		.comm	lema2,32,4
  64              		.comm	id_logo,2,4
  65              		.comm	km,2,4
  66              		.comm	fecha,3,4
  67              		.comm	hora,2,4
  68              		.comm	rventa1,97,4
  69              		.comm	rventa2,97,4
  70              		.comm	rventa3,97,4
  71              		.comm	rventa4,97,4
  72              		.comm	ok_RF,1,1
  73              		.comm	ok_datosRF,1,1
  74              		.comm	rf_mod,200,4
  75              		.comm	buffer_i2c,64,4
  76              		.comm	crc_total,1,1
  77              		.comm	print1,2,4
  78              		.comm	print2,2,4
  79              		.section	.text.touch_present,"ax",%progbits
  80              		.align	2
  81              		.global	touch_present
  82              		.thumb
  83              		.thumb_func
  84              		.type	touch_present, %function
  85              	touch_present:
  86              	.LFB63:
  87              		.file 1 ".\\ibuton.c"
   1:.\ibuton.c    **** /*
   2:.\ibuton.c    **** ***************************************************************************************************
   3:.\ibuton.c    **** *                                           GRP550M CODE
   4:.\ibuton.c    **** *
   5:.\ibuton.c    **** *                             (c) Copyright 2013; Sistemas Insepet LTDA
   6:.\ibuton.c    **** *
   7:.\ibuton.c    **** *               All rights reserved.  Protected by international copyright laws.
   8:.\ibuton.c    **** *               Knowledge of the source code may NOT be used to develop a similar product.
   9:.\ibuton.c    **** *               Please help us continue to provide the Embedded community with the finest
  10:.\ibuton.c    **** *               software available.  Your honesty is greatly appreciated.
  11:.\ibuton.c    **** ***************************************************************************************************
  12:.\ibuton.c    **** */
  13:.\ibuton.c    **** 
  14:.\ibuton.c    **** /*
  15:.\ibuton.c    **** ***************************************************************************************************
  16:.\ibuton.c    **** *
  17:.\ibuton.c    **** *                                               GRP550M CODE
  18:.\ibuton.c    **** *
  19:.\ibuton.c    **** *                                             CYPRESS PSoC5LP
  20:.\ibuton.c    **** *                                                with the
  21:.\ibuton.c    **** *                                            CY8C5969AXI-LP035
  22:.\ibuton.c    **** *
  23:.\ibuton.c    **** * Filename      : ibutton.c
  24:.\ibuton.c    **** * Version       : V1.00
  25:.\ibuton.c    **** * Programmer(s) : 
  26:.\ibuton.c    ****                   
  27:.\ibuton.c    **** ***************************************************************************************************
ARM GAS  C:\Users\RECEPC~1\AppData\Local\Temp\ccUM0Cvl.s 			page 3


  28:.\ibuton.c    **** */
  29:.\ibuton.c    **** 
  30:.\ibuton.c    **** /*
  31:.\ibuton.c    **** ***************************************************************************************************
  32:.\ibuton.c    **** *                                             INCLUDE FILES
  33:.\ibuton.c    **** ***************************************************************************************************
  34:.\ibuton.c    **** */
  35:.\ibuton.c    **** #include <device.h>
  36:.\ibuton.c    **** #include "VariablesG.h"
  37:.\ibuton.c    **** 
  38:.\ibuton.c    **** /*
  39:.\ibuton.c    **** ***************************************************************************************************
  40:.\ibuton.c    **** *                                           uint8 touch_present(void)
  41:.\ibuton.c    **** *
  42:.\ibuton.c    **** * Description : 
  43:.\ibuton.c    **** *               
  44:.\ibuton.c    **** *
  45:.\ibuton.c    **** * Argument(s) : none
  46:.\ibuton.c    **** *
  47:.\ibuton.c    **** * Return(s)   : none
  48:.\ibuton.c    **** *
  49:.\ibuton.c    **** * Caller(s)   : 
  50:.\ibuton.c    **** *
  51:.\ibuton.c    **** * Note(s)     : none.
  52:.\ibuton.c    **** ***************************************************************************************************
  53:.\ibuton.c    **** */
  54:.\ibuton.c    **** 
  55:.\ibuton.c    **** uint8 touch_present(uint8 ibutton){  
  88              		.loc 1 55 0
  89              		.cfi_startproc
  90              		@ args = 0, pretend = 0, frame = 16
  91              		@ frame_needed = 1, uses_anonymous_args = 0
  92 0000 80B5     		push	{r7, lr}
  93              		.cfi_def_cfa_offset 8
  94              		.cfi_offset 7, -8
  95              		.cfi_offset 14, -4
  96 0002 84B0     		sub	sp, sp, #16
  97              		.cfi_def_cfa_offset 24
  98 0004 00AF     		add	r7, sp, #0
  99              		.cfi_def_cfa_register 7
 100 0006 0346     		mov	r3, r0
 101 0008 FB71     		strb	r3, [r7, #7]
  56:.\ibuton.c    ****     uint8 present;
  57:.\ibuton.c    **** 	if(ibutton==1){
 102              		.loc 1 57 0
 103 000a FB79     		ldrb	r3, [r7, #7]	@ zero_extendqisi2
 104 000c 012B     		cmp	r3, #1
 105 000e 29D1     		bne	.L2
  58:.\ibuton.c    **** 	    IB1_Write(0);
 106              		.loc 1 58 0
 107 0010 0020     		movs	r0, #0
 108 0012 FFF7FEFF 		bl	IB1_Write
  59:.\ibuton.c    **** 	    CyDelayUs(500);
 109              		.loc 1 59 0
 110 0016 4FF4FA70 		mov	r0, #500
 111 001a FFF7FEFF 		bl	CyDelayUs
  60:.\ibuton.c    **** 	    IB1_Write(1);
ARM GAS  C:\Users\RECEPC~1\AppData\Local\Temp\ccUM0Cvl.s 			page 4


 112              		.loc 1 60 0
 113 001e 0120     		movs	r0, #1
 114 0020 FFF7FEFF 		bl	IB1_Write
  61:.\ibuton.c    **** 	    CyDelayUs(5);
 115              		.loc 1 61 0
 116 0024 0520     		movs	r0, #5
 117 0026 FFF7FEFF 		bl	CyDelayUs
  62:.\ibuton.c    **** 
  63:.\ibuton.c    **** 	    if(!IB1_Read()){
 118              		.loc 1 63 0
 119 002a FFF7FEFF 		bl	IB1_Read
 120 002e 0346     		mov	r3, r0
 121 0030 002B     		cmp	r3, #0
 122 0032 01D1     		bne	.L3
  64:.\ibuton.c    **** 	        return 0;
 123              		.loc 1 64 0
 124 0034 0023     		movs	r3, #0
 125 0036 3EE0     		b	.L4
 126              	.L3:
  65:.\ibuton.c    **** 	    }
  66:.\ibuton.c    **** 
  67:.\ibuton.c    **** 	    CyDelayUs(65);
 127              		.loc 1 67 0
 128 0038 4120     		movs	r0, #65
 129 003a FFF7FEFF 		bl	CyDelayUs
  68:.\ibuton.c    **** 	    present=!IB1_Read();
 130              		.loc 1 68 0
 131 003e FFF7FEFF 		bl	IB1_Read
 132 0042 0346     		mov	r3, r0
 133 0044 002B     		cmp	r3, #0
 134 0046 0CBF     		ite	eq
 135 0048 0123     		moveq	r3, #1
 136 004a 0023     		movne	r3, #0
 137 004c DBB2     		uxtb	r3, r3
 138 004e FB73     		strb	r3, [r7, #15]
  69:.\ibuton.c    **** 	    CyDelayUs(240);
 139              		.loc 1 69 0
 140 0050 F020     		movs	r0, #240
 141 0052 FFF7FEFF 		bl	CyDelayUs
  70:.\ibuton.c    **** 	    if(present){
 142              		.loc 1 70 0
 143 0056 FB7B     		ldrb	r3, [r7, #15]	@ zero_extendqisi2
 144 0058 002B     		cmp	r3, #0
 145 005a 01D0     		beq	.L5
  71:.\ibuton.c    **** 	        return 1;
 146              		.loc 1 71 0
 147 005c 0123     		movs	r3, #1
 148 005e 2AE0     		b	.L4
 149              	.L5:
  72:.\ibuton.c    **** 	    }
  73:.\ibuton.c    **** 	    else{
  74:.\ibuton.c    **** 	        return 0;
 150              		.loc 1 74 0
 151 0060 0023     		movs	r3, #0
 152 0062 28E0     		b	.L4
 153              	.L2:
  75:.\ibuton.c    **** 	    } 
ARM GAS  C:\Users\RECEPC~1\AppData\Local\Temp\ccUM0Cvl.s 			page 5


  76:.\ibuton.c    **** 	}
  77:.\ibuton.c    **** 	else{
  78:.\ibuton.c    **** 	    IB2_Write(0);
 154              		.loc 1 78 0
 155 0064 0020     		movs	r0, #0
 156 0066 FFF7FEFF 		bl	IB2_Write
  79:.\ibuton.c    **** 	    CyDelayUs(500);
 157              		.loc 1 79 0
 158 006a 4FF4FA70 		mov	r0, #500
 159 006e FFF7FEFF 		bl	CyDelayUs
  80:.\ibuton.c    **** 	    IB2_Write(1);
 160              		.loc 1 80 0
 161 0072 0120     		movs	r0, #1
 162 0074 FFF7FEFF 		bl	IB2_Write
  81:.\ibuton.c    **** 	    CyDelayUs(5);
 163              		.loc 1 81 0
 164 0078 0520     		movs	r0, #5
 165 007a FFF7FEFF 		bl	CyDelayUs
  82:.\ibuton.c    **** 
  83:.\ibuton.c    **** 	    if(!IB2_Read()){
 166              		.loc 1 83 0
 167 007e FFF7FEFF 		bl	IB2_Read
 168 0082 0346     		mov	r3, r0
 169 0084 002B     		cmp	r3, #0
 170 0086 01D1     		bne	.L6
  84:.\ibuton.c    **** 	        return 0;
 171              		.loc 1 84 0
 172 0088 0023     		movs	r3, #0
 173 008a 14E0     		b	.L4
 174              	.L6:
  85:.\ibuton.c    **** 	    }
  86:.\ibuton.c    **** 
  87:.\ibuton.c    **** 	    CyDelayUs(65);
 175              		.loc 1 87 0
 176 008c 4120     		movs	r0, #65
 177 008e FFF7FEFF 		bl	CyDelayUs
  88:.\ibuton.c    **** 	    present=!IB2_Read();
 178              		.loc 1 88 0
 179 0092 FFF7FEFF 		bl	IB2_Read
 180 0096 0346     		mov	r3, r0
 181 0098 002B     		cmp	r3, #0
 182 009a 0CBF     		ite	eq
 183 009c 0123     		moveq	r3, #1
 184 009e 0023     		movne	r3, #0
 185 00a0 DBB2     		uxtb	r3, r3
 186 00a2 FB73     		strb	r3, [r7, #15]
  89:.\ibuton.c    **** 	    CyDelayUs(240);
 187              		.loc 1 89 0
 188 00a4 F020     		movs	r0, #240
 189 00a6 FFF7FEFF 		bl	CyDelayUs
  90:.\ibuton.c    **** 	    if(present){
 190              		.loc 1 90 0
 191 00aa FB7B     		ldrb	r3, [r7, #15]	@ zero_extendqisi2
 192 00ac 002B     		cmp	r3, #0
 193 00ae 01D0     		beq	.L7
  91:.\ibuton.c    **** 	        return 1;
 194              		.loc 1 91 0
ARM GAS  C:\Users\RECEPC~1\AppData\Local\Temp\ccUM0Cvl.s 			page 6


 195 00b0 0123     		movs	r3, #1
 196 00b2 00E0     		b	.L4
 197              	.L7:
  92:.\ibuton.c    **** 	    }
  93:.\ibuton.c    **** 	    else{
  94:.\ibuton.c    **** 	        return 0;
 198              		.loc 1 94 0
 199 00b4 0023     		movs	r3, #0
 200              	.L4:
  95:.\ibuton.c    **** 	    }	
  96:.\ibuton.c    **** 	}
  97:.\ibuton.c    **** }
 201              		.loc 1 97 0
 202 00b6 1846     		mov	r0, r3
 203 00b8 1037     		adds	r7, r7, #16
 204              		.cfi_def_cfa_offset 8
 205 00ba BD46     		mov	sp, r7
 206              		.cfi_def_cfa_register 13
 207              		@ sp needed
 208 00bc 80BD     		pop	{r7, pc}
 209              		.cfi_endproc
 210              	.LFE63:
 211              		.size	touch_present, .-touch_present
 212 00be 00BF     		.section	.text.touch_write,"ax",%progbits
 213              		.align	2
 214              		.global	touch_write
 215              		.thumb
 216              		.thumb_func
 217              		.type	touch_write, %function
 218              	touch_write:
 219              	.LFB64:
  98:.\ibuton.c    **** 
  99:.\ibuton.c    **** /*
 100:.\ibuton.c    **** ***************************************************************************************************
 101:.\ibuton.c    **** *                                           uint8 touch_write(uint8 dato)
 102:.\ibuton.c    **** *
 103:.\ibuton.c    **** * Description : 
 104:.\ibuton.c    **** *               
 105:.\ibuton.c    **** *
 106:.\ibuton.c    **** * Argument(s) : none
 107:.\ibuton.c    **** *
 108:.\ibuton.c    **** * Return(s)   : none
 109:.\ibuton.c    **** *
 110:.\ibuton.c    **** * Caller(s)   : 
 111:.\ibuton.c    **** *
 112:.\ibuton.c    **** * Note(s)     : none.
 113:.\ibuton.c    **** ***************************************************************************************************
 114:.\ibuton.c    **** */
 115:.\ibuton.c    **** 
 116:.\ibuton.c    **** uint8 touch_write(uint8 ibutton, uint8 dato){
 220              		.loc 1 116 0
 221              		.cfi_startproc
 222              		@ args = 0, pretend = 0, frame = 16
 223              		@ frame_needed = 1, uses_anonymous_args = 0
 224 0000 80B5     		push	{r7, lr}
 225              		.cfi_def_cfa_offset 8
 226              		.cfi_offset 7, -8
ARM GAS  C:\Users\RECEPC~1\AppData\Local\Temp\ccUM0Cvl.s 			page 7


 227              		.cfi_offset 14, -4
 228 0002 84B0     		sub	sp, sp, #16
 229              		.cfi_def_cfa_offset 24
 230 0004 00AF     		add	r7, sp, #0
 231              		.cfi_def_cfa_register 7
 232 0006 0346     		mov	r3, r0
 233 0008 0A46     		mov	r2, r1
 234 000a FB71     		strb	r3, [r7, #7]
 235 000c 1346     		mov	r3, r2
 236 000e BB71     		strb	r3, [r7, #6]
 117:.\ibuton.c    ****     uint8 i;
 118:.\ibuton.c    **** 	if(ibutton==1){
 237              		.loc 1 118 0
 238 0010 FB79     		ldrb	r3, [r7, #7]	@ zero_extendqisi2
 239 0012 012B     		cmp	r3, #1
 240 0014 3BD1     		bne	.L9
 119:.\ibuton.c    **** 	    for(i=0;i<=7;i++){
 241              		.loc 1 119 0
 242 0016 0023     		movs	r3, #0
 243 0018 FB73     		strb	r3, [r7, #15]
 244 001a 33E0     		b	.L10
 245              	.L14:
 120:.\ibuton.c    **** 	        IB1_Write(0); 
 246              		.loc 1 120 0
 247 001c 0020     		movs	r0, #0
 248 001e FFF7FEFF 		bl	IB1_Write
 121:.\ibuton.c    **** 	        CyDelayUs(10);
 249              		.loc 1 121 0
 250 0022 0A20     		movs	r0, #10
 251 0024 FFF7FEFF 		bl	CyDelayUs
 122:.\ibuton.c    **** 	        if(((dato>>i)&1)){
 252              		.loc 1 122 0
 253 0028 BA79     		ldrb	r2, [r7, #6]	@ zero_extendqisi2
 254 002a FB7B     		ldrb	r3, [r7, #15]	@ zero_extendqisi2
 255 002c 42FA03F3 		asr	r3, r2, r3
 256 0030 03F00103 		and	r3, r3, #1
 257 0034 002B     		cmp	r3, #0
 258 0036 0CD0     		beq	.L11
 123:.\ibuton.c    **** 	           IB1_Write(1);
 259              		.loc 1 123 0
 260 0038 0120     		movs	r0, #1
 261 003a FFF7FEFF 		bl	IB1_Write
 124:.\ibuton.c    **** 	           CyDelayUs(10);
 262              		.loc 1 124 0
 263 003e 0A20     		movs	r0, #10
 264 0040 FFF7FEFF 		bl	CyDelayUs
 125:.\ibuton.c    **** 	           if(!IB1_Read()){
 265              		.loc 1 125 0
 266 0044 FFF7FEFF 		bl	IB1_Read
 267 0048 0346     		mov	r3, r0
 268 004a 002B     		cmp	r3, #0
 269 004c 0ED1     		bne	.L12
 126:.\ibuton.c    **** 	                return 0;                
 270              		.loc 1 126 0
 271 004e 0023     		movs	r3, #0
 272 0050 58E0     		b	.L13
 273              	.L11:
ARM GAS  C:\Users\RECEPC~1\AppData\Local\Temp\ccUM0Cvl.s 			page 8


 127:.\ibuton.c    **** 	           }
 128:.\ibuton.c    **** 	        }
 129:.\ibuton.c    **** 	        else{
 130:.\ibuton.c    **** 	            IB1_Write(0); 
 274              		.loc 1 130 0
 275 0052 0020     		movs	r0, #0
 276 0054 FFF7FEFF 		bl	IB1_Write
 131:.\ibuton.c    **** 	            CyDelayUs(10);
 277              		.loc 1 131 0
 278 0058 0A20     		movs	r0, #10
 279 005a FFF7FEFF 		bl	CyDelayUs
 132:.\ibuton.c    **** 	           if(IB1_Read()){
 280              		.loc 1 132 0
 281 005e FFF7FEFF 		bl	IB1_Read
 282 0062 0346     		mov	r3, r0
 283 0064 002B     		cmp	r3, #0
 284 0066 01D0     		beq	.L12
 133:.\ibuton.c    **** 	                return 0;                
 285              		.loc 1 133 0
 286 0068 0023     		movs	r3, #0
 287 006a 4BE0     		b	.L13
 288              	.L12:
 134:.\ibuton.c    **** 	           }            
 135:.\ibuton.c    **** 	        }
 136:.\ibuton.c    **** 	        CyDelayUs(50);
 289              		.loc 1 136 0 discriminator 2
 290 006c 3220     		movs	r0, #50
 291 006e FFF7FEFF 		bl	CyDelayUs
 137:.\ibuton.c    **** 	        IB1_Write(1);
 292              		.loc 1 137 0 discriminator 2
 293 0072 0120     		movs	r0, #1
 294 0074 FFF7FEFF 		bl	IB1_Write
 138:.\ibuton.c    **** 	        CyDelayUs(50);
 295              		.loc 1 138 0 discriminator 2
 296 0078 3220     		movs	r0, #50
 297 007a FFF7FEFF 		bl	CyDelayUs
 119:.\ibuton.c    **** 	        IB1_Write(0); 
 298              		.loc 1 119 0 discriminator 2
 299 007e FB7B     		ldrb	r3, [r7, #15]	@ zero_extendqisi2
 300 0080 0133     		adds	r3, r3, #1
 301 0082 FB73     		strb	r3, [r7, #15]
 302              	.L10:
 119:.\ibuton.c    **** 	        IB1_Write(0); 
 303              		.loc 1 119 0 is_stmt 0 discriminator 1
 304 0084 FB7B     		ldrb	r3, [r7, #15]	@ zero_extendqisi2
 305 0086 072B     		cmp	r3, #7
 306 0088 C8D9     		bls	.L14
 139:.\ibuton.c    **** 	    }
 140:.\ibuton.c    **** 	    return 1;
 307              		.loc 1 140 0 is_stmt 1
 308 008a 0123     		movs	r3, #1
 309 008c 3AE0     		b	.L13
 310              	.L9:
 141:.\ibuton.c    **** 	}
 142:.\ibuton.c    **** 	else{
 143:.\ibuton.c    **** 	    for(i=0;i<=7;i++){
 311              		.loc 1 143 0
ARM GAS  C:\Users\RECEPC~1\AppData\Local\Temp\ccUM0Cvl.s 			page 9


 312 008e 0023     		movs	r3, #0
 313 0090 FB73     		strb	r3, [r7, #15]
 314 0092 33E0     		b	.L15
 315              	.L18:
 144:.\ibuton.c    **** 	        IB2_Write(0); 
 316              		.loc 1 144 0
 317 0094 0020     		movs	r0, #0
 318 0096 FFF7FEFF 		bl	IB2_Write
 145:.\ibuton.c    **** 	        CyDelayUs(10);
 319              		.loc 1 145 0
 320 009a 0A20     		movs	r0, #10
 321 009c FFF7FEFF 		bl	CyDelayUs
 146:.\ibuton.c    **** 	        if(((dato>>i)&1)){
 322              		.loc 1 146 0
 323 00a0 BA79     		ldrb	r2, [r7, #6]	@ zero_extendqisi2
 324 00a2 FB7B     		ldrb	r3, [r7, #15]	@ zero_extendqisi2
 325 00a4 42FA03F3 		asr	r3, r2, r3
 326 00a8 03F00103 		and	r3, r3, #1
 327 00ac 002B     		cmp	r3, #0
 328 00ae 0CD0     		beq	.L16
 147:.\ibuton.c    **** 	           IB2_Write(1);
 329              		.loc 1 147 0
 330 00b0 0120     		movs	r0, #1
 331 00b2 FFF7FEFF 		bl	IB2_Write
 148:.\ibuton.c    **** 	           CyDelayUs(10);
 332              		.loc 1 148 0
 333 00b6 0A20     		movs	r0, #10
 334 00b8 FFF7FEFF 		bl	CyDelayUs
 149:.\ibuton.c    **** 	           if(!IB2_Read()){
 335              		.loc 1 149 0
 336 00bc FFF7FEFF 		bl	IB2_Read
 337 00c0 0346     		mov	r3, r0
 338 00c2 002B     		cmp	r3, #0
 339 00c4 0ED1     		bne	.L17
 150:.\ibuton.c    **** 	                return 0;                
 340              		.loc 1 150 0
 341 00c6 0023     		movs	r3, #0
 342 00c8 1CE0     		b	.L13
 343              	.L16:
 151:.\ibuton.c    **** 	           }
 152:.\ibuton.c    **** 	        }
 153:.\ibuton.c    **** 	        else{
 154:.\ibuton.c    **** 	            IB2_Write(0); 
 344              		.loc 1 154 0
 345 00ca 0020     		movs	r0, #0
 346 00cc FFF7FEFF 		bl	IB2_Write
 155:.\ibuton.c    **** 	            CyDelayUs(10);
 347              		.loc 1 155 0
 348 00d0 0A20     		movs	r0, #10
 349 00d2 FFF7FEFF 		bl	CyDelayUs
 156:.\ibuton.c    **** 	           if(IB2_Read()){
 350              		.loc 1 156 0
 351 00d6 FFF7FEFF 		bl	IB2_Read
 352 00da 0346     		mov	r3, r0
 353 00dc 002B     		cmp	r3, #0
 354 00de 01D0     		beq	.L17
 157:.\ibuton.c    **** 	                return 0;                
ARM GAS  C:\Users\RECEPC~1\AppData\Local\Temp\ccUM0Cvl.s 			page 10


 355              		.loc 1 157 0
 356 00e0 0023     		movs	r3, #0
 357 00e2 0FE0     		b	.L13
 358              	.L17:
 158:.\ibuton.c    **** 	           }            
 159:.\ibuton.c    **** 	        }
 160:.\ibuton.c    **** 	        CyDelayUs(50);
 359              		.loc 1 160 0 discriminator 2
 360 00e4 3220     		movs	r0, #50
 361 00e6 FFF7FEFF 		bl	CyDelayUs
 161:.\ibuton.c    **** 	        IB2_Write(1);
 362              		.loc 1 161 0 discriminator 2
 363 00ea 0120     		movs	r0, #1
 364 00ec FFF7FEFF 		bl	IB2_Write
 162:.\ibuton.c    **** 	        CyDelayUs(50);
 365              		.loc 1 162 0 discriminator 2
 366 00f0 3220     		movs	r0, #50
 367 00f2 FFF7FEFF 		bl	CyDelayUs
 143:.\ibuton.c    **** 	        IB2_Write(0); 
 368              		.loc 1 143 0 discriminator 2
 369 00f6 FB7B     		ldrb	r3, [r7, #15]	@ zero_extendqisi2
 370 00f8 0133     		adds	r3, r3, #1
 371 00fa FB73     		strb	r3, [r7, #15]
 372              	.L15:
 143:.\ibuton.c    **** 	        IB2_Write(0); 
 373              		.loc 1 143 0 is_stmt 0 discriminator 1
 374 00fc FB7B     		ldrb	r3, [r7, #15]	@ zero_extendqisi2
 375 00fe 072B     		cmp	r3, #7
 376 0100 C8D9     		bls	.L18
 163:.\ibuton.c    **** 	    }
 164:.\ibuton.c    **** 	    return 1;	
 377              		.loc 1 164 0 is_stmt 1
 378 0102 0123     		movs	r3, #1
 379              	.L13:
 165:.\ibuton.c    **** 	}
 166:.\ibuton.c    **** }
 380              		.loc 1 166 0
 381 0104 1846     		mov	r0, r3
 382 0106 1037     		adds	r7, r7, #16
 383              		.cfi_def_cfa_offset 8
 384 0108 BD46     		mov	sp, r7
 385              		.cfi_def_cfa_register 13
 386              		@ sp needed
 387 010a 80BD     		pop	{r7, pc}
 388              		.cfi_endproc
 389              	.LFE64:
 390              		.size	touch_write, .-touch_write
 391              		.section	.text.touch_read_byte,"ax",%progbits
 392              		.align	2
 393              		.global	touch_read_byte
 394              		.thumb
 395              		.thumb_func
 396              		.type	touch_read_byte, %function
 397              	touch_read_byte:
 398              	.LFB65:
 167:.\ibuton.c    **** 
 168:.\ibuton.c    **** /*
ARM GAS  C:\Users\RECEPC~1\AppData\Local\Temp\ccUM0Cvl.s 			page 11


 169:.\ibuton.c    **** ***************************************************************************************************
 170:.\ibuton.c    **** *                                           uint8 touch_read_byte()
 171:.\ibuton.c    **** *
 172:.\ibuton.c    **** * Description : 
 173:.\ibuton.c    **** *               
 174:.\ibuton.c    **** *
 175:.\ibuton.c    **** * Argument(s) : none
 176:.\ibuton.c    **** *
 177:.\ibuton.c    **** * Return(s)   : none
 178:.\ibuton.c    **** *
 179:.\ibuton.c    **** * Caller(s)   : 
 180:.\ibuton.c    **** *
 181:.\ibuton.c    **** * Note(s)     : none.
 182:.\ibuton.c    **** ***************************************************************************************************
 183:.\ibuton.c    **** */
 184:.\ibuton.c    **** 
 185:.\ibuton.c    **** uint8 touch_read_byte(uint8 ibutton){
 399              		.loc 1 185 0
 400              		.cfi_startproc
 401              		@ args = 0, pretend = 0, frame = 16
 402              		@ frame_needed = 1, uses_anonymous_args = 0
 403 0000 80B5     		push	{r7, lr}
 404              		.cfi_def_cfa_offset 8
 405              		.cfi_offset 7, -8
 406              		.cfi_offset 14, -4
 407 0002 84B0     		sub	sp, sp, #16
 408              		.cfi_def_cfa_offset 24
 409 0004 00AF     		add	r7, sp, #0
 410              		.cfi_def_cfa_register 7
 411 0006 0346     		mov	r3, r0
 412 0008 FB71     		strb	r3, [r7, #7]
 186:.\ibuton.c    ****     uint8 i, dato=0;
 413              		.loc 1 186 0
 414 000a 0023     		movs	r3, #0
 415 000c BB73     		strb	r3, [r7, #14]
 187:.\ibuton.c    **** 	if(ibutton==1){
 416              		.loc 1 187 0
 417 000e FB79     		ldrb	r3, [r7, #7]	@ zero_extendqisi2
 418 0010 012B     		cmp	r3, #1
 419 0012 25D1     		bne	.L20
 188:.\ibuton.c    **** 	    for(i=0;i<=7;i++){
 420              		.loc 1 188 0
 421 0014 0023     		movs	r3, #0
 422 0016 FB73     		strb	r3, [r7, #15]
 423 0018 1DE0     		b	.L21
 424              	.L22:
 189:.\ibuton.c    **** 	        IB1_Write(0);    
 425              		.loc 1 189 0 discriminator 3
 426 001a 0020     		movs	r0, #0
 427 001c FFF7FEFF 		bl	IB1_Write
 190:.\ibuton.c    **** 	        CyDelayUs(14);
 428              		.loc 1 190 0 discriminator 3
 429 0020 0E20     		movs	r0, #14
 430 0022 FFF7FEFF 		bl	CyDelayUs
 191:.\ibuton.c    **** 	        IB1_Write(1);
 431              		.loc 1 191 0 discriminator 3
 432 0026 0120     		movs	r0, #1
ARM GAS  C:\Users\RECEPC~1\AppData\Local\Temp\ccUM0Cvl.s 			page 12


 433 0028 FFF7FEFF 		bl	IB1_Write
 192:.\ibuton.c    **** 	        CyDelayUs(7);
 434              		.loc 1 192 0 discriminator 3
 435 002c 0720     		movs	r0, #7
 436 002e FFF7FEFF 		bl	CyDelayUs
 193:.\ibuton.c    **** 	        dato|=(IB1_Read()<<i);
 437              		.loc 1 193 0 discriminator 3
 438 0032 FFF7FEFF 		bl	IB1_Read
 439 0036 0346     		mov	r3, r0
 440 0038 1A46     		mov	r2, r3
 441 003a FB7B     		ldrb	r3, [r7, #15]	@ zero_extendqisi2
 442 003c 02FA03F3 		lsl	r3, r2, r3
 443 0040 DAB2     		uxtb	r2, r3
 444 0042 BB7B     		ldrb	r3, [r7, #14]	@ zero_extendqisi2
 445 0044 1343     		orrs	r3, r3, r2
 446 0046 DBB2     		uxtb	r3, r3
 447 0048 BB73     		strb	r3, [r7, #14]
 194:.\ibuton.c    **** 	        CyDelayUs(100);
 448              		.loc 1 194 0 discriminator 3
 449 004a 6420     		movs	r0, #100
 450 004c FFF7FEFF 		bl	CyDelayUs
 188:.\ibuton.c    **** 	        IB1_Write(0);    
 451              		.loc 1 188 0 discriminator 3
 452 0050 FB7B     		ldrb	r3, [r7, #15]	@ zero_extendqisi2
 453 0052 0133     		adds	r3, r3, #1
 454 0054 FB73     		strb	r3, [r7, #15]
 455              	.L21:
 188:.\ibuton.c    **** 	        IB1_Write(0);    
 456              		.loc 1 188 0 is_stmt 0 discriminator 1
 457 0056 FB7B     		ldrb	r3, [r7, #15]	@ zero_extendqisi2
 458 0058 072B     		cmp	r3, #7
 459 005a DED9     		bls	.L22
 195:.\ibuton.c    **** 	    }
 196:.\ibuton.c    **** 	    return dato;
 460              		.loc 1 196 0 is_stmt 1
 461 005c BB7B     		ldrb	r3, [r7, #14]	@ zero_extendqisi2
 462 005e 24E0     		b	.L23
 463              	.L20:
 197:.\ibuton.c    **** 	}
 198:.\ibuton.c    **** 	else{
 199:.\ibuton.c    **** 	    for(i=0;i<=7;i++){
 464              		.loc 1 199 0
 465 0060 0023     		movs	r3, #0
 466 0062 FB73     		strb	r3, [r7, #15]
 467 0064 1DE0     		b	.L24
 468              	.L25:
 200:.\ibuton.c    **** 	        IB2_Write(0);    
 469              		.loc 1 200 0 discriminator 3
 470 0066 0020     		movs	r0, #0
 471 0068 FFF7FEFF 		bl	IB2_Write
 201:.\ibuton.c    **** 	        CyDelayUs(14);
 472              		.loc 1 201 0 discriminator 3
 473 006c 0E20     		movs	r0, #14
 474 006e FFF7FEFF 		bl	CyDelayUs
 202:.\ibuton.c    **** 	        IB2_Write(1);
 475              		.loc 1 202 0 discriminator 3
 476 0072 0120     		movs	r0, #1
ARM GAS  C:\Users\RECEPC~1\AppData\Local\Temp\ccUM0Cvl.s 			page 13


 477 0074 FFF7FEFF 		bl	IB2_Write
 203:.\ibuton.c    **** 	        CyDelayUs(7);
 478              		.loc 1 203 0 discriminator 3
 479 0078 0720     		movs	r0, #7
 480 007a FFF7FEFF 		bl	CyDelayUs
 204:.\ibuton.c    **** 	        dato|=(IB2_Read()<<i);
 481              		.loc 1 204 0 discriminator 3
 482 007e FFF7FEFF 		bl	IB2_Read
 483 0082 0346     		mov	r3, r0
 484 0084 1A46     		mov	r2, r3
 485 0086 FB7B     		ldrb	r3, [r7, #15]	@ zero_extendqisi2
 486 0088 02FA03F3 		lsl	r3, r2, r3
 487 008c DAB2     		uxtb	r2, r3
 488 008e BB7B     		ldrb	r3, [r7, #14]	@ zero_extendqisi2
 489 0090 1343     		orrs	r3, r3, r2
 490 0092 DBB2     		uxtb	r3, r3
 491 0094 BB73     		strb	r3, [r7, #14]
 205:.\ibuton.c    **** 	        CyDelayUs(100);
 492              		.loc 1 205 0 discriminator 3
 493 0096 6420     		movs	r0, #100
 494 0098 FFF7FEFF 		bl	CyDelayUs
 199:.\ibuton.c    **** 	        IB2_Write(0);    
 495              		.loc 1 199 0 discriminator 3
 496 009c FB7B     		ldrb	r3, [r7, #15]	@ zero_extendqisi2
 497 009e 0133     		adds	r3, r3, #1
 498 00a0 FB73     		strb	r3, [r7, #15]
 499              	.L24:
 199:.\ibuton.c    **** 	        IB2_Write(0);    
 500              		.loc 1 199 0 is_stmt 0 discriminator 1
 501 00a2 FB7B     		ldrb	r3, [r7, #15]	@ zero_extendqisi2
 502 00a4 072B     		cmp	r3, #7
 503 00a6 DED9     		bls	.L25
 206:.\ibuton.c    **** 	    }
 207:.\ibuton.c    **** 	    return dato;	
 504              		.loc 1 207 0 is_stmt 1
 505 00a8 BB7B     		ldrb	r3, [r7, #14]	@ zero_extendqisi2
 506              	.L23:
 208:.\ibuton.c    **** 	}
 209:.\ibuton.c    **** } 
 507              		.loc 1 209 0
 508 00aa 1846     		mov	r0, r3
 509 00ac 1037     		adds	r7, r7, #16
 510              		.cfi_def_cfa_offset 8
 511 00ae BD46     		mov	sp, r7
 512              		.cfi_def_cfa_register 13
 513              		@ sp needed
 514 00b0 80BD     		pop	{r7, pc}
 515              		.cfi_endproc
 516              	.LFE65:
 517              		.size	touch_read_byte, .-touch_read_byte
 518 00b2 00BF     		.section	.text.crc_check,"ax",%progbits
 519              		.align	2
 520              		.global	crc_check
 521              		.thumb
 522              		.thumb_func
 523              		.type	crc_check, %function
 524              	crc_check:
ARM GAS  C:\Users\RECEPC~1\AppData\Local\Temp\ccUM0Cvl.s 			page 14


 525              	.LFB66:
 210:.\ibuton.c    **** 
 211:.\ibuton.c    **** /*
 212:.\ibuton.c    **** ***************************************************************************************************
 213:.\ibuton.c    **** * 							uint8 crc_check(uint8_t crc, uint8_t data)
 214:.\ibuton.c    **** *
 215:.\ibuton.c    **** * Description : 
 216:.\ibuton.c    **** *               
 217:.\ibuton.c    **** *
 218:.\ibuton.c    **** * Argument(s) : none
 219:.\ibuton.c    **** *
 220:.\ibuton.c    **** * Return(s)   : none
 221:.\ibuton.c    **** *
 222:.\ibuton.c    **** * Caller(s)   : 
 223:.\ibuton.c    **** *
 224:.\ibuton.c    **** * Note(s)     : none.
 225:.\ibuton.c    **** ***************************************************************************************************
 226:.\ibuton.c    **** */
 227:.\ibuton.c    **** 
 228:.\ibuton.c    **** uint8 crc_check(uint8 crc, uint8 dato){
 526              		.loc 1 228 0
 527              		.cfi_startproc
 528              		@ args = 0, pretend = 0, frame = 16
 529              		@ frame_needed = 1, uses_anonymous_args = 0
 530              		@ link register save eliminated.
 531 0000 80B4     		push	{r7}
 532              		.cfi_def_cfa_offset 4
 533              		.cfi_offset 7, -4
 534 0002 85B0     		sub	sp, sp, #20
 535              		.cfi_def_cfa_offset 24
 536 0004 00AF     		add	r7, sp, #0
 537              		.cfi_def_cfa_register 7
 538 0006 0346     		mov	r3, r0
 539 0008 0A46     		mov	r2, r1
 540 000a FB71     		strb	r3, [r7, #7]
 541 000c 1346     		mov	r3, r2
 542 000e BB71     		strb	r3, [r7, #6]
 229:.\ibuton.c    ****     uint8 i;
 230:.\ibuton.c    ****     crc = crc ^ dato;
 543              		.loc 1 230 0
 544 0010 FA79     		ldrb	r2, [r7, #7]
 545 0012 BB79     		ldrb	r3, [r7, #6]
 546 0014 5340     		eors	r3, r3, r2
 547 0016 FB71     		strb	r3, [r7, #7]
 231:.\ibuton.c    ****     for (i = 0; i < 8; i++)
 548              		.loc 1 231 0
 549 0018 0023     		movs	r3, #0
 550 001a FB73     		strb	r3, [r7, #15]
 551 001c 12E0     		b	.L27
 552              	.L30:
 232:.\ibuton.c    ****     {
 233:.\ibuton.c    ****         if (crc & 0x01){
 553              		.loc 1 233 0
 554 001e FB79     		ldrb	r3, [r7, #7]	@ zero_extendqisi2
 555 0020 03F00103 		and	r3, r3, #1
 556 0024 002B     		cmp	r3, #0
 557 0026 07D0     		beq	.L28
ARM GAS  C:\Users\RECEPC~1\AppData\Local\Temp\ccUM0Cvl.s 			page 15


 234:.\ibuton.c    ****             crc = (crc >> 1) ^ 0x8C;
 558              		.loc 1 234 0
 559 0028 FB79     		ldrb	r3, [r7, #7]	@ zero_extendqisi2
 560 002a 5B08     		lsrs	r3, r3, #1
 561 002c DBB2     		uxtb	r3, r3
 562 002e 83F07303 		eor	r3, r3, #115
 563 0032 DB43     		mvns	r3, r3
 564 0034 FB71     		strb	r3, [r7, #7]
 565 0036 02E0     		b	.L29
 566              	.L28:
 235:.\ibuton.c    **** 		}	
 236:.\ibuton.c    ****         else{
 237:.\ibuton.c    ****             crc >>= 1;
 567              		.loc 1 237 0
 568 0038 FB79     		ldrb	r3, [r7, #7]	@ zero_extendqisi2
 569 003a 5B08     		lsrs	r3, r3, #1
 570 003c FB71     		strb	r3, [r7, #7]
 571              	.L29:
 231:.\ibuton.c    ****     {
 572              		.loc 1 231 0 discriminator 2
 573 003e FB7B     		ldrb	r3, [r7, #15]	@ zero_extendqisi2
 574 0040 0133     		adds	r3, r3, #1
 575 0042 FB73     		strb	r3, [r7, #15]
 576              	.L27:
 231:.\ibuton.c    ****     {
 577              		.loc 1 231 0 is_stmt 0 discriminator 1
 578 0044 FB7B     		ldrb	r3, [r7, #15]	@ zero_extendqisi2
 579 0046 072B     		cmp	r3, #7
 580 0048 E9D9     		bls	.L30
 238:.\ibuton.c    **** 		}	
 239:.\ibuton.c    ****     }
 240:.\ibuton.c    ****     return crc;
 581              		.loc 1 240 0 is_stmt 1
 582 004a FB79     		ldrb	r3, [r7, #7]	@ zero_extendqisi2
 241:.\ibuton.c    **** }
 583              		.loc 1 241 0
 584 004c 1846     		mov	r0, r3
 585 004e 1437     		adds	r7, r7, #20
 586              		.cfi_def_cfa_offset 4
 587 0050 BD46     		mov	sp, r7
 588              		.cfi_def_cfa_register 13
 589              		@ sp needed
 590 0052 5DF8047B 		ldr	r7, [sp], #4
 591              		.cfi_restore 7
 592              		.cfi_def_cfa_offset 0
 593 0056 7047     		bx	lr
 594              		.cfi_endproc
 595              	.LFE66:
 596              		.size	crc_check, .-crc_check
 597              		.text
 598              	.Letext0:
 599              		.file 2 "c:\\program files (x86)\\cypress\\psoc creator\\3.3\\psoc creator\\import\\gnu\\arm\\4.9.
 600              		.file 3 "c:\\program files (x86)\\cypress\\psoc creator\\3.3\\psoc creator\\import\\gnu\\arm\\4.9.
 601              		.file 4 "Generated_Source\\PSoC5/cytypes.h"
 602              		.file 5 ".\\VariablesG.h"
 603              		.file 6 "Generated_Source\\PSoC5/core_cm3.h"
 604              		.section	.debug_info,"",%progbits
ARM GAS  C:\Users\RECEPC~1\AppData\Local\Temp\ccUM0Cvl.s 			page 16


 605              	.Ldebug_info0:
 606 0000 BB080000 		.4byte	0x8bb
 607 0004 0400     		.2byte	0x4
 608 0006 00000000 		.4byte	.Ldebug_abbrev0
 609 000a 04       		.byte	0x4
 610 000b 01       		.uleb128 0x1
 611 000c 42010000 		.4byte	.LASF103
 612 0010 01       		.byte	0x1
 613 0011 D9010000 		.4byte	.LASF104
 614 0015 62030000 		.4byte	.LASF105
 615 0019 00000000 		.4byte	.Ldebug_ranges0+0
 616 001d 00000000 		.4byte	0
 617 0021 00000000 		.4byte	.Ldebug_line0
 618 0025 02       		.uleb128 0x2
 619 0026 01       		.byte	0x1
 620 0027 06       		.byte	0x6
 621 0028 4D000000 		.4byte	.LASF0
 622 002c 02       		.uleb128 0x2
 623 002d 01       		.byte	0x1
 624 002e 08       		.byte	0x8
 625 002f 1A020000 		.4byte	.LASF1
 626 0033 02       		.uleb128 0x2
 627 0034 02       		.byte	0x2
 628 0035 05       		.byte	0x5
 629 0036 6E000000 		.4byte	.LASF2
 630 003a 02       		.uleb128 0x2
 631 003b 02       		.byte	0x2
 632 003c 07       		.byte	0x7
 633 003d F0020000 		.4byte	.LASF3
 634 0041 03       		.uleb128 0x3
 635 0042 4C030000 		.4byte	.LASF9
 636 0046 02       		.byte	0x2
 637 0047 3F       		.byte	0x3f
 638 0048 4C000000 		.4byte	0x4c
 639 004c 02       		.uleb128 0x2
 640 004d 04       		.byte	0x4
 641 004e 05       		.byte	0x5
 642 004f 7D040000 		.4byte	.LASF4
 643 0053 02       		.uleb128 0x2
 644 0054 04       		.byte	0x4
 645 0055 07       		.byte	0x7
 646 0056 D4030000 		.4byte	.LASF5
 647 005a 02       		.uleb128 0x2
 648 005b 08       		.byte	0x8
 649 005c 05       		.byte	0x5
 650 005d 34010000 		.4byte	.LASF6
 651 0061 02       		.uleb128 0x2
 652 0062 08       		.byte	0x8
 653 0063 07       		.byte	0x7
 654 0064 5D020000 		.4byte	.LASF7
 655 0068 04       		.uleb128 0x4
 656 0069 04       		.byte	0x4
 657 006a 05       		.byte	0x5
 658 006b 696E7400 		.ascii	"int\000"
 659 006f 02       		.uleb128 0x2
 660 0070 04       		.byte	0x4
 661 0071 07       		.byte	0x7
ARM GAS  C:\Users\RECEPC~1\AppData\Local\Temp\ccUM0Cvl.s 			page 17


 662 0072 98020000 		.4byte	.LASF8
 663 0076 03       		.uleb128 0x3
 664 0077 FF000000 		.4byte	.LASF10
 665 007b 03       		.byte	0x3
 666 007c 2C       		.byte	0x2c
 667 007d 41000000 		.4byte	0x41
 668 0081 03       		.uleb128 0x3
 669 0082 14020000 		.4byte	.LASF11
 670 0086 04       		.byte	0x4
 671 0087 B3       		.byte	0xb3
 672 0088 2C000000 		.4byte	0x2c
 673 008c 03       		.uleb128 0x3
 674 008d E7000000 		.4byte	.LASF12
 675 0091 04       		.byte	0x4
 676 0092 B4       		.byte	0xb4
 677 0093 3A000000 		.4byte	0x3a
 678 0097 02       		.uleb128 0x2
 679 0098 04       		.byte	0x4
 680 0099 04       		.byte	0x4
 681 009a 22010000 		.4byte	.LASF13
 682 009e 02       		.uleb128 0x2
 683 009f 08       		.byte	0x8
 684 00a0 04       		.byte	0x4
 685 00a1 60040000 		.4byte	.LASF14
 686 00a5 02       		.uleb128 0x2
 687 00a6 01       		.byte	0x1
 688 00a7 08       		.byte	0x8
 689 00a8 19030000 		.4byte	.LASF15
 690 00ac 05       		.uleb128 0x5
 691 00ad 81000000 		.4byte	0x81
 692 00b1 05       		.uleb128 0x5
 693 00b2 8C000000 		.4byte	0x8c
 694 00b6 02       		.uleb128 0x2
 695 00b7 04       		.byte	0x4
 696 00b8 07       		.byte	0x7
 697 00b9 D0010000 		.4byte	.LASF16
 698 00bd 06       		.uleb128 0x6
 699 00be 81000000 		.4byte	0x81
 700 00c2 CD000000 		.4byte	0xcd
 701 00c6 07       		.uleb128 0x7
 702 00c7 B6000000 		.4byte	0xb6
 703 00cb 03       		.byte	0x3
 704 00cc 00       		.byte	0
 705 00cd 08       		.uleb128 0x8
 706 00ce 13010000 		.4byte	.LASF21
 707 00d2 5D       		.byte	0x5d
 708 00d3 05       		.byte	0x5
 709 00d4 5C       		.byte	0x5c
 710 00d5 22010000 		.4byte	0x122
 711 00d9 09       		.uleb128 0x9
 712 00da 64697200 		.ascii	"dir\000"
 713 00de 05       		.byte	0x5
 714 00df 5D       		.byte	0x5d
 715 00e0 AC000000 		.4byte	0xac
 716 00e4 00       		.byte	0
 717 00e5 0A       		.uleb128 0xa
 718 00e6 86040000 		.4byte	.LASF17
ARM GAS  C:\Users\RECEPC~1\AppData\Local\Temp\ccUM0Cvl.s 			page 18


 719 00ea 05       		.byte	0x5
 720 00eb 5E       		.byte	0x5e
 721 00ec AC000000 		.4byte	0xac
 722 00f0 01       		.byte	0x1
 723 00f1 0A       		.uleb128 0xa
 724 00f2 EF010000 		.4byte	.LASF18
 725 00f6 05       		.byte	0x5
 726 00f7 5F       		.byte	0x5f
 727 00f8 38010000 		.4byte	0x138
 728 00fc 02       		.byte	0x2
 729 00fd 09       		.uleb128 0x9
 730 00fe 70707500 		.ascii	"ppu\000"
 731 0102 05       		.byte	0x5
 732 0103 60       		.byte	0x60
 733 0104 53010000 		.4byte	0x153
 734 0108 4A       		.byte	0x4a
 735 0109 0A       		.uleb128 0xa
 736 010a 03030000 		.4byte	.LASF19
 737 010e 05       		.byte	0x5
 738 010f 61       		.byte	0x61
 739 0110 6E010000 		.4byte	0x16e
 740 0114 59       		.byte	0x59
 741 0115 0A       		.uleb128 0xa
 742 0116 B0030000 		.4byte	.LASF20
 743 011a 05       		.byte	0x5
 744 011b 62       		.byte	0x62
 745 011c AC000000 		.4byte	0xac
 746 0120 5C       		.byte	0x5c
 747 0121 00       		.byte	0
 748 0122 06       		.uleb128 0x6
 749 0123 81000000 		.4byte	0x81
 750 0127 38010000 		.4byte	0x138
 751 012b 07       		.uleb128 0x7
 752 012c B6000000 		.4byte	0xb6
 753 0130 02       		.byte	0x2
 754 0131 07       		.uleb128 0x7
 755 0132 B6000000 		.4byte	0xb6
 756 0136 17       		.byte	0x17
 757 0137 00       		.byte	0
 758 0138 05       		.uleb128 0x5
 759 0139 22010000 		.4byte	0x122
 760 013d 06       		.uleb128 0x6
 761 013e 81000000 		.4byte	0x81
 762 0142 53010000 		.4byte	0x153
 763 0146 07       		.uleb128 0x7
 764 0147 B6000000 		.4byte	0xb6
 765 014b 02       		.byte	0x2
 766 014c 07       		.uleb128 0x7
 767 014d B6000000 		.4byte	0xb6
 768 0151 04       		.byte	0x4
 769 0152 00       		.byte	0
 770 0153 05       		.uleb128 0x5
 771 0154 3D010000 		.4byte	0x13d
 772 0158 06       		.uleb128 0x6
 773 0159 81000000 		.4byte	0x81
 774 015d 6E010000 		.4byte	0x16e
 775 0161 07       		.uleb128 0x7
ARM GAS  C:\Users\RECEPC~1\AppData\Local\Temp\ccUM0Cvl.s 			page 19


 776 0162 B6000000 		.4byte	0xb6
 777 0166 02       		.byte	0x2
 778 0167 07       		.uleb128 0x7
 779 0168 B6000000 		.4byte	0xb6
 780 016c 00       		.byte	0
 781 016d 00       		.byte	0
 782 016e 05       		.uleb128 0x5
 783 016f 58010000 		.4byte	0x158
 784 0173 08       		.uleb128 0x8
 785 0174 E6030000 		.4byte	.LASF22
 786 0178 61       		.byte	0x61
 787 0179 05       		.byte	0x5
 788 017a 75       		.byte	0x75
 789 017b 4A020000 		.4byte	0x24a
 790 017f 0A       		.uleb128 0xa
 791 0180 28020000 		.4byte	.LASF23
 792 0184 05       		.byte	0x5
 793 0185 76       		.byte	0x76
 794 0186 81000000 		.4byte	0x81
 795 018a 00       		.byte	0
 796 018b 0A       		.uleb128 0xa
 797 018c 03030000 		.4byte	.LASF19
 798 0190 05       		.byte	0x5
 799 0191 77       		.byte	0x77
 800 0192 81000000 		.4byte	0x81
 801 0196 01       		.byte	0x1
 802 0197 09       		.uleb128 0x9
 803 0198 70707500 		.ascii	"ppu\000"
 804 019c 05       		.byte	0x5
 805 019d 78       		.byte	0x78
 806 019e 4A020000 		.4byte	0x24a
 807 01a2 02       		.byte	0x2
 808 01a3 0A       		.uleb128 0xa
 809 01a4 99000000 		.4byte	.LASF24
 810 01a8 05       		.byte	0x5
 811 01a9 79       		.byte	0x79
 812 01aa 5A020000 		.4byte	0x25a
 813 01ae 07       		.byte	0x7
 814 01af 0A       		.uleb128 0xa
 815 01b0 39020000 		.4byte	.LASF25
 816 01b4 05       		.byte	0x5
 817 01b5 7A       		.byte	0x7a
 818 01b6 5A020000 		.4byte	0x25a
 819 01ba 10       		.byte	0x10
 820 01bb 0A       		.uleb128 0xa
 821 01bc CF020000 		.4byte	.LASF26
 822 01c0 05       		.byte	0x5
 823 01c1 7B       		.byte	0x7b
 824 01c2 81000000 		.4byte	0x81
 825 01c6 19       		.byte	0x19
 826 01c7 0A       		.uleb128 0xa
 827 01c8 65000000 		.4byte	.LASF27
 828 01cc 05       		.byte	0x5
 829 01cd 7C       		.byte	0x7c
 830 01ce 81000000 		.4byte	0x81
 831 01d2 1A       		.byte	0x1a
 832 01d3 0A       		.uleb128 0xa
ARM GAS  C:\Users\RECEPC~1\AppData\Local\Temp\ccUM0Cvl.s 			page 20


 833 01d4 09040000 		.4byte	.LASF28
 834 01d8 05       		.byte	0x5
 835 01d9 7D       		.byte	0x7d
 836 01da 6A020000 		.4byte	0x26a
 837 01de 1B       		.byte	0x1b
 838 01df 09       		.uleb128 0x9
 839 01e0 696400   		.ascii	"id\000"
 840 01e3 05       		.byte	0x5
 841 01e4 7E       		.byte	0x7e
 842 01e5 7A020000 		.4byte	0x27a
 843 01e9 23       		.byte	0x23
 844 01ea 09       		.uleb128 0x9
 845 01eb 6B6D00   		.ascii	"km\000"
 846 01ee 05       		.byte	0x5
 847 01ef 7F       		.byte	0x7f
 848 01f0 8A020000 		.4byte	0x28a
 849 01f4 33       		.byte	0x33
 850 01f5 0A       		.uleb128 0xa
 851 01f6 5A040000 		.4byte	.LASF29
 852 01fa 05       		.byte	0x5
 853 01fb 80       		.byte	0x80
 854 01fc 5A020000 		.4byte	0x25a
 855 0200 3E       		.byte	0x3e
 856 0201 0A       		.uleb128 0xa
 857 0202 DE000000 		.4byte	.LASF30
 858 0206 05       		.byte	0x5
 859 0207 81       		.byte	0x81
 860 0208 81000000 		.4byte	0x81
 861 020c 47       		.byte	0x47
 862 020d 0A       		.uleb128 0xa
 863 020e 4F040000 		.4byte	.LASF31
 864 0212 05       		.byte	0x5
 865 0213 82       		.byte	0x82
 866 0214 81000000 		.4byte	0x81
 867 0218 48       		.byte	0x48
 868 0219 0A       		.uleb128 0xa
 869 021a 92000000 		.4byte	.LASF32
 870 021e 05       		.byte	0x5
 871 021f 83       		.byte	0x83
 872 0220 8A020000 		.4byte	0x28a
 873 0224 49       		.byte	0x49
 874 0225 0A       		.uleb128 0xa
 875 0226 C1000000 		.4byte	.LASF33
 876 022a 05       		.byte	0x5
 877 022b 84       		.byte	0x84
 878 022c 8A020000 		.4byte	0x28a
 879 0230 54       		.byte	0x54
 880 0231 0A       		.uleb128 0xa
 881 0232 CA000000 		.4byte	.LASF34
 882 0236 05       		.byte	0x5
 883 0237 85       		.byte	0x85
 884 0238 81000000 		.4byte	0x81
 885 023c 5F       		.byte	0x5f
 886 023d 0A       		.uleb128 0xa
 887 023e 8D020000 		.4byte	.LASF35
 888 0242 05       		.byte	0x5
 889 0243 86       		.byte	0x86
ARM GAS  C:\Users\RECEPC~1\AppData\Local\Temp\ccUM0Cvl.s 			page 21


 890 0244 81000000 		.4byte	0x81
 891 0248 60       		.byte	0x60
 892 0249 00       		.byte	0
 893 024a 06       		.uleb128 0x6
 894 024b 81000000 		.4byte	0x81
 895 024f 5A020000 		.4byte	0x25a
 896 0253 07       		.uleb128 0x7
 897 0254 B6000000 		.4byte	0xb6
 898 0258 04       		.byte	0x4
 899 0259 00       		.byte	0
 900 025a 06       		.uleb128 0x6
 901 025b 81000000 		.4byte	0x81
 902 025f 6A020000 		.4byte	0x26a
 903 0263 07       		.uleb128 0x7
 904 0264 B6000000 		.4byte	0xb6
 905 0268 08       		.byte	0x8
 906 0269 00       		.byte	0
 907 026a 06       		.uleb128 0x6
 908 026b 81000000 		.4byte	0x81
 909 026f 7A020000 		.4byte	0x27a
 910 0273 07       		.uleb128 0x7
 911 0274 B6000000 		.4byte	0xb6
 912 0278 07       		.byte	0x7
 913 0279 00       		.byte	0
 914 027a 06       		.uleb128 0x6
 915 027b 81000000 		.4byte	0x81
 916 027f 8A020000 		.4byte	0x28a
 917 0283 07       		.uleb128 0x7
 918 0284 B6000000 		.4byte	0xb6
 919 0288 0F       		.byte	0xf
 920 0289 00       		.byte	0
 921 028a 06       		.uleb128 0x6
 922 028b 81000000 		.4byte	0x81
 923 028f 9A020000 		.4byte	0x29a
 924 0293 07       		.uleb128 0x7
 925 0294 B6000000 		.4byte	0xb6
 926 0298 0A       		.byte	0xa
 927 0299 00       		.byte	0
 928 029a 0B       		.uleb128 0xb
 929 029b B0020000 		.4byte	.LASF36
 930 029f 01       		.byte	0x1
 931 02a0 37       		.byte	0x37
 932 02a1 81000000 		.4byte	0x81
 933 02a5 00000000 		.4byte	.LFB63
 934 02a9 BE000000 		.4byte	.LFE63-.LFB63
 935 02ad 01       		.uleb128 0x1
 936 02ae 9C       		.byte	0x9c
 937 02af D0020000 		.4byte	0x2d0
 938 02b3 0C       		.uleb128 0xc
 939 02b4 31020000 		.4byte	.LASF38
 940 02b8 01       		.byte	0x1
 941 02b9 37       		.byte	0x37
 942 02ba 81000000 		.4byte	0x81
 943 02be 02       		.uleb128 0x2
 944 02bf 91       		.byte	0x91
 945 02c0 6F       		.sleb128 -17
 946 02c1 0D       		.uleb128 0xd
ARM GAS  C:\Users\RECEPC~1\AppData\Local\Temp\ccUM0Cvl.s 			page 22


 947 02c2 41040000 		.4byte	.LASF40
 948 02c6 01       		.byte	0x1
 949 02c7 38       		.byte	0x38
 950 02c8 81000000 		.4byte	0x81
 951 02cc 02       		.uleb128 0x2
 952 02cd 91       		.byte	0x91
 953 02ce 77       		.sleb128 -9
 954 02cf 00       		.byte	0
 955 02d0 0B       		.uleb128 0xb
 956 02d1 0C000000 		.4byte	.LASF37
 957 02d5 01       		.byte	0x1
 958 02d6 74       		.byte	0x74
 959 02d7 81000000 		.4byte	0x81
 960 02db 00000000 		.4byte	.LFB64
 961 02df 0C010000 		.4byte	.LFE64-.LFB64
 962 02e3 01       		.uleb128 0x1
 963 02e4 9C       		.byte	0x9c
 964 02e5 12030000 		.4byte	0x312
 965 02e9 0C       		.uleb128 0xc
 966 02ea 31020000 		.4byte	.LASF38
 967 02ee 01       		.byte	0x1
 968 02ef 74       		.byte	0x74
 969 02f0 81000000 		.4byte	0x81
 970 02f4 02       		.uleb128 0x2
 971 02f5 91       		.byte	0x91
 972 02f6 6F       		.sleb128 -17
 973 02f7 0C       		.uleb128 0xc
 974 02f8 F7030000 		.4byte	.LASF39
 975 02fc 01       		.byte	0x1
 976 02fd 74       		.byte	0x74
 977 02fe 81000000 		.4byte	0x81
 978 0302 02       		.uleb128 0x2
 979 0303 91       		.byte	0x91
 980 0304 6E       		.sleb128 -18
 981 0305 0E       		.uleb128 0xe
 982 0306 6900     		.ascii	"i\000"
 983 0308 01       		.byte	0x1
 984 0309 75       		.byte	0x75
 985 030a 81000000 		.4byte	0x81
 986 030e 02       		.uleb128 0x2
 987 030f 91       		.byte	0x91
 988 0310 77       		.sleb128 -9
 989 0311 00       		.byte	0
 990 0312 0B       		.uleb128 0xb
 991 0313 BA030000 		.4byte	.LASF41
 992 0317 01       		.byte	0x1
 993 0318 B9       		.byte	0xb9
 994 0319 81000000 		.4byte	0x81
 995 031d 00000000 		.4byte	.LFB65
 996 0321 B2000000 		.4byte	.LFE65-.LFB65
 997 0325 01       		.uleb128 0x1
 998 0326 9C       		.byte	0x9c
 999 0327 54030000 		.4byte	0x354
 1000 032b 0C       		.uleb128 0xc
 1001 032c 31020000 		.4byte	.LASF38
 1002 0330 01       		.byte	0x1
 1003 0331 B9       		.byte	0xb9
ARM GAS  C:\Users\RECEPC~1\AppData\Local\Temp\ccUM0Cvl.s 			page 23


 1004 0332 81000000 		.4byte	0x81
 1005 0336 02       		.uleb128 0x2
 1006 0337 91       		.byte	0x91
 1007 0338 6F       		.sleb128 -17
 1008 0339 0E       		.uleb128 0xe
 1009 033a 6900     		.ascii	"i\000"
 1010 033c 01       		.byte	0x1
 1011 033d BA       		.byte	0xba
 1012 033e 81000000 		.4byte	0x81
 1013 0342 02       		.uleb128 0x2
 1014 0343 91       		.byte	0x91
 1015 0344 77       		.sleb128 -9
 1016 0345 0D       		.uleb128 0xd
 1017 0346 F7030000 		.4byte	.LASF39
 1018 034a 01       		.byte	0x1
 1019 034b BA       		.byte	0xba
 1020 034c 81000000 		.4byte	0x81
 1021 0350 02       		.uleb128 0x2
 1022 0351 91       		.byte	0x91
 1023 0352 76       		.sleb128 -10
 1024 0353 00       		.byte	0
 1025 0354 0F       		.uleb128 0xf
 1026 0355 F5000000 		.4byte	.LASF42
 1027 0359 01       		.byte	0x1
 1028 035a E4       		.byte	0xe4
 1029 035b 81000000 		.4byte	0x81
 1030 035f 00000000 		.4byte	.LFB66
 1031 0363 58000000 		.4byte	.LFE66-.LFB66
 1032 0367 01       		.uleb128 0x1
 1033 0368 9C       		.byte	0x9c
 1034 0369 96030000 		.4byte	0x396
 1035 036d 10       		.uleb128 0x10
 1036 036e 63726300 		.ascii	"crc\000"
 1037 0372 01       		.byte	0x1
 1038 0373 E4       		.byte	0xe4
 1039 0374 81000000 		.4byte	0x81
 1040 0378 02       		.uleb128 0x2
 1041 0379 91       		.byte	0x91
 1042 037a 6F       		.sleb128 -17
 1043 037b 0C       		.uleb128 0xc
 1044 037c F7030000 		.4byte	.LASF39
 1045 0380 01       		.byte	0x1
 1046 0381 E4       		.byte	0xe4
 1047 0382 81000000 		.4byte	0x81
 1048 0386 02       		.uleb128 0x2
 1049 0387 91       		.byte	0x91
 1050 0388 6E       		.sleb128 -18
 1051 0389 0E       		.uleb128 0xe
 1052 038a 6900     		.ascii	"i\000"
 1053 038c 01       		.byte	0x1
 1054 038d E5       		.byte	0xe5
 1055 038e 81000000 		.4byte	0x81
 1056 0392 02       		.uleb128 0x2
 1057 0393 91       		.byte	0x91
 1058 0394 77       		.sleb128 -9
 1059 0395 00       		.byte	0
 1060 0396 11       		.uleb128 0x11
ARM GAS  C:\Users\RECEPC~1\AppData\Local\Temp\ccUM0Cvl.s 			page 24


 1061 0397 FC030000 		.4byte	.LASF43
 1062 039b 06       		.byte	0x6
 1063 039c 2A06     		.2byte	0x62a
 1064 039e A2030000 		.4byte	0x3a2
 1065 03a2 05       		.uleb128 0x5
 1066 03a3 76000000 		.4byte	0x76
 1067 03a7 12       		.uleb128 0x12
 1068 03a8 3E030000 		.4byte	.LASF44
 1069 03ac 05       		.byte	0x5
 1070 03ad 4A       		.byte	0x4a
 1071 03ae AC000000 		.4byte	0xac
 1072 03b2 05       		.uleb128 0x5
 1073 03b3 03       		.byte	0x3
 1074 03b4 00000000 		.4byte	count_teclas1
 1075 03b8 12       		.uleb128 0x12
 1076 03b9 98040000 		.4byte	.LASF45
 1077 03bd 05       		.byte	0x5
 1078 03be 4A       		.byte	0x4a
 1079 03bf AC000000 		.4byte	0xac
 1080 03c3 05       		.uleb128 0x5
 1081 03c4 03       		.byte	0x3
 1082 03c5 00000000 		.4byte	comas1
 1083 03c9 12       		.uleb128 0x12
 1084 03ca 9F040000 		.4byte	.LASF46
 1085 03ce 05       		.byte	0x5
 1086 03cf 4A       		.byte	0x4a
 1087 03d0 AC000000 		.4byte	0xac
 1088 03d4 05       		.uleb128 0x5
 1089 03d5 03       		.byte	0x3
 1090 03d6 00000000 		.4byte	comas2
 1091 03da 12       		.uleb128 0x12
 1092 03db 10040000 		.4byte	.LASF47
 1093 03df 05       		.byte	0x5
 1094 03e0 4A       		.byte	0x4a
 1095 03e1 AC000000 		.4byte	0xac
 1096 03e5 05       		.uleb128 0x5
 1097 03e6 03       		.byte	0x3
 1098 03e7 00000000 		.4byte	id_coma1
 1099 03eb 12       		.uleb128 0x12
 1100 03ec 22040000 		.4byte	.LASF48
 1101 03f0 05       		.byte	0x5
 1102 03f1 4A       		.byte	0x4a
 1103 03f2 AC000000 		.4byte	0xac
 1104 03f6 05       		.uleb128 0x5
 1105 03f7 03       		.byte	0x3
 1106 03f8 00000000 		.4byte	id_teclado1
 1107 03fc 12       		.uleb128 0x12
 1108 03fd 24000000 		.4byte	.LASF49
 1109 0401 05       		.byte	0x5
 1110 0402 4A       		.byte	0x4a
 1111 0403 AC000000 		.4byte	0xac
 1112 0407 05       		.uleb128 0x5
 1113 0408 03       		.byte	0x3
 1114 0409 00000000 		.4byte	count_teclas2
 1115 040d 12       		.uleb128 0x12
 1116 040e 19040000 		.4byte	.LASF50
 1117 0412 05       		.byte	0x5
ARM GAS  C:\Users\RECEPC~1\AppData\Local\Temp\ccUM0Cvl.s 			page 25


 1118 0413 4A       		.byte	0x4a
 1119 0414 AC000000 		.4byte	0xac
 1120 0418 05       		.uleb128 0x5
 1121 0419 03       		.byte	0x3
 1122 041a 00000000 		.4byte	id_coma2
 1123 041e 12       		.uleb128 0x12
 1124 041f 2E040000 		.4byte	.LASF51
 1125 0423 05       		.byte	0x5
 1126 0424 4A       		.byte	0x4a
 1127 0425 AC000000 		.4byte	0xac
 1128 0429 05       		.uleb128 0x5
 1129 042a 03       		.byte	0x3
 1130 042b 00000000 		.4byte	id_teclado2
 1131 042f 12       		.uleb128 0x12
 1132 0430 00000000 		.4byte	.LASF52
 1133 0434 05       		.byte	0x5
 1134 0435 4B       		.byte	0x4b
 1135 0436 B1000000 		.4byte	0xb1
 1136 043a 05       		.uleb128 0x5
 1137 043b 03       		.byte	0x3
 1138 043c 00000000 		.4byte	posx1
 1139 0440 12       		.uleb128 0x12
 1140 0441 07010000 		.4byte	.LASF53
 1141 0445 05       		.byte	0x5
 1142 0446 4B       		.byte	0x4b
 1143 0447 B1000000 		.4byte	0xb1
 1144 044b 05       		.uleb128 0x5
 1145 044c 03       		.byte	0x3
 1146 044d 00000000 		.4byte	posy1
 1147 0451 12       		.uleb128 0x12
 1148 0452 A5020000 		.4byte	.LASF54
 1149 0456 05       		.byte	0x5
 1150 0457 4B       		.byte	0x4b
 1151 0458 B1000000 		.4byte	0xb1
 1152 045c 05       		.uleb128 0x5
 1153 045d 03       		.byte	0x3
 1154 045e 00000000 		.4byte	sizeletra1
 1155 0462 12       		.uleb128 0x12
 1156 0463 06000000 		.4byte	.LASF55
 1157 0467 05       		.byte	0x5
 1158 0468 4B       		.byte	0x4b
 1159 0469 B1000000 		.4byte	0xb1
 1160 046d 05       		.uleb128 0x5
 1161 046e 03       		.byte	0x3
 1162 046f 00000000 		.4byte	posx2
 1163 0473 12       		.uleb128 0x12
 1164 0474 0D010000 		.4byte	.LASF56
 1165 0478 05       		.byte	0x5
 1166 0479 4B       		.byte	0x4b
 1167 047a B1000000 		.4byte	0xb1
 1168 047e 05       		.uleb128 0x5
 1169 047f 03       		.byte	0x3
 1170 0480 00000000 		.4byte	posy2
 1171 0484 12       		.uleb128 0x12
 1172 0485 8D040000 		.4byte	.LASF57
 1173 0489 05       		.byte	0x5
 1174 048a 4B       		.byte	0x4b
ARM GAS  C:\Users\RECEPC~1\AppData\Local\Temp\ccUM0Cvl.s 			page 26


 1175 048b B1000000 		.4byte	0xb1
 1176 048f 05       		.uleb128 0x5
 1177 0490 03       		.byte	0x3
 1178 0491 00000000 		.4byte	sizeletra2
 1179 0495 12       		.uleb128 0x12
 1180 0496 09030000 		.4byte	.LASF58
 1181 049a 05       		.byte	0x5
 1182 049b 4C       		.byte	0x4c
 1183 049c AC000000 		.4byte	0xac
 1184 04a0 05       		.uleb128 0x5
 1185 04a1 03       		.byte	0x3
 1186 04a2 00000000 		.4byte	teclas1
 1187 04a6 12       		.uleb128 0x12
 1188 04a7 11030000 		.4byte	.LASF59
 1189 04ab 05       		.byte	0x5
 1190 04ac 4C       		.byte	0x4c
 1191 04ad AC000000 		.4byte	0xac
 1192 04b1 05       		.uleb128 0x5
 1193 04b2 03       		.byte	0x3
 1194 04b3 00000000 		.4byte	teclas2
 1195 04b7 12       		.uleb128 0x12
 1196 04b8 A0000000 		.4byte	.LASF60
 1197 04bc 05       		.byte	0x5
 1198 04bd 4D       		.byte	0x4d
 1199 04be AC000000 		.4byte	0xac
 1200 04c2 05       		.uleb128 0x5
 1201 04c3 03       		.byte	0x3
 1202 04c4 00000000 		.4byte	flujo_LCD1
 1203 04c8 12       		.uleb128 0x12
 1204 04c9 AB000000 		.4byte	.LASF61
 1205 04cd 05       		.byte	0x5
 1206 04ce 4D       		.byte	0x4d
 1207 04cf AC000000 		.4byte	0xac
 1208 04d3 05       		.uleb128 0x5
 1209 04d4 03       		.byte	0x3
 1210 04d5 00000000 		.4byte	flujo_LCD2
 1211 04d9 12       		.uleb128 0x12
 1212 04da B6000000 		.4byte	.LASF62
 1213 04de 05       		.byte	0x5
 1214 04df 4D       		.byte	0x4d
 1215 04e0 AC000000 		.4byte	0xac
 1216 04e4 05       		.uleb128 0x5
 1217 04e5 03       		.byte	0x3
 1218 04e6 00000000 		.4byte	flujo_LCD3
 1219 04ea 12       		.uleb128 0x12
 1220 04eb E4010000 		.4byte	.LASF63
 1221 04ef 05       		.byte	0x5
 1222 04f0 4D       		.byte	0x4d
 1223 04f1 AC000000 		.4byte	0xac
 1224 04f5 05       		.uleb128 0x5
 1225 04f6 03       		.byte	0x3
 1226 04f7 00000000 		.4byte	flujo_LCD4
 1227 04fb 06       		.uleb128 0x6
 1228 04fc 81000000 		.4byte	0x81
 1229 0500 0B050000 		.4byte	0x50b
 1230 0504 07       		.uleb128 0x7
 1231 0505 B6000000 		.4byte	0xb6
ARM GAS  C:\Users\RECEPC~1\AppData\Local\Temp\ccUM0Cvl.s 			page 27


 1232 0509 1D       		.byte	0x1d
 1233 050a 00       		.byte	0
 1234 050b 12       		.uleb128 0x12
 1235 050c D8020000 		.4byte	.LASF64
 1236 0510 05       		.byte	0x5
 1237 0511 4E       		.byte	0x4e
 1238 0512 1C050000 		.4byte	0x51c
 1239 0516 05       		.uleb128 0x5
 1240 0517 03       		.byte	0x3
 1241 0518 00000000 		.4byte	Buffer_LCD1
 1242 051c 05       		.uleb128 0x5
 1243 051d FB040000 		.4byte	0x4fb
 1244 0521 12       		.uleb128 0x12
 1245 0522 E4020000 		.4byte	.LASF65
 1246 0526 05       		.byte	0x5
 1247 0527 4F       		.byte	0x4f
 1248 0528 32050000 		.4byte	0x532
 1249 052c 05       		.uleb128 0x5
 1250 052d 03       		.byte	0x3
 1251 052e 00000000 		.4byte	Buffer_LCD2
 1252 0532 05       		.uleb128 0x5
 1253 0533 FB040000 		.4byte	0x4fb
 1254 0537 12       		.uleb128 0x12
 1255 0538 78000000 		.4byte	.LASF66
 1256 053c 05       		.byte	0x5
 1257 053d 50       		.byte	0x50
 1258 053e AC000000 		.4byte	0xac
 1259 0542 05       		.uleb128 0x5
 1260 0543 03       		.byte	0x3
 1261 0544 00000000 		.4byte	count_protector
 1262 0548 12       		.uleb128 0x12
 1263 0549 03020000 		.4byte	.LASF67
 1264 054d 05       		.byte	0x5
 1265 054e 50       		.byte	0x50
 1266 054f AC000000 		.4byte	0xac
 1267 0553 05       		.uleb128 0x5
 1268 0554 03       		.byte	0x3
 1269 0555 00000000 		.4byte	count_protector2
 1270 0559 12       		.uleb128 0x12
 1271 055a 70040000 		.4byte	.LASF68
 1272 055e 05       		.byte	0x5
 1273 055f 51       		.byte	0x51
 1274 0560 6A050000 		.4byte	0x56a
 1275 0564 05       		.uleb128 0x5
 1276 0565 03       		.byte	0x3
 1277 0566 00000000 		.4byte	password_lcd
 1278 056a 05       		.uleb128 0x5
 1279 056b 5A020000 		.4byte	0x25a
 1280 056f 12       		.uleb128 0x12
 1281 0570 41020000 		.4byte	.LASF69
 1282 0574 05       		.byte	0x5
 1283 0575 52       		.byte	0x52
 1284 0576 B1000000 		.4byte	0xb1
 1285 057a 05       		.uleb128 0x5
 1286 057b 03       		.byte	0x3
 1287 057c 00000000 		.4byte	imagen_grado1
 1288 0580 12       		.uleb128 0x12
ARM GAS  C:\Users\RECEPC~1\AppData\Local\Temp\ccUM0Cvl.s 			page 28


 1289 0581 4F020000 		.4byte	.LASF70
 1290 0585 05       		.byte	0x5
 1291 0586 52       		.byte	0x52
 1292 0587 B1000000 		.4byte	0xb1
 1293 058b 05       		.uleb128 0x5
 1294 058c 03       		.byte	0x3
 1295 058d 00000000 		.4byte	imagen_grado2
 1296 0591 12       		.uleb128 0x12
 1297 0592 A6040000 		.4byte	.LASF71
 1298 0596 05       		.byte	0x5
 1299 0597 52       		.byte	0x52
 1300 0598 B1000000 		.4byte	0xb1
 1301 059c 05       		.uleb128 0x5
 1302 059d 03       		.byte	0x3
 1303 059e 00000000 		.4byte	imagen_grado3
 1304 05a2 12       		.uleb128 0x12
 1305 05a3 74020000 		.4byte	.LASF72
 1306 05a7 05       		.byte	0x5
 1307 05a8 52       		.byte	0x52
 1308 05a9 B1000000 		.4byte	0xb1
 1309 05ad 05       		.uleb128 0x5
 1310 05ae 03       		.byte	0x3
 1311 05af 00000000 		.4byte	imagen_grado4
 1312 05b3 06       		.uleb128 0x6
 1313 05b4 8C000000 		.4byte	0x8c
 1314 05b8 C9050000 		.4byte	0x5c9
 1315 05bc 07       		.uleb128 0x7
 1316 05bd B6000000 		.4byte	0xb6
 1317 05c1 03       		.byte	0x3
 1318 05c2 07       		.uleb128 0x7
 1319 05c3 B6000000 		.4byte	0xb6
 1320 05c7 01       		.byte	0x1
 1321 05c8 00       		.byte	0
 1322 05c9 12       		.uleb128 0x12
 1323 05ca 88000000 		.4byte	.LASF73
 1324 05ce 05       		.byte	0x5
 1325 05cf 53       		.byte	0x53
 1326 05d0 DA050000 		.4byte	0x5da
 1327 05d4 05       		.uleb128 0x5
 1328 05d5 03       		.byte	0x3
 1329 05d6 00000000 		.4byte	prox_caso
 1330 05da 05       		.uleb128 0x5
 1331 05db B3050000 		.4byte	0x5b3
 1332 05df 06       		.uleb128 0x6
 1333 05e0 81000000 		.4byte	0x81
 1334 05e4 EF050000 		.4byte	0x5ef
 1335 05e8 07       		.uleb128 0x7
 1336 05e9 B6000000 		.4byte	0xb6
 1337 05ed 02       		.byte	0x2
 1338 05ee 00       		.byte	0
 1339 05ef 12       		.uleb128 0x12
 1340 05f0 59000000 		.4byte	.LASF74
 1341 05f4 05       		.byte	0x5
 1342 05f5 54       		.byte	0x54
 1343 05f6 00060000 		.4byte	0x600
 1344 05fa 05       		.uleb128 0x5
 1345 05fb 03       		.byte	0x3
ARM GAS  C:\Users\RECEPC~1\AppData\Local\Temp\ccUM0Cvl.s 			page 29


 1346 05fc 00000000 		.4byte	bloqueo_LCD
 1347 0600 05       		.uleb128 0x5
 1348 0601 DF050000 		.4byte	0x5df
 1349 0605 12       		.uleb128 0x12
 1350 0606 46000000 		.4byte	.LASF75
 1351 060a 05       		.byte	0x5
 1352 060b 58       		.byte	0x58
 1353 060c AC000000 		.4byte	0xac
 1354 0610 05       		.uleb128 0x5
 1355 0611 03       		.byte	0x3
 1356 0612 00000000 		.4byte	ppux10
 1357 0616 06       		.uleb128 0x6
 1358 0617 81000000 		.4byte	0x81
 1359 061b 26060000 		.4byte	0x626
 1360 061f 07       		.uleb128 0x7
 1361 0620 B6000000 		.4byte	0xb6
 1362 0624 10       		.byte	0x10
 1363 0625 00       		.byte	0
 1364 0626 12       		.uleb128 0x12
 1365 0627 18000000 		.4byte	.LASF76
 1366 062b 05       		.byte	0x5
 1367 062c 59       		.byte	0x59
 1368 062d 37060000 		.4byte	0x637
 1369 0631 05       		.uleb128 0x5
 1370 0632 03       		.byte	0x3
 1371 0633 00000000 		.4byte	nombre_pro1
 1372 0637 05       		.uleb128 0x5
 1373 0638 16060000 		.4byte	0x616
 1374 063c 12       		.uleb128 0x12
 1375 063d 32000000 		.4byte	.LASF77
 1376 0641 05       		.byte	0x5
 1377 0642 59       		.byte	0x59
 1378 0643 4D060000 		.4byte	0x64d
 1379 0647 05       		.uleb128 0x5
 1380 0648 03       		.byte	0x3
 1381 0649 00000000 		.4byte	nombre_pro2
 1382 064d 05       		.uleb128 0x5
 1383 064e 16060000 		.4byte	0x616
 1384 0652 12       		.uleb128 0x12
 1385 0653 F7010000 		.4byte	.LASF78
 1386 0657 05       		.byte	0x5
 1387 0658 59       		.byte	0x59
 1388 0659 63060000 		.4byte	0x663
 1389 065d 05       		.uleb128 0x5
 1390 065e 03       		.byte	0x3
 1391 065f 00000000 		.4byte	nombre_pro3
 1392 0663 05       		.uleb128 0x5
 1393 0664 16060000 		.4byte	0x616
 1394 0668 12       		.uleb128 0x12
 1395 0669 3E000000 		.4byte	.LASF79
 1396 066d 05       		.byte	0x5
 1397 066e 5A       		.byte	0x5a
 1398 066f 79060000 		.4byte	0x679
 1399 0673 05       		.uleb128 0x5
 1400 0674 03       		.byte	0x3
 1401 0675 00000000 		.4byte	version
 1402 0679 05       		.uleb128 0x5
ARM GAS  C:\Users\RECEPC~1\AppData\Local\Temp\ccUM0Cvl.s 			page 30


 1403 067a BD000000 		.4byte	0xbd
 1404 067e 12       		.uleb128 0x12
 1405 067f 1C010000 		.4byte	.LASF80
 1406 0683 05       		.byte	0x5
 1407 0684 64       		.byte	0x64
 1408 0685 CD000000 		.4byte	0xcd
 1409 0689 05       		.uleb128 0x5
 1410 068a 03       		.byte	0x3
 1411 068b 00000000 		.4byte	lado1
 1412 068f 12       		.uleb128 0x12
 1413 0690 5C030000 		.4byte	.LASF81
 1414 0694 05       		.byte	0x5
 1415 0695 65       		.byte	0x65
 1416 0696 CD000000 		.4byte	0xcd
 1417 069a 05       		.uleb128 0x5
 1418 069b 03       		.byte	0x3
 1419 069c 00000000 		.4byte	lado2
 1420 06a0 12       		.uleb128 0x12
 1421 06a1 28010000 		.4byte	.LASF82
 1422 06a5 05       		.byte	0x5
 1423 06a6 66       		.byte	0x66
 1424 06a7 CD000000 		.4byte	0xcd
 1425 06ab 05       		.uleb128 0x5
 1426 06ac 03       		.byte	0x3
 1427 06ad 00000000 		.4byte	lado3
 1428 06b1 12       		.uleb128 0x12
 1429 06b2 2E010000 		.4byte	.LASF83
 1430 06b6 05       		.byte	0x5
 1431 06b7 67       		.byte	0x67
 1432 06b8 CD000000 		.4byte	0xcd
 1433 06bc 05       		.uleb128 0x5
 1434 06bd 03       		.byte	0x3
 1435 06be 00000000 		.4byte	lado4
 1436 06c2 06       		.uleb128 0x6
 1437 06c3 81000000 		.4byte	0x81
 1438 06c7 D2060000 		.4byte	0x6d2
 1439 06cb 07       		.uleb128 0x7
 1440 06cc B6000000 		.4byte	0xb6
 1441 06d0 20       		.byte	0x20
 1442 06d1 00       		.byte	0
 1443 06d2 12       		.uleb128 0x12
 1444 06d3 EE000000 		.4byte	.LASF84
 1445 06d7 05       		.byte	0x5
 1446 06d8 6B       		.byte	0x6b
 1447 06d9 E3060000 		.4byte	0x6e3
 1448 06dd 05       		.uleb128 0x5
 1449 06de 03       		.byte	0x3
 1450 06df 00000000 		.4byte	nombre
 1451 06e3 05       		.uleb128 0x5
 1452 06e4 C2060000 		.4byte	0x6c2
 1453 06e8 06       		.uleb128 0x6
 1454 06e9 81000000 		.4byte	0x81
 1455 06ed F8060000 		.4byte	0x6f8
 1456 06f1 07       		.uleb128 0x7
 1457 06f2 B6000000 		.4byte	0xb6
 1458 06f6 0E       		.byte	0xe
 1459 06f7 00       		.byte	0
ARM GAS  C:\Users\RECEPC~1\AppData\Local\Temp\ccUM0Cvl.s 			page 31


 1460 06f8 13       		.uleb128 0x13
 1461 06f9 6E697400 		.ascii	"nit\000"
 1462 06fd 05       		.byte	0x5
 1463 06fe 6C       		.byte	0x6c
 1464 06ff 09070000 		.4byte	0x709
 1465 0703 05       		.uleb128 0x5
 1466 0704 03       		.byte	0x3
 1467 0705 00000000 		.4byte	nit
 1468 0709 05       		.uleb128 0x5
 1469 070a E8060000 		.4byte	0x6e8
 1470 070e 06       		.uleb128 0x6
 1471 070f 81000000 		.4byte	0x81
 1472 0713 1E070000 		.4byte	0x71e
 1473 0717 07       		.uleb128 0x7
 1474 0718 B6000000 		.4byte	0xb6
 1475 071c 13       		.byte	0x13
 1476 071d 00       		.byte	0
 1477 071e 12       		.uleb128 0x12
 1478 071f 67040000 		.4byte	.LASF85
 1479 0723 05       		.byte	0x5
 1480 0724 6D       		.byte	0x6d
 1481 0725 2F070000 		.4byte	0x72f
 1482 0729 05       		.uleb128 0x5
 1483 072a 03       		.byte	0x3
 1484 072b 00000000 		.4byte	telefono
 1485 072f 05       		.uleb128 0x5
 1486 0730 0E070000 		.4byte	0x70e
 1487 0734 12       		.uleb128 0x12
 1488 0735 CA030000 		.4byte	.LASF86
 1489 0739 05       		.byte	0x5
 1490 073a 6E       		.byte	0x6e
 1491 073b 45070000 		.4byte	0x745
 1492 073f 05       		.uleb128 0x5
 1493 0740 03       		.byte	0x3
 1494 0741 00000000 		.4byte	direccion
 1495 0745 05       		.uleb128 0x5
 1496 0746 C2060000 		.4byte	0x6c2
 1497 074a 06       		.uleb128 0x6
 1498 074b 81000000 		.4byte	0x81
 1499 074f 5A070000 		.4byte	0x75a
 1500 0753 07       		.uleb128 0x7
 1501 0754 B6000000 		.4byte	0xb6
 1502 0758 1F       		.byte	0x1f
 1503 0759 00       		.byte	0
 1504 075a 12       		.uleb128 0x12
 1505 075b BE020000 		.4byte	.LASF87
 1506 075f 05       		.byte	0x5
 1507 0760 6F       		.byte	0x6f
 1508 0761 6B070000 		.4byte	0x76b
 1509 0765 05       		.uleb128 0x5
 1510 0766 03       		.byte	0x3
 1511 0767 00000000 		.4byte	lema1
 1512 076b 05       		.uleb128 0x5
 1513 076c 4A070000 		.4byte	0x74a
 1514 0770 12       		.uleb128 0x12
 1515 0771 C4020000 		.4byte	.LASF88
 1516 0775 05       		.byte	0x5
ARM GAS  C:\Users\RECEPC~1\AppData\Local\Temp\ccUM0Cvl.s 			page 32


 1517 0776 70       		.byte	0x70
 1518 0777 81070000 		.4byte	0x781
 1519 077b 05       		.uleb128 0x5
 1520 077c 03       		.byte	0x3
 1521 077d 00000000 		.4byte	lema2
 1522 0781 05       		.uleb128 0x5
 1523 0782 4A070000 		.4byte	0x74a
 1524 0786 06       		.uleb128 0x6
 1525 0787 81000000 		.4byte	0x81
 1526 078b 96070000 		.4byte	0x796
 1527 078f 07       		.uleb128 0x7
 1528 0790 B6000000 		.4byte	0xb6
 1529 0794 01       		.byte	0x1
 1530 0795 00       		.byte	0
 1531 0796 12       		.uleb128 0x12
 1532 0797 A8030000 		.4byte	.LASF89
 1533 079b 05       		.byte	0x5
 1534 079c 71       		.byte	0x71
 1535 079d A7070000 		.4byte	0x7a7
 1536 07a1 05       		.uleb128 0x5
 1537 07a2 03       		.byte	0x3
 1538 07a3 00000000 		.4byte	id_logo
 1539 07a7 05       		.uleb128 0x5
 1540 07a8 86070000 		.4byte	0x786
 1541 07ac 13       		.uleb128 0x13
 1542 07ad 6B6D00   		.ascii	"km\000"
 1543 07b0 05       		.byte	0x5
 1544 07b1 72       		.byte	0x72
 1545 07b2 BC070000 		.4byte	0x7bc
 1546 07b6 05       		.uleb128 0x5
 1547 07b7 03       		.byte	0x3
 1548 07b8 00000000 		.4byte	km
 1549 07bc 05       		.uleb128 0x5
 1550 07bd 86070000 		.4byte	0x786
 1551 07c1 12       		.uleb128 0x12
 1552 07c2 56030000 		.4byte	.LASF90
 1553 07c6 05       		.byte	0x5
 1554 07c7 73       		.byte	0x73
 1555 07c8 DF050000 		.4byte	0x5df
 1556 07cc 05       		.uleb128 0x5
 1557 07cd 03       		.byte	0x3
 1558 07ce 00000000 		.4byte	fecha
 1559 07d2 12       		.uleb128 0x12
 1560 07d3 CA020000 		.4byte	.LASF91
 1561 07d7 05       		.byte	0x5
 1562 07d8 74       		.byte	0x74
 1563 07d9 86070000 		.4byte	0x786
 1564 07dd 05       		.uleb128 0x5
 1565 07de 03       		.byte	0x3
 1566 07df 00000000 		.4byte	hora
 1567 07e3 12       		.uleb128 0x12
 1568 07e4 1E030000 		.4byte	.LASF92
 1569 07e8 05       		.byte	0x5
 1570 07e9 88       		.byte	0x88
 1571 07ea 73010000 		.4byte	0x173
 1572 07ee 05       		.uleb128 0x5
 1573 07ef 03       		.byte	0x3
ARM GAS  C:\Users\RECEPC~1\AppData\Local\Temp\ccUM0Cvl.s 			page 33


 1574 07f0 00000000 		.4byte	rventa1
 1575 07f4 12       		.uleb128 0x12
 1576 07f5 26030000 		.4byte	.LASF93
 1577 07f9 05       		.byte	0x5
 1578 07fa 89       		.byte	0x89
 1579 07fb 73010000 		.4byte	0x173
 1580 07ff 05       		.uleb128 0x5
 1581 0800 03       		.byte	0x3
 1582 0801 00000000 		.4byte	rventa2
 1583 0805 12       		.uleb128 0x12
 1584 0806 2E030000 		.4byte	.LASF94
 1585 080a 05       		.byte	0x5
 1586 080b 8A       		.byte	0x8a
 1587 080c 73010000 		.4byte	0x173
 1588 0810 05       		.uleb128 0x5
 1589 0811 03       		.byte	0x3
 1590 0812 00000000 		.4byte	rventa3
 1591 0816 12       		.uleb128 0x12
 1592 0817 36030000 		.4byte	.LASF95
 1593 081b 05       		.byte	0x5
 1594 081c 8B       		.byte	0x8b
 1595 081d 73010000 		.4byte	0x173
 1596 0821 05       		.uleb128 0x5
 1597 0822 03       		.byte	0x3
 1598 0823 00000000 		.4byte	rventa4
 1599 0827 12       		.uleb128 0x12
 1600 0828 49040000 		.4byte	.LASF96
 1601 082c 05       		.byte	0x5
 1602 082d 90       		.byte	0x90
 1603 082e 81000000 		.4byte	0x81
 1604 0832 05       		.uleb128 0x5
 1605 0833 03       		.byte	0x3
 1606 0834 00000000 		.4byte	ok_RF
 1607 0838 12       		.uleb128 0x12
 1608 0839 82020000 		.4byte	.LASF97
 1609 083d 05       		.byte	0x5
 1610 083e 91       		.byte	0x91
 1611 083f 81000000 		.4byte	0x81
 1612 0843 05       		.uleb128 0x5
 1613 0844 03       		.byte	0x3
 1614 0845 00000000 		.4byte	ok_datosRF
 1615 0849 06       		.uleb128 0x6
 1616 084a 81000000 		.4byte	0x81
 1617 084e 59080000 		.4byte	0x859
 1618 0852 07       		.uleb128 0x7
 1619 0853 B6000000 		.4byte	0xb6
 1620 0857 C7       		.byte	0xc7
 1621 0858 00       		.byte	0
 1622 0859 12       		.uleb128 0x12
 1623 085a 3A040000 		.4byte	.LASF98
 1624 085e 05       		.byte	0x5
 1625 085f 92       		.byte	0x92
 1626 0860 49080000 		.4byte	0x849
 1627 0864 05       		.uleb128 0x5
 1628 0865 03       		.byte	0x3
 1629 0866 00000000 		.4byte	rf_mod
 1630 086a 06       		.uleb128 0x6
ARM GAS  C:\Users\RECEPC~1\AppData\Local\Temp\ccUM0Cvl.s 			page 34


 1631 086b 81000000 		.4byte	0x81
 1632 086f 7A080000 		.4byte	0x87a
 1633 0873 07       		.uleb128 0x7
 1634 0874 B6000000 		.4byte	0xb6
 1635 0878 3F       		.byte	0x3f
 1636 0879 00       		.byte	0
 1637 087a 12       		.uleb128 0x12
 1638 087b 9D030000 		.4byte	.LASF99
 1639 087f 05       		.byte	0x5
 1640 0880 97       		.byte	0x97
 1641 0881 6A080000 		.4byte	0x86a
 1642 0885 05       		.uleb128 0x5
 1643 0886 03       		.byte	0x3
 1644 0887 00000000 		.4byte	buffer_i2c
 1645 088b 12       		.uleb128 0x12
 1646 088c ED030000 		.4byte	.LASF100
 1647 0890 05       		.byte	0x5
 1648 0891 9C       		.byte	0x9c
 1649 0892 81000000 		.4byte	0x81
 1650 0896 05       		.uleb128 0x5
 1651 0897 03       		.byte	0x3
 1652 0898 00000000 		.4byte	crc_total
 1653 089c 12       		.uleb128 0x12
 1654 089d D0000000 		.4byte	.LASF101
 1655 08a1 05       		.byte	0x5
 1656 08a2 A0       		.byte	0xa0
 1657 08a3 86070000 		.4byte	0x786
 1658 08a7 05       		.uleb128 0x5
 1659 08a8 03       		.byte	0x3
 1660 08a9 00000000 		.4byte	print1
 1661 08ad 12       		.uleb128 0x12
 1662 08ae D7000000 		.4byte	.LASF102
 1663 08b2 05       		.byte	0x5
 1664 08b3 A1       		.byte	0xa1
 1665 08b4 86070000 		.4byte	0x786
 1666 08b8 05       		.uleb128 0x5
 1667 08b9 03       		.byte	0x3
 1668 08ba 00000000 		.4byte	print2
 1669 08be 00       		.byte	0
 1670              		.section	.debug_abbrev,"",%progbits
 1671              	.Ldebug_abbrev0:
 1672 0000 01       		.uleb128 0x1
 1673 0001 11       		.uleb128 0x11
 1674 0002 01       		.byte	0x1
 1675 0003 25       		.uleb128 0x25
 1676 0004 0E       		.uleb128 0xe
 1677 0005 13       		.uleb128 0x13
 1678 0006 0B       		.uleb128 0xb
 1679 0007 03       		.uleb128 0x3
 1680 0008 0E       		.uleb128 0xe
 1681 0009 1B       		.uleb128 0x1b
 1682 000a 0E       		.uleb128 0xe
 1683 000b 55       		.uleb128 0x55
 1684 000c 17       		.uleb128 0x17
 1685 000d 11       		.uleb128 0x11
 1686 000e 01       		.uleb128 0x1
 1687 000f 10       		.uleb128 0x10
ARM GAS  C:\Users\RECEPC~1\AppData\Local\Temp\ccUM0Cvl.s 			page 35


 1688 0010 17       		.uleb128 0x17
 1689 0011 00       		.byte	0
 1690 0012 00       		.byte	0
 1691 0013 02       		.uleb128 0x2
 1692 0014 24       		.uleb128 0x24
 1693 0015 00       		.byte	0
 1694 0016 0B       		.uleb128 0xb
 1695 0017 0B       		.uleb128 0xb
 1696 0018 3E       		.uleb128 0x3e
 1697 0019 0B       		.uleb128 0xb
 1698 001a 03       		.uleb128 0x3
 1699 001b 0E       		.uleb128 0xe
 1700 001c 00       		.byte	0
 1701 001d 00       		.byte	0
 1702 001e 03       		.uleb128 0x3
 1703 001f 16       		.uleb128 0x16
 1704 0020 00       		.byte	0
 1705 0021 03       		.uleb128 0x3
 1706 0022 0E       		.uleb128 0xe
 1707 0023 3A       		.uleb128 0x3a
 1708 0024 0B       		.uleb128 0xb
 1709 0025 3B       		.uleb128 0x3b
 1710 0026 0B       		.uleb128 0xb
 1711 0027 49       		.uleb128 0x49
 1712 0028 13       		.uleb128 0x13
 1713 0029 00       		.byte	0
 1714 002a 00       		.byte	0
 1715 002b 04       		.uleb128 0x4
 1716 002c 24       		.uleb128 0x24
 1717 002d 00       		.byte	0
 1718 002e 0B       		.uleb128 0xb
 1719 002f 0B       		.uleb128 0xb
 1720 0030 3E       		.uleb128 0x3e
 1721 0031 0B       		.uleb128 0xb
 1722 0032 03       		.uleb128 0x3
 1723 0033 08       		.uleb128 0x8
 1724 0034 00       		.byte	0
 1725 0035 00       		.byte	0
 1726 0036 05       		.uleb128 0x5
 1727 0037 35       		.uleb128 0x35
 1728 0038 00       		.byte	0
 1729 0039 49       		.uleb128 0x49
 1730 003a 13       		.uleb128 0x13
 1731 003b 00       		.byte	0
 1732 003c 00       		.byte	0
 1733 003d 06       		.uleb128 0x6
 1734 003e 01       		.uleb128 0x1
 1735 003f 01       		.byte	0x1
 1736 0040 49       		.uleb128 0x49
 1737 0041 13       		.uleb128 0x13
 1738 0042 01       		.uleb128 0x1
 1739 0043 13       		.uleb128 0x13
 1740 0044 00       		.byte	0
 1741 0045 00       		.byte	0
 1742 0046 07       		.uleb128 0x7
 1743 0047 21       		.uleb128 0x21
 1744 0048 00       		.byte	0
ARM GAS  C:\Users\RECEPC~1\AppData\Local\Temp\ccUM0Cvl.s 			page 36


 1745 0049 49       		.uleb128 0x49
 1746 004a 13       		.uleb128 0x13
 1747 004b 2F       		.uleb128 0x2f
 1748 004c 0B       		.uleb128 0xb
 1749 004d 00       		.byte	0
 1750 004e 00       		.byte	0
 1751 004f 08       		.uleb128 0x8
 1752 0050 13       		.uleb128 0x13
 1753 0051 01       		.byte	0x1
 1754 0052 03       		.uleb128 0x3
 1755 0053 0E       		.uleb128 0xe
 1756 0054 0B       		.uleb128 0xb
 1757 0055 0B       		.uleb128 0xb
 1758 0056 3A       		.uleb128 0x3a
 1759 0057 0B       		.uleb128 0xb
 1760 0058 3B       		.uleb128 0x3b
 1761 0059 0B       		.uleb128 0xb
 1762 005a 01       		.uleb128 0x1
 1763 005b 13       		.uleb128 0x13
 1764 005c 00       		.byte	0
 1765 005d 00       		.byte	0
 1766 005e 09       		.uleb128 0x9
 1767 005f 0D       		.uleb128 0xd
 1768 0060 00       		.byte	0
 1769 0061 03       		.uleb128 0x3
 1770 0062 08       		.uleb128 0x8
 1771 0063 3A       		.uleb128 0x3a
 1772 0064 0B       		.uleb128 0xb
 1773 0065 3B       		.uleb128 0x3b
 1774 0066 0B       		.uleb128 0xb
 1775 0067 49       		.uleb128 0x49
 1776 0068 13       		.uleb128 0x13
 1777 0069 38       		.uleb128 0x38
 1778 006a 0B       		.uleb128 0xb
 1779 006b 00       		.byte	0
 1780 006c 00       		.byte	0
 1781 006d 0A       		.uleb128 0xa
 1782 006e 0D       		.uleb128 0xd
 1783 006f 00       		.byte	0
 1784 0070 03       		.uleb128 0x3
 1785 0071 0E       		.uleb128 0xe
 1786 0072 3A       		.uleb128 0x3a
 1787 0073 0B       		.uleb128 0xb
 1788 0074 3B       		.uleb128 0x3b
 1789 0075 0B       		.uleb128 0xb
 1790 0076 49       		.uleb128 0x49
 1791 0077 13       		.uleb128 0x13
 1792 0078 38       		.uleb128 0x38
 1793 0079 0B       		.uleb128 0xb
 1794 007a 00       		.byte	0
 1795 007b 00       		.byte	0
 1796 007c 0B       		.uleb128 0xb
 1797 007d 2E       		.uleb128 0x2e
 1798 007e 01       		.byte	0x1
 1799 007f 3F       		.uleb128 0x3f
 1800 0080 19       		.uleb128 0x19
 1801 0081 03       		.uleb128 0x3
ARM GAS  C:\Users\RECEPC~1\AppData\Local\Temp\ccUM0Cvl.s 			page 37


 1802 0082 0E       		.uleb128 0xe
 1803 0083 3A       		.uleb128 0x3a
 1804 0084 0B       		.uleb128 0xb
 1805 0085 3B       		.uleb128 0x3b
 1806 0086 0B       		.uleb128 0xb
 1807 0087 27       		.uleb128 0x27
 1808 0088 19       		.uleb128 0x19
 1809 0089 49       		.uleb128 0x49
 1810 008a 13       		.uleb128 0x13
 1811 008b 11       		.uleb128 0x11
 1812 008c 01       		.uleb128 0x1
 1813 008d 12       		.uleb128 0x12
 1814 008e 06       		.uleb128 0x6
 1815 008f 40       		.uleb128 0x40
 1816 0090 18       		.uleb128 0x18
 1817 0091 9642     		.uleb128 0x2116
 1818 0093 19       		.uleb128 0x19
 1819 0094 01       		.uleb128 0x1
 1820 0095 13       		.uleb128 0x13
 1821 0096 00       		.byte	0
 1822 0097 00       		.byte	0
 1823 0098 0C       		.uleb128 0xc
 1824 0099 05       		.uleb128 0x5
 1825 009a 00       		.byte	0
 1826 009b 03       		.uleb128 0x3
 1827 009c 0E       		.uleb128 0xe
 1828 009d 3A       		.uleb128 0x3a
 1829 009e 0B       		.uleb128 0xb
 1830 009f 3B       		.uleb128 0x3b
 1831 00a0 0B       		.uleb128 0xb
 1832 00a1 49       		.uleb128 0x49
 1833 00a2 13       		.uleb128 0x13
 1834 00a3 02       		.uleb128 0x2
 1835 00a4 18       		.uleb128 0x18
 1836 00a5 00       		.byte	0
 1837 00a6 00       		.byte	0
 1838 00a7 0D       		.uleb128 0xd
 1839 00a8 34       		.uleb128 0x34
 1840 00a9 00       		.byte	0
 1841 00aa 03       		.uleb128 0x3
 1842 00ab 0E       		.uleb128 0xe
 1843 00ac 3A       		.uleb128 0x3a
 1844 00ad 0B       		.uleb128 0xb
 1845 00ae 3B       		.uleb128 0x3b
 1846 00af 0B       		.uleb128 0xb
 1847 00b0 49       		.uleb128 0x49
 1848 00b1 13       		.uleb128 0x13
 1849 00b2 02       		.uleb128 0x2
 1850 00b3 18       		.uleb128 0x18
 1851 00b4 00       		.byte	0
 1852 00b5 00       		.byte	0
 1853 00b6 0E       		.uleb128 0xe
 1854 00b7 34       		.uleb128 0x34
 1855 00b8 00       		.byte	0
 1856 00b9 03       		.uleb128 0x3
 1857 00ba 08       		.uleb128 0x8
 1858 00bb 3A       		.uleb128 0x3a
ARM GAS  C:\Users\RECEPC~1\AppData\Local\Temp\ccUM0Cvl.s 			page 38


 1859 00bc 0B       		.uleb128 0xb
 1860 00bd 3B       		.uleb128 0x3b
 1861 00be 0B       		.uleb128 0xb
 1862 00bf 49       		.uleb128 0x49
 1863 00c0 13       		.uleb128 0x13
 1864 00c1 02       		.uleb128 0x2
 1865 00c2 18       		.uleb128 0x18
 1866 00c3 00       		.byte	0
 1867 00c4 00       		.byte	0
 1868 00c5 0F       		.uleb128 0xf
 1869 00c6 2E       		.uleb128 0x2e
 1870 00c7 01       		.byte	0x1
 1871 00c8 3F       		.uleb128 0x3f
 1872 00c9 19       		.uleb128 0x19
 1873 00ca 03       		.uleb128 0x3
 1874 00cb 0E       		.uleb128 0xe
 1875 00cc 3A       		.uleb128 0x3a
 1876 00cd 0B       		.uleb128 0xb
 1877 00ce 3B       		.uleb128 0x3b
 1878 00cf 0B       		.uleb128 0xb
 1879 00d0 27       		.uleb128 0x27
 1880 00d1 19       		.uleb128 0x19
 1881 00d2 49       		.uleb128 0x49
 1882 00d3 13       		.uleb128 0x13
 1883 00d4 11       		.uleb128 0x11
 1884 00d5 01       		.uleb128 0x1
 1885 00d6 12       		.uleb128 0x12
 1886 00d7 06       		.uleb128 0x6
 1887 00d8 40       		.uleb128 0x40
 1888 00d9 18       		.uleb128 0x18
 1889 00da 9742     		.uleb128 0x2117
 1890 00dc 19       		.uleb128 0x19
 1891 00dd 01       		.uleb128 0x1
 1892 00de 13       		.uleb128 0x13
 1893 00df 00       		.byte	0
 1894 00e0 00       		.byte	0
 1895 00e1 10       		.uleb128 0x10
 1896 00e2 05       		.uleb128 0x5
 1897 00e3 00       		.byte	0
 1898 00e4 03       		.uleb128 0x3
 1899 00e5 08       		.uleb128 0x8
 1900 00e6 3A       		.uleb128 0x3a
 1901 00e7 0B       		.uleb128 0xb
 1902 00e8 3B       		.uleb128 0x3b
 1903 00e9 0B       		.uleb128 0xb
 1904 00ea 49       		.uleb128 0x49
 1905 00eb 13       		.uleb128 0x13
 1906 00ec 02       		.uleb128 0x2
 1907 00ed 18       		.uleb128 0x18
 1908 00ee 00       		.byte	0
 1909 00ef 00       		.byte	0
 1910 00f0 11       		.uleb128 0x11
 1911 00f1 34       		.uleb128 0x34
 1912 00f2 00       		.byte	0
 1913 00f3 03       		.uleb128 0x3
 1914 00f4 0E       		.uleb128 0xe
 1915 00f5 3A       		.uleb128 0x3a
ARM GAS  C:\Users\RECEPC~1\AppData\Local\Temp\ccUM0Cvl.s 			page 39


 1916 00f6 0B       		.uleb128 0xb
 1917 00f7 3B       		.uleb128 0x3b
 1918 00f8 05       		.uleb128 0x5
 1919 00f9 49       		.uleb128 0x49
 1920 00fa 13       		.uleb128 0x13
 1921 00fb 3F       		.uleb128 0x3f
 1922 00fc 19       		.uleb128 0x19
 1923 00fd 3C       		.uleb128 0x3c
 1924 00fe 19       		.uleb128 0x19
 1925 00ff 00       		.byte	0
 1926 0100 00       		.byte	0
 1927 0101 12       		.uleb128 0x12
 1928 0102 34       		.uleb128 0x34
 1929 0103 00       		.byte	0
 1930 0104 03       		.uleb128 0x3
 1931 0105 0E       		.uleb128 0xe
 1932 0106 3A       		.uleb128 0x3a
 1933 0107 0B       		.uleb128 0xb
 1934 0108 3B       		.uleb128 0x3b
 1935 0109 0B       		.uleb128 0xb
 1936 010a 49       		.uleb128 0x49
 1937 010b 13       		.uleb128 0x13
 1938 010c 3F       		.uleb128 0x3f
 1939 010d 19       		.uleb128 0x19
 1940 010e 02       		.uleb128 0x2
 1941 010f 18       		.uleb128 0x18
 1942 0110 00       		.byte	0
 1943 0111 00       		.byte	0
 1944 0112 13       		.uleb128 0x13
 1945 0113 34       		.uleb128 0x34
 1946 0114 00       		.byte	0
 1947 0115 03       		.uleb128 0x3
 1948 0116 08       		.uleb128 0x8
 1949 0117 3A       		.uleb128 0x3a
 1950 0118 0B       		.uleb128 0xb
 1951 0119 3B       		.uleb128 0x3b
 1952 011a 0B       		.uleb128 0xb
 1953 011b 49       		.uleb128 0x49
 1954 011c 13       		.uleb128 0x13
 1955 011d 3F       		.uleb128 0x3f
 1956 011e 19       		.uleb128 0x19
 1957 011f 02       		.uleb128 0x2
 1958 0120 18       		.uleb128 0x18
 1959 0121 00       		.byte	0
 1960 0122 00       		.byte	0
 1961 0123 00       		.byte	0
 1962              		.section	.debug_aranges,"",%progbits
 1963 0000 34000000 		.4byte	0x34
 1964 0004 0200     		.2byte	0x2
 1965 0006 00000000 		.4byte	.Ldebug_info0
 1966 000a 04       		.byte	0x4
 1967 000b 00       		.byte	0
 1968 000c 0000     		.2byte	0
 1969 000e 0000     		.2byte	0
 1970 0010 00000000 		.4byte	.LFB63
 1971 0014 BE000000 		.4byte	.LFE63-.LFB63
 1972 0018 00000000 		.4byte	.LFB64
ARM GAS  C:\Users\RECEPC~1\AppData\Local\Temp\ccUM0Cvl.s 			page 40


 1973 001c 0C010000 		.4byte	.LFE64-.LFB64
 1974 0020 00000000 		.4byte	.LFB65
 1975 0024 B2000000 		.4byte	.LFE65-.LFB65
 1976 0028 00000000 		.4byte	.LFB66
 1977 002c 58000000 		.4byte	.LFE66-.LFB66
 1978 0030 00000000 		.4byte	0
 1979 0034 00000000 		.4byte	0
 1980              		.section	.debug_ranges,"",%progbits
 1981              	.Ldebug_ranges0:
 1982 0000 00000000 		.4byte	.LFB63
 1983 0004 BE000000 		.4byte	.LFE63
 1984 0008 00000000 		.4byte	.LFB64
 1985 000c 0C010000 		.4byte	.LFE64
 1986 0010 00000000 		.4byte	.LFB65
 1987 0014 B2000000 		.4byte	.LFE65
 1988 0018 00000000 		.4byte	.LFB66
 1989 001c 58000000 		.4byte	.LFE66
 1990 0020 00000000 		.4byte	0
 1991 0024 00000000 		.4byte	0
 1992              		.section	.debug_line,"",%progbits
 1993              	.Ldebug_line0:
 1994 0000 8C020000 		.section	.debug_str,"MS",%progbits,1
 1994      02005D01 
 1994      00000201 
 1994      FB0E0D00 
 1994      01010101 
 1995              	.LASF52:
 1996 0000 706F7378 		.ascii	"posx1\000"
 1996      3100
 1997              	.LASF55:
 1998 0006 706F7378 		.ascii	"posx2\000"
 1998      3200
 1999              	.LASF37:
 2000 000c 746F7563 		.ascii	"touch_write\000"
 2000      685F7772 
 2000      69746500 
 2001              	.LASF76:
 2002 0018 6E6F6D62 		.ascii	"nombre_pro1\000"
 2002      72655F70 
 2002      726F3100 
 2003              	.LASF49:
 2004 0024 636F756E 		.ascii	"count_teclas2\000"
 2004      745F7465 
 2004      636C6173 
 2004      3200
 2005              	.LASF77:
 2006 0032 6E6F6D62 		.ascii	"nombre_pro2\000"
 2006      72655F70 
 2006      726F3200 
 2007              	.LASF79:
 2008 003e 76657273 		.ascii	"version\000"
 2008      696F6E00 
 2009              	.LASF75:
 2010 0046 70707578 		.ascii	"ppux10\000"
 2010      313000
 2011              	.LASF0:
 2012 004d 7369676E 		.ascii	"signed char\000"
ARM GAS  C:\Users\RECEPC~1\AppData\Local\Temp\ccUM0Cvl.s 			page 41


 2012      65642063 
 2012      68617200 
 2013              	.LASF74:
 2014 0059 626C6F71 		.ascii	"bloqueo_LCD\000"
 2014      75656F5F 
 2014      4C434400 
 2015              	.LASF27:
 2016 0065 6D616E67 		.ascii	"manguera\000"
 2016      75657261 
 2016      00
 2017              	.LASF2:
 2018 006e 73686F72 		.ascii	"short int\000"
 2018      7420696E 
 2018      7400
 2019              	.LASF66:
 2020 0078 636F756E 		.ascii	"count_protector\000"
 2020      745F7072 
 2020      6F746563 
 2020      746F7200 
 2021              	.LASF73:
 2022 0088 70726F78 		.ascii	"prox_caso\000"
 2022      5F636173 
 2022      6F00
 2023              	.LASF32:
 2024 0092 63656475 		.ascii	"cedula\000"
 2024      6C6100
 2025              	.LASF24:
 2026 0099 64696E65 		.ascii	"dinero\000"
 2026      726F00
 2027              	.LASF60:
 2028 00a0 666C756A 		.ascii	"flujo_LCD1\000"
 2028      6F5F4C43 
 2028      443100
 2029              	.LASF61:
 2030 00ab 666C756A 		.ascii	"flujo_LCD2\000"
 2030      6F5F4C43 
 2030      443200
 2031              	.LASF62:
 2032 00b6 666C756A 		.ascii	"flujo_LCD3\000"
 2032      6F5F4C43 
 2032      443300
 2033              	.LASF33:
 2034 00c1 70617373 		.ascii	"password\000"
 2034      776F7264 
 2034      00
 2035              	.LASF34:
 2036 00ca 7475726E 		.ascii	"turno\000"
 2036      6F00
 2037              	.LASF101:
 2038 00d0 7072696E 		.ascii	"print1\000"
 2038      743100
 2039              	.LASF102:
 2040 00d7 7072696E 		.ascii	"print2\000"
 2040      743200
 2041              	.LASF30:
 2042 00de 696D7072 		.ascii	"imprimir\000"
 2042      696D6972 
ARM GAS  C:\Users\RECEPC~1\AppData\Local\Temp\ccUM0Cvl.s 			page 42


 2042      00
 2043              	.LASF12:
 2044 00e7 75696E74 		.ascii	"uint16\000"
 2044      313600
 2045              	.LASF84:
 2046 00ee 6E6F6D62 		.ascii	"nombre\000"
 2046      726500
 2047              	.LASF42:
 2048 00f5 6372635F 		.ascii	"crc_check\000"
 2048      63686563 
 2048      6B00
 2049              	.LASF10:
 2050 00ff 696E7433 		.ascii	"int32_t\000"
 2050      325F7400 
 2051              	.LASF53:
 2052 0107 706F7379 		.ascii	"posy1\000"
 2052      3100
 2053              	.LASF56:
 2054 010d 706F7379 		.ascii	"posy2\000"
 2054      3200
 2055              	.LASF21:
 2056 0113 73757274 		.ascii	"surtidor\000"
 2056      69646F72 
 2056      00
 2057              	.LASF80:
 2058 011c 6C61646F 		.ascii	"lado1\000"
 2058      3100
 2059              	.LASF13:
 2060 0122 666C6F61 		.ascii	"float\000"
 2060      7400
 2061              	.LASF82:
 2062 0128 6C61646F 		.ascii	"lado3\000"
 2062      3300
 2063              	.LASF83:
 2064 012e 6C61646F 		.ascii	"lado4\000"
 2064      3400
 2065              	.LASF6:
 2066 0134 6C6F6E67 		.ascii	"long long int\000"
 2066      206C6F6E 
 2066      6720696E 
 2066      7400
 2067              	.LASF103:
 2068 0142 474E5520 		.ascii	"GNU C 4.9.3 20150303 (release) [ARM/embedded-4_9-br"
 2068      4320342E 
 2068      392E3320 
 2068      32303135 
 2068      30333033 
 2069 0175 616E6368 		.ascii	"anch revision 221220] -mcpu=cortex-m3 -mthumb -g -O"
 2069      20726576 
 2069      6973696F 
 2069      6E203232 
 2069      31323230 
 2070 01a8 30202D66 		.ascii	"0 -ffunction-sections -ffat-lto-objects\000"
 2070      66756E63 
 2070      74696F6E 
 2070      2D736563 
 2070      74696F6E 
ARM GAS  C:\Users\RECEPC~1\AppData\Local\Temp\ccUM0Cvl.s 			page 43


 2071              	.LASF16:
 2072 01d0 73697A65 		.ascii	"sizetype\000"
 2072      74797065 
 2072      00
 2073              	.LASF104:
 2074 01d9 2E5C6962 		.ascii	".\\ibuton.c\000"
 2074      75746F6E 
 2074      2E6300
 2075              	.LASF63:
 2076 01e4 666C756A 		.ascii	"flujo_LCD4\000"
 2076      6F5F4C43 
 2076      443400
 2077              	.LASF18:
 2078 01ef 746F7461 		.ascii	"totales\000"
 2078      6C657300 
 2079              	.LASF78:
 2080 01f7 6E6F6D62 		.ascii	"nombre_pro3\000"
 2080      72655F70 
 2080      726F3300 
 2081              	.LASF67:
 2082 0203 636F756E 		.ascii	"count_protector2\000"
 2082      745F7072 
 2082      6F746563 
 2082      746F7232 
 2082      00
 2083              	.LASF11:
 2084 0214 75696E74 		.ascii	"uint8\000"
 2084      3800
 2085              	.LASF1:
 2086 021a 756E7369 		.ascii	"unsigned char\000"
 2086      676E6564 
 2086      20636861 
 2086      7200
 2087              	.LASF23:
 2088 0228 706F7369 		.ascii	"posicion\000"
 2088      63696F6E 
 2088      00
 2089              	.LASF38:
 2090 0231 69627574 		.ascii	"ibutton\000"
 2090      746F6E00 
 2091              	.LASF25:
 2092 0239 766F6C75 		.ascii	"volumen\000"
 2092      6D656E00 
 2093              	.LASF69:
 2094 0241 696D6167 		.ascii	"imagen_grado1\000"
 2094      656E5F67 
 2094      7261646F 
 2094      3100
 2095              	.LASF70:
 2096 024f 696D6167 		.ascii	"imagen_grado2\000"
 2096      656E5F67 
 2096      7261646F 
 2096      3200
 2097              	.LASF7:
 2098 025d 6C6F6E67 		.ascii	"long long unsigned int\000"
 2098      206C6F6E 
 2098      6720756E 
ARM GAS  C:\Users\RECEPC~1\AppData\Local\Temp\ccUM0Cvl.s 			page 44


 2098      7369676E 
 2098      65642069 
 2099              	.LASF72:
 2100 0274 696D6167 		.ascii	"imagen_grado4\000"
 2100      656E5F67 
 2100      7261646F 
 2100      3400
 2101              	.LASF97:
 2102 0282 6F6B5F64 		.ascii	"ok_datosRF\000"
 2102      61746F73 
 2102      524600
 2103              	.LASF35:
 2104 028d 6175746F 		.ascii	"autorizado\000"
 2104      72697A61 
 2104      646F00
 2105              	.LASF8:
 2106 0298 756E7369 		.ascii	"unsigned int\000"
 2106      676E6564 
 2106      20696E74 
 2106      00
 2107              	.LASF54:
 2108 02a5 73697A65 		.ascii	"sizeletra1\000"
 2108      6C657472 
 2108      613100
 2109              	.LASF36:
 2110 02b0 746F7563 		.ascii	"touch_present\000"
 2110      685F7072 
 2110      6573656E 
 2110      7400
 2111              	.LASF87:
 2112 02be 6C656D61 		.ascii	"lema1\000"
 2112      3100
 2113              	.LASF88:
 2114 02c4 6C656D61 		.ascii	"lema2\000"
 2114      3200
 2115              	.LASF91:
 2116 02ca 686F7261 		.ascii	"hora\000"
 2116      00
 2117              	.LASF26:
 2118 02cf 70726F64 		.ascii	"producto\000"
 2118      7563746F 
 2118      00
 2119              	.LASF64:
 2120 02d8 42756666 		.ascii	"Buffer_LCD1\000"
 2120      65725F4C 
 2120      43443100 
 2121              	.LASF65:
 2122 02e4 42756666 		.ascii	"Buffer_LCD2\000"
 2122      65725F4C 
 2122      43443200 
 2123              	.LASF3:
 2124 02f0 73686F72 		.ascii	"short unsigned int\000"
 2124      7420756E 
 2124      7369676E 
 2124      65642069 
 2124      6E7400
 2125              	.LASF19:
ARM GAS  C:\Users\RECEPC~1\AppData\Local\Temp\ccUM0Cvl.s 			page 45


 2126 0303 67726164 		.ascii	"grado\000"
 2126      6F00
 2127              	.LASF58:
 2128 0309 7465636C 		.ascii	"teclas1\000"
 2128      61733100 
 2129              	.LASF59:
 2130 0311 7465636C 		.ascii	"teclas2\000"
 2130      61733200 
 2131              	.LASF15:
 2132 0319 63686172 		.ascii	"char\000"
 2132      00
 2133              	.LASF92:
 2134 031e 7276656E 		.ascii	"rventa1\000"
 2134      74613100 
 2135              	.LASF93:
 2136 0326 7276656E 		.ascii	"rventa2\000"
 2136      74613200 
 2137              	.LASF94:
 2138 032e 7276656E 		.ascii	"rventa3\000"
 2138      74613300 
 2139              	.LASF95:
 2140 0336 7276656E 		.ascii	"rventa4\000"
 2140      74613400 
 2141              	.LASF44:
 2142 033e 636F756E 		.ascii	"count_teclas1\000"
 2142      745F7465 
 2142      636C6173 
 2142      3100
 2143              	.LASF9:
 2144 034c 5F5F696E 		.ascii	"__int32_t\000"
 2144      7433325F 
 2144      7400
 2145              	.LASF90:
 2146 0356 66656368 		.ascii	"fecha\000"
 2146      6100
 2147              	.LASF81:
 2148 035c 6C61646F 		.ascii	"lado2\000"
 2148      3200
 2149              	.LASF105:
 2150 0362 433A5C55 		.ascii	"C:\\Users\\Recepcion\\Documents\\Prime 2.0\\MUX\\MU"
 2150      73657273 
 2150      5C526563 
 2150      65706369 
 2150      6F6E5C44 
 2151 038f 585F5072 		.ascii	"X_Prime.cydsn\000"
 2151      696D652E 
 2151      63796473 
 2151      6E00
 2152              	.LASF99:
 2153 039d 62756666 		.ascii	"buffer_i2c\000"
 2153      65725F69 
 2153      326300
 2154              	.LASF89:
 2155 03a8 69645F6C 		.ascii	"id_logo\000"
 2155      6F676F00 
 2156              	.LASF20:
 2157 03b0 6D616E67 		.ascii	"mangueras\000"
ARM GAS  C:\Users\RECEPC~1\AppData\Local\Temp\ccUM0Cvl.s 			page 46


 2157      75657261 
 2157      7300
 2158              	.LASF41:
 2159 03ba 746F7563 		.ascii	"touch_read_byte\000"
 2159      685F7265 
 2159      61645F62 
 2159      79746500 
 2160              	.LASF86:
 2161 03ca 64697265 		.ascii	"direccion\000"
 2161      6363696F 
 2161      6E00
 2162              	.LASF5:
 2163 03d4 6C6F6E67 		.ascii	"long unsigned int\000"
 2163      20756E73 
 2163      69676E65 
 2163      6420696E 
 2163      7400
 2164              	.LASF22:
 2165 03e6 72656369 		.ascii	"recibo\000"
 2165      626F00
 2166              	.LASF100:
 2167 03ed 6372635F 		.ascii	"crc_total\000"
 2167      746F7461 
 2167      6C00
 2168              	.LASF39:
 2169 03f7 6461746F 		.ascii	"dato\000"
 2169      00
 2170              	.LASF43:
 2171 03fc 49544D5F 		.ascii	"ITM_RxBuffer\000"
 2171      52784275 
 2171      66666572 
 2171      00
 2172              	.LASF28:
 2173 0409 70726573 		.ascii	"preset\000"
 2173      657400
 2174              	.LASF47:
 2175 0410 69645F63 		.ascii	"id_coma1\000"
 2175      6F6D6131 
 2175      00
 2176              	.LASF50:
 2177 0419 69645F63 		.ascii	"id_coma2\000"
 2177      6F6D6132 
 2177      00
 2178              	.LASF48:
 2179 0422 69645F74 		.ascii	"id_teclado1\000"
 2179      65636C61 
 2179      646F3100 
 2180              	.LASF51:
 2181 042e 69645F74 		.ascii	"id_teclado2\000"
 2181      65636C61 
 2181      646F3200 
 2182              	.LASF98:
 2183 043a 72665F6D 		.ascii	"rf_mod\000"
 2183      6F6400
 2184              	.LASF40:
 2185 0441 70726573 		.ascii	"present\000"
 2185      656E7400 
ARM GAS  C:\Users\RECEPC~1\AppData\Local\Temp\ccUM0Cvl.s 			page 47


 2186              	.LASF96:
 2187 0449 6F6B5F52 		.ascii	"ok_RF\000"
 2187      4600
 2188              	.LASF31:
 2189 044f 7469706F 		.ascii	"tipo_venta\000"
 2189      5F76656E 
 2189      746100
 2190              	.LASF29:
 2191 045a 706C6163 		.ascii	"placa\000"
 2191      6100
 2192              	.LASF14:
 2193 0460 646F7562 		.ascii	"double\000"
 2193      6C6500
 2194              	.LASF85:
 2195 0467 74656C65 		.ascii	"telefono\000"
 2195      666F6E6F 
 2195      00
 2196              	.LASF68:
 2197 0470 70617373 		.ascii	"password_lcd\000"
 2197      776F7264 
 2197      5F6C6364 
 2197      00
 2198              	.LASF4:
 2199 047d 6C6F6E67 		.ascii	"long int\000"
 2199      20696E74 
 2199      00
 2200              	.LASF17:
 2201 0486 65737461 		.ascii	"estado\000"
 2201      646F00
 2202              	.LASF57:
 2203 048d 73697A65 		.ascii	"sizeletra2\000"
 2203      6C657472 
 2203      613200
 2204              	.LASF45:
 2205 0498 636F6D61 		.ascii	"comas1\000"
 2205      733100
 2206              	.LASF46:
 2207 049f 636F6D61 		.ascii	"comas2\000"
 2207      733200
 2208              	.LASF71:
 2209 04a6 696D6167 		.ascii	"imagen_grado3\000"
 2209      656E5F67 
 2209      7261646F 
 2209      3300
 2210              		.ident	"GCC: (GNU Tools for ARM Embedded Processors) 4.9.3 20150303 (release) [ARM/embedded-4_9-br
