ARM GAS  C:\Users\RECEPC~1\AppData\Local\Temp\cczPInmP.s 			page 1


   1              		.syntax unified
   2              		.cpu cortex-m3
   3              		.fpu softvfp
   4              		.eabi_attribute 20, 1
   5              		.eabi_attribute 21, 1
   6              		.eabi_attribute 23, 3
   7              		.eabi_attribute 24, 1
   8              		.eabi_attribute 25, 1
   9              		.eabi_attribute 26, 1
  10              		.eabi_attribute 30, 6
  11              		.eabi_attribute 34, 1
  12              		.eabi_attribute 18, 4
  13              		.thumb
  14              		.file	"Cm3Start.c"
  15              		.text
  16              	.Ltext0:
  17              		.cfi_sections	.debug_frame
  18              		.section	.noinit,"aw",%progbits
  19              		.align	2
  20              		.type	cySysNoInitDataValid, %object
  21              		.size	cySysNoInitDataValid, 4
  22              	cySysNoInitDataValid:
  23 0000 00000000 		.space	4
  24              		.global	CyRamVectors
  25              		.section	.ramvectors,"aw",%progbits
  26              		.align	8
  27              		.type	CyRamVectors, %object
  28              		.size	CyRamVectors, 192
  29              	CyRamVectors:
  30 0000 00000000 		.space	192
  30      00000000 
  30      00000000 
  30      00000000 
  30      00000000 
  31 00c0 00000000 		.section	.text.IntDefaultHandler,"ax",%progbits
  31      00000000 
  31      00000000 
  31      00000000 
  31      00000000 
  32              		.align	2
  33              		.global	IntDefaultHandler
  34              		.thumb
  35              		.thumb_func
  36              		.type	IntDefaultHandler, %function
  37              	IntDefaultHandler:
  38              	.LFB0:
  39              		.file 1 ".\\Generated_Source\\PSoC5\\Cm3Start.c"
   1:.\Generated_Source\PSoC5/Cm3Start.c **** /*******************************************************************************
   2:.\Generated_Source\PSoC5/Cm3Start.c **** * File Name: Cm3Start.c
   3:.\Generated_Source\PSoC5/Cm3Start.c **** * Version 5.0
   4:.\Generated_Source\PSoC5/Cm3Start.c **** *
   5:.\Generated_Source\PSoC5/Cm3Start.c **** *  Description:
   6:.\Generated_Source\PSoC5/Cm3Start.c **** *  Startup code for the ARM CM3.
   7:.\Generated_Source\PSoC5/Cm3Start.c **** *
   8:.\Generated_Source\PSoC5/Cm3Start.c **** ********************************************************************************
   9:.\Generated_Source\PSoC5/Cm3Start.c **** * Copyright 2008-2015, Cypress Semiconductor Corporation. All rights reserved.
  10:.\Generated_Source\PSoC5/Cm3Start.c **** * You may use this file only in accordance with the license, terms, conditions,
ARM GAS  C:\Users\RECEPC~1\AppData\Local\Temp\cczPInmP.s 			page 2


  11:.\Generated_Source\PSoC5/Cm3Start.c **** * disclaimers, and limitations in the end user license agreement accompanying
  12:.\Generated_Source\PSoC5/Cm3Start.c **** * the software package with which this file was provided.
  13:.\Generated_Source\PSoC5/Cm3Start.c **** *******************************************************************************/
  14:.\Generated_Source\PSoC5/Cm3Start.c **** 
  15:.\Generated_Source\PSoC5/Cm3Start.c **** #include <limits.h>
  16:.\Generated_Source\PSoC5/Cm3Start.c **** #include "cydevice_trm.h"
  17:.\Generated_Source\PSoC5/Cm3Start.c **** #include "cytypes.h"
  18:.\Generated_Source\PSoC5/Cm3Start.c **** #include "cyfitter_cfg.h"
  19:.\Generated_Source\PSoC5/Cm3Start.c **** #include "CyLib.h"
  20:.\Generated_Source\PSoC5/Cm3Start.c **** #include "CyDmac.h"
  21:.\Generated_Source\PSoC5/Cm3Start.c **** #include "cyfitter.h"
  22:.\Generated_Source\PSoC5/Cm3Start.c **** 
  23:.\Generated_Source\PSoC5/Cm3Start.c **** #define CY_NUM_INTERRUPTS           (32u)
  24:.\Generated_Source\PSoC5/Cm3Start.c **** #define CY_NUM_VECTORS              (CYINT_IRQ_BASE + CY_NUM_INTERRUPTS)
  25:.\Generated_Source\PSoC5/Cm3Start.c **** #define CY_NUM_ROM_VECTORS          (4u)
  26:.\Generated_Source\PSoC5/Cm3Start.c **** #define CY_NVIC_APINT_PTR           ((reg32 *) CYREG_NVIC_APPLN_INTR)
  27:.\Generated_Source\PSoC5/Cm3Start.c **** #define CY_NVIC_CFG_CTRL_PTR        ((reg32 *) CYREG_NVIC_CFG_CONTROL)
  28:.\Generated_Source\PSoC5/Cm3Start.c **** #define CY_NVIC_APINT_PRIGROUP_3_5  (0x00000400u)  /* Priority group 3.5 split */
  29:.\Generated_Source\PSoC5/Cm3Start.c **** #define CY_NVIC_APINT_VECTKEY       (0x05FA0000u)  /* This key is required in order to write the NV
  30:.\Generated_Source\PSoC5/Cm3Start.c **** #define CY_NVIC_CFG_STACKALIGN      (0x00000200u)  /* This specifies that the exception stack must 
  31:.\Generated_Source\PSoC5/Cm3Start.c **** 
  32:.\Generated_Source\PSoC5/Cm3Start.c **** #if defined(__ARMCC_VERSION)
  33:.\Generated_Source\PSoC5/Cm3Start.c ****     #define INITIAL_STACK_POINTER ((cyisraddress)(uint32)&Image$$ARM_LIB_STACK$$ZI$$Limit)
  34:.\Generated_Source\PSoC5/Cm3Start.c **** #elif defined (__GNUC__)
  35:.\Generated_Source\PSoC5/Cm3Start.c ****     #define INITIAL_STACK_POINTER (&__cy_stack)
  36:.\Generated_Source\PSoC5/Cm3Start.c **** #elif defined (__ICCARM__)
  37:.\Generated_Source\PSoC5/Cm3Start.c ****     #pragma language=extended
  38:.\Generated_Source\PSoC5/Cm3Start.c ****     #pragma segment="CSTACK"
  39:.\Generated_Source\PSoC5/Cm3Start.c ****     #define INITIAL_STACK_POINTER  { .__ptr = __sfe( "CSTACK" ) }
  40:.\Generated_Source\PSoC5/Cm3Start.c **** 
  41:.\Generated_Source\PSoC5/Cm3Start.c ****     extern void __iar_program_start( void );
  42:.\Generated_Source\PSoC5/Cm3Start.c ****     extern void __iar_data_init3 (void);
  43:.\Generated_Source\PSoC5/Cm3Start.c **** #endif  /* (__ARMCC_VERSION) */
  44:.\Generated_Source\PSoC5/Cm3Start.c **** 
  45:.\Generated_Source\PSoC5/Cm3Start.c **** #if defined(__GNUC__)
  46:.\Generated_Source\PSoC5/Cm3Start.c ****     #include <errno.h>
  47:.\Generated_Source\PSoC5/Cm3Start.c ****     extern int  errno;
  48:.\Generated_Source\PSoC5/Cm3Start.c ****     extern int  end;
  49:.\Generated_Source\PSoC5/Cm3Start.c **** #endif  /* defined(__GNUC__) */
  50:.\Generated_Source\PSoC5/Cm3Start.c **** 
  51:.\Generated_Source\PSoC5/Cm3Start.c **** /* Extern functions */
  52:.\Generated_Source\PSoC5/Cm3Start.c **** extern void CyBtldr_CheckLaunch(void);
  53:.\Generated_Source\PSoC5/Cm3Start.c **** 
  54:.\Generated_Source\PSoC5/Cm3Start.c **** /* Function prototypes */
  55:.\Generated_Source\PSoC5/Cm3Start.c **** void initialize_psoc(void);
  56:.\Generated_Source\PSoC5/Cm3Start.c **** CY_ISR(IntDefaultHandler);
  57:.\Generated_Source\PSoC5/Cm3Start.c **** void Reset(void);
  58:.\Generated_Source\PSoC5/Cm3Start.c **** CY_ISR(IntDefaultHandler);
  59:.\Generated_Source\PSoC5/Cm3Start.c **** 
  60:.\Generated_Source\PSoC5/Cm3Start.c **** /* Global variables */
  61:.\Generated_Source\PSoC5/Cm3Start.c **** #if !defined (__ICCARM__)
  62:.\Generated_Source\PSoC5/Cm3Start.c ****     CY_NOINIT static uint32 cySysNoInitDataValid;
  63:.\Generated_Source\PSoC5/Cm3Start.c **** #endif  /* !defined (__ICCARM__) */
  64:.\Generated_Source\PSoC5/Cm3Start.c **** 
  65:.\Generated_Source\PSoC5/Cm3Start.c **** 
  66:.\Generated_Source\PSoC5/Cm3Start.c **** /*******************************************************************************
  67:.\Generated_Source\PSoC5/Cm3Start.c **** * Default Ram Interrupt Vector table storage area. Must be 256-byte aligned.
ARM GAS  C:\Users\RECEPC~1\AppData\Local\Temp\cczPInmP.s 			page 3


  68:.\Generated_Source\PSoC5/Cm3Start.c **** *******************************************************************************/
  69:.\Generated_Source\PSoC5/Cm3Start.c **** #if defined (__ICCARM__)
  70:.\Generated_Source\PSoC5/Cm3Start.c ****     #pragma location=".ramvectors"
  71:.\Generated_Source\PSoC5/Cm3Start.c ****     #pragma data_alignment=256
  72:.\Generated_Source\PSoC5/Cm3Start.c **** #else
  73:.\Generated_Source\PSoC5/Cm3Start.c ****     CY_SECTION(".ramvectors")
  74:.\Generated_Source\PSoC5/Cm3Start.c ****     CY_ALIGN(256)
  75:.\Generated_Source\PSoC5/Cm3Start.c **** #endif  /* defined (__ICCARM__) */
  76:.\Generated_Source\PSoC5/Cm3Start.c **** cyisraddress CyRamVectors[CY_NUM_VECTORS];
  77:.\Generated_Source\PSoC5/Cm3Start.c **** 
  78:.\Generated_Source\PSoC5/Cm3Start.c **** 
  79:.\Generated_Source\PSoC5/Cm3Start.c **** /*******************************************************************************
  80:.\Generated_Source\PSoC5/Cm3Start.c **** * Function Name: IntDefaultHandler
  81:.\Generated_Source\PSoC5/Cm3Start.c **** ********************************************************************************
  82:.\Generated_Source\PSoC5/Cm3Start.c **** *
  83:.\Generated_Source\PSoC5/Cm3Start.c **** * Summary:
  84:.\Generated_Source\PSoC5/Cm3Start.c **** *  This function is called for all interrupts, other than a reset that gets
  85:.\Generated_Source\PSoC5/Cm3Start.c **** *  called before the system is setup.
  86:.\Generated_Source\PSoC5/Cm3Start.c **** *
  87:.\Generated_Source\PSoC5/Cm3Start.c **** * Parameters:
  88:.\Generated_Source\PSoC5/Cm3Start.c **** *  None
  89:.\Generated_Source\PSoC5/Cm3Start.c **** *
  90:.\Generated_Source\PSoC5/Cm3Start.c **** * Return:
  91:.\Generated_Source\PSoC5/Cm3Start.c **** *  None
  92:.\Generated_Source\PSoC5/Cm3Start.c **** *
  93:.\Generated_Source\PSoC5/Cm3Start.c **** * Theory:
  94:.\Generated_Source\PSoC5/Cm3Start.c **** *  Any value other than zero is acceptable.
  95:.\Generated_Source\PSoC5/Cm3Start.c **** *
  96:.\Generated_Source\PSoC5/Cm3Start.c **** *******************************************************************************/
  97:.\Generated_Source\PSoC5/Cm3Start.c **** CY_ISR(IntDefaultHandler)
  98:.\Generated_Source\PSoC5/Cm3Start.c **** {
  40              		.loc 1 98 0
  41              		.cfi_startproc
  42              		@ args = 0, pretend = 0, frame = 0
  43              		@ frame_needed = 1, uses_anonymous_args = 0
  44              		@ link register save eliminated.
  45 0000 80B4     		push	{r7}
  46              		.cfi_def_cfa_offset 4
  47              		.cfi_offset 7, -4
  48 0002 00AF     		add	r7, sp, #0
  49              		.cfi_def_cfa_register 7
  50              	.L2:
  99:.\Generated_Source\PSoC5/Cm3Start.c **** 
 100:.\Generated_Source\PSoC5/Cm3Start.c ****     while(1)
 101:.\Generated_Source\PSoC5/Cm3Start.c ****     {
 102:.\Generated_Source\PSoC5/Cm3Start.c ****         /***********************************************************************
 103:.\Generated_Source\PSoC5/Cm3Start.c ****         * We must not get here. If we do, a serious problem occurs, so go
 104:.\Generated_Source\PSoC5/Cm3Start.c ****         * into an infinite loop.
 105:.\Generated_Source\PSoC5/Cm3Start.c ****         ***********************************************************************/
 106:.\Generated_Source\PSoC5/Cm3Start.c ****     }
  51              		.loc 1 106 0 discriminator 1
  52 0004 FEE7     		b	.L2
  53              		.cfi_endproc
  54              	.LFE0:
  55              		.size	IntDefaultHandler, .-IntDefaultHandler
  56              		.section	.text._exit,"ax",%progbits
  57              		.align	2
ARM GAS  C:\Users\RECEPC~1\AppData\Local\Temp\cczPInmP.s 			page 4


  58              		.weak	_exit
  59              		.thumb
  60              		.thumb_func
  61              		.type	_exit, %function
  62              	_exit:
  63              	.LFB1:
 107:.\Generated_Source\PSoC5/Cm3Start.c **** }
 108:.\Generated_Source\PSoC5/Cm3Start.c **** 
 109:.\Generated_Source\PSoC5/Cm3Start.c **** 
 110:.\Generated_Source\PSoC5/Cm3Start.c **** #if defined(__ARMCC_VERSION)
 111:.\Generated_Source\PSoC5/Cm3Start.c **** 
 112:.\Generated_Source\PSoC5/Cm3Start.c **** /* Local function for device reset. */
 113:.\Generated_Source\PSoC5/Cm3Start.c **** extern void Reset(void);
 114:.\Generated_Source\PSoC5/Cm3Start.c **** 
 115:.\Generated_Source\PSoC5/Cm3Start.c **** /* Application entry point. */
 116:.\Generated_Source\PSoC5/Cm3Start.c **** extern void $Super$$main(void);
 117:.\Generated_Source\PSoC5/Cm3Start.c **** 
 118:.\Generated_Source\PSoC5/Cm3Start.c **** /* Linker-generated Stack Base addresses, Two Region and One Region */
 119:.\Generated_Source\PSoC5/Cm3Start.c **** extern uint32 Image$$ARM_LIB_STACK$$ZI$$Limit;
 120:.\Generated_Source\PSoC5/Cm3Start.c **** 
 121:.\Generated_Source\PSoC5/Cm3Start.c **** /* RealView C Library initialization. */
 122:.\Generated_Source\PSoC5/Cm3Start.c **** extern int __main(void);
 123:.\Generated_Source\PSoC5/Cm3Start.c **** 
 124:.\Generated_Source\PSoC5/Cm3Start.c **** 
 125:.\Generated_Source\PSoC5/Cm3Start.c **** /*******************************************************************************
 126:.\Generated_Source\PSoC5/Cm3Start.c **** * Function Name: Reset
 127:.\Generated_Source\PSoC5/Cm3Start.c **** ********************************************************************************
 128:.\Generated_Source\PSoC5/Cm3Start.c **** *
 129:.\Generated_Source\PSoC5/Cm3Start.c **** * Summary:
 130:.\Generated_Source\PSoC5/Cm3Start.c **** *  This function handles the reset interrupt for the RVDS/MDK toolchains.
 131:.\Generated_Source\PSoC5/Cm3Start.c **** *  This is the first bit of code that is executed at startup.
 132:.\Generated_Source\PSoC5/Cm3Start.c **** *
 133:.\Generated_Source\PSoC5/Cm3Start.c **** * Parameters:
 134:.\Generated_Source\PSoC5/Cm3Start.c **** *  None
 135:.\Generated_Source\PSoC5/Cm3Start.c **** *
 136:.\Generated_Source\PSoC5/Cm3Start.c **** * Return:
 137:.\Generated_Source\PSoC5/Cm3Start.c **** *  None
 138:.\Generated_Source\PSoC5/Cm3Start.c **** *
 139:.\Generated_Source\PSoC5/Cm3Start.c **** *******************************************************************************/
 140:.\Generated_Source\PSoC5/Cm3Start.c **** void Reset(void)
 141:.\Generated_Source\PSoC5/Cm3Start.c **** {
 142:.\Generated_Source\PSoC5/Cm3Start.c ****     #if(CYDEV_PROJ_TYPE != CYDEV_PROJ_TYPE_LOADABLE && CYDEV_PROJ_TYPE != CYDEV_PROJ_TYPE_LOADABLEA
 143:.\Generated_Source\PSoC5/Cm3Start.c **** 
 144:.\Generated_Source\PSoC5/Cm3Start.c ****         /* For PSoC 5LP, debugging is enabled by default */
 145:.\Generated_Source\PSoC5/Cm3Start.c ****         #if(CYDEV_DEBUGGING_ENABLE == 0)
 146:.\Generated_Source\PSoC5/Cm3Start.c ****             *(reg32 *)(CYDEV_DEBUG_ENABLE_REGISTER) |= CYDEV_DEBUG_ENABLE_MASK;
 147:.\Generated_Source\PSoC5/Cm3Start.c ****         #endif /* (CYDEV_DEBUGGING_ENABLE) */
 148:.\Generated_Source\PSoC5/Cm3Start.c **** 
 149:.\Generated_Source\PSoC5/Cm3Start.c ****         /* Reset Status Register has Read-to-clear SW access mode.
 150:.\Generated_Source\PSoC5/Cm3Start.c ****         * Preserve current RESET_SR0 state to make it available for next reading.
 151:.\Generated_Source\PSoC5/Cm3Start.c ****         */
 152:.\Generated_Source\PSoC5/Cm3Start.c ****         *(reg32 *)(CYREG_PHUB_CFGMEM23_CFG1) = *(reg32 *)(CYREG_RESET_SR0);
 153:.\Generated_Source\PSoC5/Cm3Start.c **** 
 154:.\Generated_Source\PSoC5/Cm3Start.c ****     #endif  /* (CYDEV_PROJ_TYPE != CYDEV_PROJ_TYPE_LOADABLE && CYDEV_PROJ_TYPE != CYDEV_PROJ_TYPE_L
 155:.\Generated_Source\PSoC5/Cm3Start.c **** 
 156:.\Generated_Source\PSoC5/Cm3Start.c ****     #if ((CYDEV_BOOTLOADER_ENABLE) && (CYDEV_PROJ_TYPE != CYDEV_PROJ_TYPE_LOADABLEANDBOOTLOADER))
 157:.\Generated_Source\PSoC5/Cm3Start.c ****         CyBtldr_CheckLaunch();
ARM GAS  C:\Users\RECEPC~1\AppData\Local\Temp\cczPInmP.s 			page 5


 158:.\Generated_Source\PSoC5/Cm3Start.c ****     #endif /* ((CYDEV_BOOTLOADER_ENABLE) && (CYDEV_PROJ_TYPE != CYDEV_PROJ_TYPE_LOADABLEANDBOOTLOAD
 159:.\Generated_Source\PSoC5/Cm3Start.c **** 
 160:.\Generated_Source\PSoC5/Cm3Start.c ****     __main();
 161:.\Generated_Source\PSoC5/Cm3Start.c **** }
 162:.\Generated_Source\PSoC5/Cm3Start.c **** 
 163:.\Generated_Source\PSoC5/Cm3Start.c **** 
 164:.\Generated_Source\PSoC5/Cm3Start.c **** /*******************************************************************************
 165:.\Generated_Source\PSoC5/Cm3Start.c **** * Function Name: $Sub$$main
 166:.\Generated_Source\PSoC5/Cm3Start.c **** ********************************************************************************
 167:.\Generated_Source\PSoC5/Cm3Start.c **** *
 168:.\Generated_Source\PSoC5/Cm3Start.c **** * Summary:
 169:.\Generated_Source\PSoC5/Cm3Start.c **** *  This function is called immediately before the users main
 170:.\Generated_Source\PSoC5/Cm3Start.c **** *
 171:.\Generated_Source\PSoC5/Cm3Start.c **** * Parameters:
 172:.\Generated_Source\PSoC5/Cm3Start.c **** *  None
 173:.\Generated_Source\PSoC5/Cm3Start.c **** *
 174:.\Generated_Source\PSoC5/Cm3Start.c **** * Return:
 175:.\Generated_Source\PSoC5/Cm3Start.c **** *  None
 176:.\Generated_Source\PSoC5/Cm3Start.c **** *
 177:.\Generated_Source\PSoC5/Cm3Start.c **** *******************************************************************************/
 178:.\Generated_Source\PSoC5/Cm3Start.c **** void $Sub$$main(void)
 179:.\Generated_Source\PSoC5/Cm3Start.c **** {
 180:.\Generated_Source\PSoC5/Cm3Start.c ****     initialize_psoc();
 181:.\Generated_Source\PSoC5/Cm3Start.c **** 
 182:.\Generated_Source\PSoC5/Cm3Start.c ****     /* Call original main */
 183:.\Generated_Source\PSoC5/Cm3Start.c ****     $Super$$main();
 184:.\Generated_Source\PSoC5/Cm3Start.c **** 
 185:.\Generated_Source\PSoC5/Cm3Start.c ****     while (1)
 186:.\Generated_Source\PSoC5/Cm3Start.c ****     {
 187:.\Generated_Source\PSoC5/Cm3Start.c ****         /* If main returns, it is undefined what we should do. */
 188:.\Generated_Source\PSoC5/Cm3Start.c ****     }
 189:.\Generated_Source\PSoC5/Cm3Start.c **** }
 190:.\Generated_Source\PSoC5/Cm3Start.c **** 
 191:.\Generated_Source\PSoC5/Cm3Start.c **** #elif defined(__GNUC__)
 192:.\Generated_Source\PSoC5/Cm3Start.c **** 
 193:.\Generated_Source\PSoC5/Cm3Start.c **** void Start_c(void);
 194:.\Generated_Source\PSoC5/Cm3Start.c **** 
 195:.\Generated_Source\PSoC5/Cm3Start.c **** /* Stack Base address */
 196:.\Generated_Source\PSoC5/Cm3Start.c **** extern void __cy_stack(void);
 197:.\Generated_Source\PSoC5/Cm3Start.c **** 
 198:.\Generated_Source\PSoC5/Cm3Start.c **** /* Application entry point. */
 199:.\Generated_Source\PSoC5/Cm3Start.c **** extern int main(void);
 200:.\Generated_Source\PSoC5/Cm3Start.c **** 
 201:.\Generated_Source\PSoC5/Cm3Start.c **** /* Static objects constructors initializer */
 202:.\Generated_Source\PSoC5/Cm3Start.c **** extern void __libc_init_array(void);
 203:.\Generated_Source\PSoC5/Cm3Start.c **** 
 204:.\Generated_Source\PSoC5/Cm3Start.c **** typedef unsigned char __cy_byte_align8 __attribute ((aligned (8)));
 205:.\Generated_Source\PSoC5/Cm3Start.c **** 
 206:.\Generated_Source\PSoC5/Cm3Start.c **** struct __cy_region
 207:.\Generated_Source\PSoC5/Cm3Start.c **** {
 208:.\Generated_Source\PSoC5/Cm3Start.c ****     __cy_byte_align8 *init; /* Initial contents of this region.  */
 209:.\Generated_Source\PSoC5/Cm3Start.c ****     __cy_byte_align8 *data; /* Start address of region.  */
 210:.\Generated_Source\PSoC5/Cm3Start.c ****     size_t init_size;       /* Size of initial data.  */
 211:.\Generated_Source\PSoC5/Cm3Start.c ****     size_t zero_size;       /* Additional size to be zeroed.  */
 212:.\Generated_Source\PSoC5/Cm3Start.c **** };
 213:.\Generated_Source\PSoC5/Cm3Start.c **** 
 214:.\Generated_Source\PSoC5/Cm3Start.c **** extern const struct __cy_region __cy_regions[];
ARM GAS  C:\Users\RECEPC~1\AppData\Local\Temp\cczPInmP.s 			page 6


 215:.\Generated_Source\PSoC5/Cm3Start.c **** extern const char __cy_region_num __attribute__((weak));
 216:.\Generated_Source\PSoC5/Cm3Start.c **** #define __cy_region_num ((size_t)&__cy_region_num)
 217:.\Generated_Source\PSoC5/Cm3Start.c **** 
 218:.\Generated_Source\PSoC5/Cm3Start.c **** 
 219:.\Generated_Source\PSoC5/Cm3Start.c **** /*******************************************************************************
 220:.\Generated_Source\PSoC5/Cm3Start.c **** * System Calls of the Red Hat newlib C Library
 221:.\Generated_Source\PSoC5/Cm3Start.c **** *******************************************************************************/
 222:.\Generated_Source\PSoC5/Cm3Start.c **** 
 223:.\Generated_Source\PSoC5/Cm3Start.c **** 
 224:.\Generated_Source\PSoC5/Cm3Start.c **** /*******************************************************************************
 225:.\Generated_Source\PSoC5/Cm3Start.c **** * Function Name: _exit
 226:.\Generated_Source\PSoC5/Cm3Start.c **** ********************************************************************************
 227:.\Generated_Source\PSoC5/Cm3Start.c **** *
 228:.\Generated_Source\PSoC5/Cm3Start.c **** * Summary:
 229:.\Generated_Source\PSoC5/Cm3Start.c **** *  Exit a program without cleaning up files. If your system doesn't provide
 230:.\Generated_Source\PSoC5/Cm3Start.c **** *  this, it is best to avoid linking with subroutines that require it (exit,
 231:.\Generated_Source\PSoC5/Cm3Start.c **** *  system).
 232:.\Generated_Source\PSoC5/Cm3Start.c **** *
 233:.\Generated_Source\PSoC5/Cm3Start.c **** * Parameters:
 234:.\Generated_Source\PSoC5/Cm3Start.c **** *  status: Status caused program exit.
 235:.\Generated_Source\PSoC5/Cm3Start.c **** *
 236:.\Generated_Source\PSoC5/Cm3Start.c **** * Return:
 237:.\Generated_Source\PSoC5/Cm3Start.c **** *  None
 238:.\Generated_Source\PSoC5/Cm3Start.c **** *
 239:.\Generated_Source\PSoC5/Cm3Start.c **** *******************************************************************************/
 240:.\Generated_Source\PSoC5/Cm3Start.c **** __attribute__((weak))
 241:.\Generated_Source\PSoC5/Cm3Start.c **** void _exit(int status)
 242:.\Generated_Source\PSoC5/Cm3Start.c **** {
  64              		.loc 1 242 0
  65              		.cfi_startproc
  66              		@ args = 0, pretend = 0, frame = 8
  67              		@ frame_needed = 1, uses_anonymous_args = 0
  68 0000 80B5     		push	{r7, lr}
  69              		.cfi_def_cfa_offset 8
  70              		.cfi_offset 7, -8
  71              		.cfi_offset 14, -4
  72 0002 82B0     		sub	sp, sp, #8
  73              		.cfi_def_cfa_offset 16
  74 0004 00AF     		add	r7, sp, #0
  75              		.cfi_def_cfa_register 7
  76 0006 7860     		str	r0, [r7, #4]
 243:.\Generated_Source\PSoC5/Cm3Start.c ****     CyHalt((uint8) status);
  77              		.loc 1 243 0
  78 0008 7B68     		ldr	r3, [r7, #4]
  79 000a DBB2     		uxtb	r3, r3
  80 000c 1846     		mov	r0, r3
  81 000e FFF7FEFF 		bl	CyHalt
  82              	.L4:
 244:.\Generated_Source\PSoC5/Cm3Start.c ****     while(1)
 245:.\Generated_Source\PSoC5/Cm3Start.c ****     {
 246:.\Generated_Source\PSoC5/Cm3Start.c **** 
 247:.\Generated_Source\PSoC5/Cm3Start.c ****     }
  83              		.loc 1 247 0 discriminator 1
  84 0012 FEE7     		b	.L4
  85              		.cfi_endproc
  86              	.LFE1:
  87              		.size	_exit, .-_exit
ARM GAS  C:\Users\RECEPC~1\AppData\Local\Temp\cczPInmP.s 			page 7


  88              		.section	.text._sbrk,"ax",%progbits
  89              		.align	2
  90              		.weak	_sbrk
  91              		.thumb
  92              		.thumb_func
  93              		.type	_sbrk, %function
  94              	_sbrk:
  95              	.LFB2:
 248:.\Generated_Source\PSoC5/Cm3Start.c **** }
 249:.\Generated_Source\PSoC5/Cm3Start.c **** 
 250:.\Generated_Source\PSoC5/Cm3Start.c **** 
 251:.\Generated_Source\PSoC5/Cm3Start.c **** /*******************************************************************************
 252:.\Generated_Source\PSoC5/Cm3Start.c **** * Function Name: _sbrk
 253:.\Generated_Source\PSoC5/Cm3Start.c **** ********************************************************************************
 254:.\Generated_Source\PSoC5/Cm3Start.c **** *
 255:.\Generated_Source\PSoC5/Cm3Start.c **** * Summary:
 256:.\Generated_Source\PSoC5/Cm3Start.c **** *  Increase program data space. As malloc and related functions depend on this,
 257:.\Generated_Source\PSoC5/Cm3Start.c **** *  it is useful to have a working implementation. The following suffices for a
 258:.\Generated_Source\PSoC5/Cm3Start.c **** *  standalone system; it exploits the symbol end automatically defined by the
 259:.\Generated_Source\PSoC5/Cm3Start.c **** *  GNU linker.
 260:.\Generated_Source\PSoC5/Cm3Start.c **** *
 261:.\Generated_Source\PSoC5/Cm3Start.c **** * Parameters:
 262:.\Generated_Source\PSoC5/Cm3Start.c **** *  nbytes: The number of bytes requested (if the parameter value is positive)
 263:.\Generated_Source\PSoC5/Cm3Start.c **** *  from the heap or returned back to the heap (if the parameter value is
 264:.\Generated_Source\PSoC5/Cm3Start.c **** *  negative).
 265:.\Generated_Source\PSoC5/Cm3Start.c **** *
 266:.\Generated_Source\PSoC5/Cm3Start.c **** * Return:
 267:.\Generated_Source\PSoC5/Cm3Start.c **** *  None
 268:.\Generated_Source\PSoC5/Cm3Start.c **** *
 269:.\Generated_Source\PSoC5/Cm3Start.c **** *******************************************************************************/
 270:.\Generated_Source\PSoC5/Cm3Start.c **** __attribute__((weak))
 271:.\Generated_Source\PSoC5/Cm3Start.c **** void * _sbrk (int nbytes)
 272:.\Generated_Source\PSoC5/Cm3Start.c **** {
  96              		.loc 1 272 0
  97              		.cfi_startproc
  98              		@ args = 0, pretend = 0, frame = 16
  99              		@ frame_needed = 1, uses_anonymous_args = 0
 100 0000 80B5     		push	{r7, lr}
 101              		.cfi_def_cfa_offset 8
 102              		.cfi_offset 7, -8
 103              		.cfi_offset 14, -4
 104 0002 84B0     		sub	sp, sp, #16
 105              		.cfi_def_cfa_offset 24
 106 0004 00AF     		add	r7, sp, #0
 107              		.cfi_def_cfa_register 7
 108 0006 7860     		str	r0, [r7, #4]
 273:.\Generated_Source\PSoC5/Cm3Start.c ****     extern int  end;            /* Symbol defined by linker map. Start of free memory (as symbol). 
 274:.\Generated_Source\PSoC5/Cm3Start.c ****     void *      returnValue;
 275:.\Generated_Source\PSoC5/Cm3Start.c **** 
 276:.\Generated_Source\PSoC5/Cm3Start.c ****     /* The statically held previous end of the heap, with its initialization. */
 277:.\Generated_Source\PSoC5/Cm3Start.c ****     static void *heapPointer = (void *) &end;                 /* Previous end */
 278:.\Generated_Source\PSoC5/Cm3Start.c **** 
 279:.\Generated_Source\PSoC5/Cm3Start.c ****     if (((heapPointer + nbytes) - (void *) &end) <= CYDEV_HEAP_SIZE)
 109              		.loc 1 279 0
 110 0008 104B     		ldr	r3, .L9
 111 000a 1A68     		ldr	r2, [r3]
 112 000c 7B68     		ldr	r3, [r7, #4]
ARM GAS  C:\Users\RECEPC~1\AppData\Local\Temp\cczPInmP.s 			page 8


 113 000e 1344     		add	r3, r3, r2
 114 0010 1A46     		mov	r2, r3
 115 0012 0F4B     		ldr	r3, .L9+4
 116 0014 D31A     		subs	r3, r2, r3
 117 0016 B3F5805F 		cmp	r3, #4096
 118 001a 09DC     		bgt	.L6
 280:.\Generated_Source\PSoC5/Cm3Start.c ****     {
 281:.\Generated_Source\PSoC5/Cm3Start.c ****         returnValue  = heapPointer;
 119              		.loc 1 281 0
 120 001c 0B4B     		ldr	r3, .L9
 121 001e 1B68     		ldr	r3, [r3]
 122 0020 FB60     		str	r3, [r7, #12]
 282:.\Generated_Source\PSoC5/Cm3Start.c ****         heapPointer += nbytes;
 123              		.loc 1 282 0
 124 0022 0A4B     		ldr	r3, .L9
 125 0024 1A68     		ldr	r2, [r3]
 126 0026 7B68     		ldr	r3, [r7, #4]
 127 0028 1A44     		add	r2, r2, r3
 128 002a 084B     		ldr	r3, .L9
 129 002c 1A60     		str	r2, [r3]
 130 002e 07E0     		b	.L7
 131              	.L6:
 283:.\Generated_Source\PSoC5/Cm3Start.c ****     }
 284:.\Generated_Source\PSoC5/Cm3Start.c ****     else
 285:.\Generated_Source\PSoC5/Cm3Start.c ****     {
 286:.\Generated_Source\PSoC5/Cm3Start.c ****         errno = ENOMEM;
 132              		.loc 1 286 0
 133 0030 FFF7FEFF 		bl	__errno
 134 0034 0346     		mov	r3, r0
 135 0036 0C22     		movs	r2, #12
 136 0038 1A60     		str	r2, [r3]
 287:.\Generated_Source\PSoC5/Cm3Start.c ****         returnValue = (void *) -1;
 137              		.loc 1 287 0
 138 003a 4FF0FF33 		mov	r3, #-1
 139 003e FB60     		str	r3, [r7, #12]
 140              	.L7:
 288:.\Generated_Source\PSoC5/Cm3Start.c ****     }
 289:.\Generated_Source\PSoC5/Cm3Start.c **** 
 290:.\Generated_Source\PSoC5/Cm3Start.c ****     return (returnValue);
 141              		.loc 1 290 0
 142 0040 FB68     		ldr	r3, [r7, #12]
 291:.\Generated_Source\PSoC5/Cm3Start.c **** }
 143              		.loc 1 291 0
 144 0042 1846     		mov	r0, r3
 145 0044 1037     		adds	r7, r7, #16
 146 0046 BD46     		mov	sp, r7
 147              		@ sp needed
 148 0048 80BD     		pop	{r7, pc}
 149              	.L10:
 150 004a 00BF     		.align	2
 151              	.L9:
 152 004c 00000000 		.word	heapPointer.4945
 153 0050 00000000 		.word	end
 154              		.cfi_endproc
 155              	.LFE2:
 156              		.size	_sbrk, .-_sbrk
 157              		.section	.text.Reset,"ax",%progbits
ARM GAS  C:\Users\RECEPC~1\AppData\Local\Temp\cczPInmP.s 			page 9


 158              		.align	2
 159              		.global	Reset
 160              		.thumb
 161              		.thumb_func
 162              		.type	Reset, %function
 163              	Reset:
 164              	.LFB3:
 292:.\Generated_Source\PSoC5/Cm3Start.c **** 
 293:.\Generated_Source\PSoC5/Cm3Start.c **** 
 294:.\Generated_Source\PSoC5/Cm3Start.c **** /*******************************************************************************
 295:.\Generated_Source\PSoC5/Cm3Start.c **** * Function Name: Reset
 296:.\Generated_Source\PSoC5/Cm3Start.c **** ********************************************************************************
 297:.\Generated_Source\PSoC5/Cm3Start.c **** *
 298:.\Generated_Source\PSoC5/Cm3Start.c **** * Summary:
 299:.\Generated_Source\PSoC5/Cm3Start.c **** *  This function handles the reset interrupt for the GCC toolchain. This is the
 300:.\Generated_Source\PSoC5/Cm3Start.c **** *  first bit of code that is executed at startup.
 301:.\Generated_Source\PSoC5/Cm3Start.c **** *
 302:.\Generated_Source\PSoC5/Cm3Start.c **** * Parameters:
 303:.\Generated_Source\PSoC5/Cm3Start.c **** *  None
 304:.\Generated_Source\PSoC5/Cm3Start.c **** *
 305:.\Generated_Source\PSoC5/Cm3Start.c **** * Return:
 306:.\Generated_Source\PSoC5/Cm3Start.c **** *  None
 307:.\Generated_Source\PSoC5/Cm3Start.c **** *
 308:.\Generated_Source\PSoC5/Cm3Start.c **** *******************************************************************************/
 309:.\Generated_Source\PSoC5/Cm3Start.c **** void Reset(void)
 310:.\Generated_Source\PSoC5/Cm3Start.c **** {
 165              		.loc 1 310 0
 166              		.cfi_startproc
 167              		@ args = 0, pretend = 0, frame = 0
 168              		@ frame_needed = 1, uses_anonymous_args = 0
 169 0000 80B5     		push	{r7, lr}
 170              		.cfi_def_cfa_offset 8
 171              		.cfi_offset 7, -8
 172              		.cfi_offset 14, -4
 173 0002 00AF     		add	r7, sp, #0
 174              		.cfi_def_cfa_register 7
 311:.\Generated_Source\PSoC5/Cm3Start.c ****     #if(CYDEV_PROJ_TYPE != CYDEV_PROJ_TYPE_LOADABLE && CYDEV_PROJ_TYPE != CYDEV_PROJ_TYPE_LOADABLEA
 312:.\Generated_Source\PSoC5/Cm3Start.c **** 
 313:.\Generated_Source\PSoC5/Cm3Start.c ****         /* For PSoC 5LP, debugging is enabled by default */
 314:.\Generated_Source\PSoC5/Cm3Start.c ****         #if(CYDEV_DEBUGGING_ENABLE == 0)
 315:.\Generated_Source\PSoC5/Cm3Start.c ****             *(reg32 *)(CYDEV_DEBUG_ENABLE_REGISTER) |= CYDEV_DEBUG_ENABLE_MASK;
 316:.\Generated_Source\PSoC5/Cm3Start.c ****         #endif /* (CYDEV_DEBUGGING_ENABLE) */
 317:.\Generated_Source\PSoC5/Cm3Start.c **** 
 318:.\Generated_Source\PSoC5/Cm3Start.c ****         /* Reset Status Register has Read-to-clear SW access mode.
 319:.\Generated_Source\PSoC5/Cm3Start.c ****         * Preserve current RESET_SR0 state to make it available for next reading.
 320:.\Generated_Source\PSoC5/Cm3Start.c ****         */
 321:.\Generated_Source\PSoC5/Cm3Start.c ****         *(reg32 *)(CYREG_PHUB_CFGMEM23_CFG1) = *(reg32 *)(CYREG_RESET_SR0);
 175              		.loc 1 321 0
 176 0004 024B     		ldr	r3, .L12
 177 0006 034A     		ldr	r2, .L12+4
 178 0008 1268     		ldr	r2, [r2]
 179 000a 1A60     		str	r2, [r3]
 322:.\Generated_Source\PSoC5/Cm3Start.c **** 
 323:.\Generated_Source\PSoC5/Cm3Start.c ****     #endif  /* (CYDEV_PROJ_TYPE != CYDEV_PROJ_TYPE_LOADABLE && CYDEV_PROJ_TYPE != CYDEV_PROJ_TYPE_L
 324:.\Generated_Source\PSoC5/Cm3Start.c **** 
 325:.\Generated_Source\PSoC5/Cm3Start.c ****     #if ((CYDEV_BOOTLOADER_ENABLE) && (CYDEV_PROJ_TYPE != CYDEV_PROJ_TYPE_LOADABLEANDBOOTLOADER))
 326:.\Generated_Source\PSoC5/Cm3Start.c ****         CyBtldr_CheckLaunch();
ARM GAS  C:\Users\RECEPC~1\AppData\Local\Temp\cczPInmP.s 			page 10


 327:.\Generated_Source\PSoC5/Cm3Start.c ****     #endif /* ((CYDEV_BOOTLOADER_ENABLE) && (CYDEV_PROJ_TYPE != CYDEV_PROJ_TYPE_LOADABLEANDBOOTLOAD
 328:.\Generated_Source\PSoC5/Cm3Start.c **** 
 329:.\Generated_Source\PSoC5/Cm3Start.c ****     Start_c();
 180              		.loc 1 329 0
 181 000c FFF7FEFF 		bl	Start_c
 182              	.L13:
 183              		.align	2
 184              	.L12:
 185 0010 BC760040 		.word	1073772220
 186 0014 FA460040 		.word	1073759994
 187              		.cfi_endproc
 188              	.LFE3:
 189              		.size	Reset, .-Reset
 190              		.section	.text.Start_c,"ax",%progbits
 191              		.align	2
 192              		.global	Start_c
 193              		.thumb
 194              		.thumb_func
 195              		.type	Start_c, %function
 196              	Start_c:
 197              	.LFB4:
 330:.\Generated_Source\PSoC5/Cm3Start.c **** }
 331:.\Generated_Source\PSoC5/Cm3Start.c **** 
 332:.\Generated_Source\PSoC5/Cm3Start.c **** 
 333:.\Generated_Source\PSoC5/Cm3Start.c **** /*******************************************************************************
 334:.\Generated_Source\PSoC5/Cm3Start.c **** * Function Name: Start_c
 335:.\Generated_Source\PSoC5/Cm3Start.c **** ********************************************************************************
 336:.\Generated_Source\PSoC5/Cm3Start.c **** *
 337:.\Generated_Source\PSoC5/Cm3Start.c **** * Summary:
 338:.\Generated_Source\PSoC5/Cm3Start.c **** *  This function handles initializing the .data and .bss sections in
 339:.\Generated_Source\PSoC5/Cm3Start.c **** *  preparation for running the standard C code.  Once initialization is complete
 340:.\Generated_Source\PSoC5/Cm3Start.c **** *  it will call main(). This function will never return.
 341:.\Generated_Source\PSoC5/Cm3Start.c **** *
 342:.\Generated_Source\PSoC5/Cm3Start.c **** * Parameters:
 343:.\Generated_Source\PSoC5/Cm3Start.c **** *  None
 344:.\Generated_Source\PSoC5/Cm3Start.c **** *
 345:.\Generated_Source\PSoC5/Cm3Start.c **** * Return:
 346:.\Generated_Source\PSoC5/Cm3Start.c **** *  None
 347:.\Generated_Source\PSoC5/Cm3Start.c **** *
 348:.\Generated_Source\PSoC5/Cm3Start.c **** *******************************************************************************/
 349:.\Generated_Source\PSoC5/Cm3Start.c **** void Start_c(void)  __attribute__ ((noreturn));
 350:.\Generated_Source\PSoC5/Cm3Start.c **** void Start_c(void)
 351:.\Generated_Source\PSoC5/Cm3Start.c **** {
 198              		.loc 1 351 0
 199              		.cfi_startproc
 200              		@ args = 0, pretend = 0, frame = 24
 201              		@ frame_needed = 1, uses_anonymous_args = 0
 202 0000 80B5     		push	{r7, lr}
 203              		.cfi_def_cfa_offset 8
 204              		.cfi_offset 7, -8
 205              		.cfi_offset 14, -4
 206 0002 86B0     		sub	sp, sp, #24
 207              		.cfi_def_cfa_offset 32
 208 0004 00AF     		add	r7, sp, #0
 209              		.cfi_def_cfa_register 7
 352:.\Generated_Source\PSoC5/Cm3Start.c ****     unsigned regions = __cy_region_num;
 210              		.loc 1 352 0
ARM GAS  C:\Users\RECEPC~1\AppData\Local\Temp\cczPInmP.s 			page 11


 211 0006 224B     		ldr	r3, .L22
 212 0008 7B61     		str	r3, [r7, #20]
 353:.\Generated_Source\PSoC5/Cm3Start.c ****     const struct __cy_region *rptr = __cy_regions;
 213              		.loc 1 353 0
 214 000a 224B     		ldr	r3, .L22+4
 215 000c 3B61     		str	r3, [r7, #16]
 354:.\Generated_Source\PSoC5/Cm3Start.c **** 
 355:.\Generated_Source\PSoC5/Cm3Start.c ****     /* Initialize memory */
 356:.\Generated_Source\PSoC5/Cm3Start.c ****     for (regions = __cy_region_num; regions != 0u; regions--)
 216              		.loc 1 356 0
 217 000e 204B     		ldr	r3, .L22
 218 0010 7B61     		str	r3, [r7, #20]
 219 0012 35E0     		b	.L15
 220              	.L20:
 221              	.LBB2:
 357:.\Generated_Source\PSoC5/Cm3Start.c ****     {
 358:.\Generated_Source\PSoC5/Cm3Start.c ****         uint32 *src = (uint32 *)rptr->init;
 222              		.loc 1 358 0
 223 0014 3B69     		ldr	r3, [r7, #16]
 224 0016 1B68     		ldr	r3, [r3]
 225 0018 FB60     		str	r3, [r7, #12]
 359:.\Generated_Source\PSoC5/Cm3Start.c ****         uint32 *dst = (uint32 *)rptr->data;
 226              		.loc 1 359 0
 227 001a 3B69     		ldr	r3, [r7, #16]
 228 001c 5B68     		ldr	r3, [r3, #4]
 229 001e BB60     		str	r3, [r7, #8]
 360:.\Generated_Source\PSoC5/Cm3Start.c ****         unsigned limit = rptr->init_size;
 230              		.loc 1 360 0
 231 0020 3B69     		ldr	r3, [r7, #16]
 232 0022 9B68     		ldr	r3, [r3, #8]
 233 0024 3B60     		str	r3, [r7]
 361:.\Generated_Source\PSoC5/Cm3Start.c ****         unsigned count;
 362:.\Generated_Source\PSoC5/Cm3Start.c **** 
 363:.\Generated_Source\PSoC5/Cm3Start.c ****         for (count = 0u; count != limit; count += sizeof (uint32))
 234              		.loc 1 363 0
 235 0026 0023     		movs	r3, #0
 236 0028 7B60     		str	r3, [r7, #4]
 237 002a 0CE0     		b	.L16
 238              	.L17:
 364:.\Generated_Source\PSoC5/Cm3Start.c ****         {
 365:.\Generated_Source\PSoC5/Cm3Start.c ****             *dst = *src;
 239              		.loc 1 365 0 discriminator 2
 240 002c FB68     		ldr	r3, [r7, #12]
 241 002e 1A68     		ldr	r2, [r3]
 242 0030 BB68     		ldr	r3, [r7, #8]
 243 0032 1A60     		str	r2, [r3]
 366:.\Generated_Source\PSoC5/Cm3Start.c ****             dst++;
 244              		.loc 1 366 0 discriminator 2
 245 0034 BB68     		ldr	r3, [r7, #8]
 246 0036 0433     		adds	r3, r3, #4
 247 0038 BB60     		str	r3, [r7, #8]
 367:.\Generated_Source\PSoC5/Cm3Start.c ****             src++;
 248              		.loc 1 367 0 discriminator 2
 249 003a FB68     		ldr	r3, [r7, #12]
 250 003c 0433     		adds	r3, r3, #4
 251 003e FB60     		str	r3, [r7, #12]
 363:.\Generated_Source\PSoC5/Cm3Start.c ****         for (count = 0u; count != limit; count += sizeof (uint32))
ARM GAS  C:\Users\RECEPC~1\AppData\Local\Temp\cczPInmP.s 			page 12


 252              		.loc 1 363 0 discriminator 2
 253 0040 7B68     		ldr	r3, [r7, #4]
 254 0042 0433     		adds	r3, r3, #4
 255 0044 7B60     		str	r3, [r7, #4]
 256              	.L16:
 363:.\Generated_Source\PSoC5/Cm3Start.c ****         for (count = 0u; count != limit; count += sizeof (uint32))
 257              		.loc 1 363 0 is_stmt 0 discriminator 1
 258 0046 7A68     		ldr	r2, [r7, #4]
 259 0048 3B68     		ldr	r3, [r7]
 260 004a 9A42     		cmp	r2, r3
 261 004c EED1     		bne	.L17
 368:.\Generated_Source\PSoC5/Cm3Start.c ****         }
 369:.\Generated_Source\PSoC5/Cm3Start.c ****         limit = rptr->zero_size;
 262              		.loc 1 369 0 is_stmt 1
 263 004e 3B69     		ldr	r3, [r7, #16]
 264 0050 DB68     		ldr	r3, [r3, #12]
 265 0052 3B60     		str	r3, [r7]
 370:.\Generated_Source\PSoC5/Cm3Start.c ****         for (count = 0u; count != limit; count += sizeof (uint32))
 266              		.loc 1 370 0
 267 0054 0023     		movs	r3, #0
 268 0056 7B60     		str	r3, [r7, #4]
 269 0058 08E0     		b	.L18
 270              	.L19:
 371:.\Generated_Source\PSoC5/Cm3Start.c ****         {
 372:.\Generated_Source\PSoC5/Cm3Start.c ****             *dst = 0u;
 271              		.loc 1 372 0 discriminator 2
 272 005a BB68     		ldr	r3, [r7, #8]
 273 005c 0022     		movs	r2, #0
 274 005e 1A60     		str	r2, [r3]
 373:.\Generated_Source\PSoC5/Cm3Start.c ****             dst++;
 275              		.loc 1 373 0 discriminator 2
 276 0060 BB68     		ldr	r3, [r7, #8]
 277 0062 0433     		adds	r3, r3, #4
 278 0064 BB60     		str	r3, [r7, #8]
 370:.\Generated_Source\PSoC5/Cm3Start.c ****         for (count = 0u; count != limit; count += sizeof (uint32))
 279              		.loc 1 370 0 discriminator 2
 280 0066 7B68     		ldr	r3, [r7, #4]
 281 0068 0433     		adds	r3, r3, #4
 282 006a 7B60     		str	r3, [r7, #4]
 283              	.L18:
 370:.\Generated_Source\PSoC5/Cm3Start.c ****         for (count = 0u; count != limit; count += sizeof (uint32))
 284              		.loc 1 370 0 is_stmt 0 discriminator 1
 285 006c 7A68     		ldr	r2, [r7, #4]
 286 006e 3B68     		ldr	r3, [r7]
 287 0070 9A42     		cmp	r2, r3
 288 0072 F2D1     		bne	.L19
 374:.\Generated_Source\PSoC5/Cm3Start.c ****         }
 375:.\Generated_Source\PSoC5/Cm3Start.c **** 
 376:.\Generated_Source\PSoC5/Cm3Start.c ****         rptr++;
 289              		.loc 1 376 0 is_stmt 1
 290 0074 3B69     		ldr	r3, [r7, #16]
 291 0076 1033     		adds	r3, r3, #16
 292 0078 3B61     		str	r3, [r7, #16]
 293              	.LBE2:
 356:.\Generated_Source\PSoC5/Cm3Start.c ****     for (regions = __cy_region_num; regions != 0u; regions--)
 294              		.loc 1 356 0
 295 007a 7B69     		ldr	r3, [r7, #20]
ARM GAS  C:\Users\RECEPC~1\AppData\Local\Temp\cczPInmP.s 			page 13


 296 007c 013B     		subs	r3, r3, #1
 297 007e 7B61     		str	r3, [r7, #20]
 298              	.L15:
 356:.\Generated_Source\PSoC5/Cm3Start.c ****     for (regions = __cy_region_num; regions != 0u; regions--)
 299              		.loc 1 356 0 is_stmt 0 discriminator 1
 300 0080 7B69     		ldr	r3, [r7, #20]
 301 0082 002B     		cmp	r3, #0
 302 0084 C6D1     		bne	.L20
 377:.\Generated_Source\PSoC5/Cm3Start.c ****     }
 378:.\Generated_Source\PSoC5/Cm3Start.c **** 
 379:.\Generated_Source\PSoC5/Cm3Start.c ****     /* Invoke static objects constructors */
 380:.\Generated_Source\PSoC5/Cm3Start.c ****     __libc_init_array();
 303              		.loc 1 380 0 is_stmt 1
 304 0086 FFF7FEFF 		bl	__libc_init_array
 381:.\Generated_Source\PSoC5/Cm3Start.c ****     (void) main();
 305              		.loc 1 381 0
 306 008a FFF7FEFF 		bl	main
 307              	.L21:
 382:.\Generated_Source\PSoC5/Cm3Start.c **** 
 383:.\Generated_Source\PSoC5/Cm3Start.c ****     while (1)
 384:.\Generated_Source\PSoC5/Cm3Start.c ****     {
 385:.\Generated_Source\PSoC5/Cm3Start.c ****         /* If main returns, make sure we don't return. */
 386:.\Generated_Source\PSoC5/Cm3Start.c ****     }
 308              		.loc 1 386 0 discriminator 1
 309 008e FEE7     		b	.L21
 310              	.L23:
 311              		.align	2
 312              	.L22:
 313 0090 00000000 		.word	__cy_region_num
 314 0094 00000000 		.word	__cy_regions
 315              		.cfi_endproc
 316              	.LFE4:
 317              		.size	Start_c, .-Start_c
 318              		.global	RomVectors
 319              		.section	.romvectors,"a",%progbits
 320              		.align	2
 321              		.type	RomVectors, %object
 322              		.size	RomVectors, 16
 323              	RomVectors:
 324 0000 00000000 		.word	__cy_stack
 325 0004 00000000 		.word	Reset
 326 0008 00000000 		.word	IntDefaultHandler
 327 000c 00000000 		.word	IntDefaultHandler
 328              		.section	.text.initialize_psoc,"ax",%progbits
 329              		.align	2
 330              		.global	initialize_psoc
 331              		.thumb
 332              		.thumb_func
 333              		.type	initialize_psoc, %function
 334              	initialize_psoc:
 335              	.LFB5:
 387:.\Generated_Source\PSoC5/Cm3Start.c **** }
 388:.\Generated_Source\PSoC5/Cm3Start.c **** 
 389:.\Generated_Source\PSoC5/Cm3Start.c **** 
 390:.\Generated_Source\PSoC5/Cm3Start.c **** #elif defined (__ICCARM__)
 391:.\Generated_Source\PSoC5/Cm3Start.c **** 
 392:.\Generated_Source\PSoC5/Cm3Start.c **** /*******************************************************************************
ARM GAS  C:\Users\RECEPC~1\AppData\Local\Temp\cczPInmP.s 			page 14


 393:.\Generated_Source\PSoC5/Cm3Start.c **** * Function Name: __low_level_init
 394:.\Generated_Source\PSoC5/Cm3Start.c **** ********************************************************************************
 395:.\Generated_Source\PSoC5/Cm3Start.c **** *
 396:.\Generated_Source\PSoC5/Cm3Start.c **** * Summary:
 397:.\Generated_Source\PSoC5/Cm3Start.c **** *  This function performs early initializations for the IAR Embedded
 398:.\Generated_Source\PSoC5/Cm3Start.c **** *  Workbench IDE. It is executed in the context of a reset interrupt handler
 399:.\Generated_Source\PSoC5/Cm3Start.c **** *  before the data sections are initialized.
 400:.\Generated_Source\PSoC5/Cm3Start.c **** *
 401:.\Generated_Source\PSoC5/Cm3Start.c **** * Parameters:
 402:.\Generated_Source\PSoC5/Cm3Start.c **** *  None
 403:.\Generated_Source\PSoC5/Cm3Start.c **** *
 404:.\Generated_Source\PSoC5/Cm3Start.c **** * Return:
 405:.\Generated_Source\PSoC5/Cm3Start.c **** *  The value that determines whether or not data sections should be initialized
 406:.\Generated_Source\PSoC5/Cm3Start.c **** *  by the system startup code:
 407:.\Generated_Source\PSoC5/Cm3Start.c **** *    0 - skip data sections initialization;
 408:.\Generated_Source\PSoC5/Cm3Start.c **** *    1 - initialize data sections;
 409:.\Generated_Source\PSoC5/Cm3Start.c **** *
 410:.\Generated_Source\PSoC5/Cm3Start.c **** *******************************************************************************/
 411:.\Generated_Source\PSoC5/Cm3Start.c **** int __low_level_init(void)
 412:.\Generated_Source\PSoC5/Cm3Start.c **** {
 413:.\Generated_Source\PSoC5/Cm3Start.c ****     #if (CYDEV_PROJ_TYPE != CYDEV_PROJ_TYPE_LOADABLE && CYDEV_PROJ_TYPE != CYDEV_PROJ_TYPE_LOADABLE
 414:.\Generated_Source\PSoC5/Cm3Start.c **** 
 415:.\Generated_Source\PSoC5/Cm3Start.c ****         /* For PSoC 5LP, debugging is enabled by default */
 416:.\Generated_Source\PSoC5/Cm3Start.c ****         #if(CYDEV_DEBUGGING_ENABLE == 0)
 417:.\Generated_Source\PSoC5/Cm3Start.c ****             *(reg32 *)(CYDEV_DEBUG_ENABLE_REGISTER) |= CYDEV_DEBUG_ENABLE_MASK;
 418:.\Generated_Source\PSoC5/Cm3Start.c ****         #endif /* (CYDEV_DEBUGGING_ENABLE) */
 419:.\Generated_Source\PSoC5/Cm3Start.c **** 
 420:.\Generated_Source\PSoC5/Cm3Start.c ****         /* Reset Status Register has Read-to-clear SW access mode.
 421:.\Generated_Source\PSoC5/Cm3Start.c ****         * Preserve current RESET_SR0 state to make it available for next reading.
 422:.\Generated_Source\PSoC5/Cm3Start.c ****         */
 423:.\Generated_Source\PSoC5/Cm3Start.c ****         *(reg32 *)(CYREG_PHUB_CFGMEM23_CFG1) = *(reg32 *)(CYREG_RESET_SR0);
 424:.\Generated_Source\PSoC5/Cm3Start.c **** 
 425:.\Generated_Source\PSoC5/Cm3Start.c ****     #endif  /* (CYDEV_PROJ_TYPE != CYDEV_PROJ_TYPE_LOADABLE && CYDEV_PROJ_TYPE != CYDEV_PROJ_TYPE_L
 426:.\Generated_Source\PSoC5/Cm3Start.c **** 
 427:.\Generated_Source\PSoC5/Cm3Start.c ****     #if ((CYDEV_BOOTLOADER_ENABLE) && (CYDEV_PROJ_TYPE != CYDEV_PROJ_TYPE_LOADABLEANDBOOTLOADER))
 428:.\Generated_Source\PSoC5/Cm3Start.c ****         CyBtldr_CheckLaunch();
 429:.\Generated_Source\PSoC5/Cm3Start.c ****     #endif /* ((CYDEV_BOOTLOADER_ENABLE) && (CYDEV_PROJ_TYPE != CYDEV_PROJ_TYPE_LOADABLEANDBOOTLOAD
 430:.\Generated_Source\PSoC5/Cm3Start.c **** 
 431:.\Generated_Source\PSoC5/Cm3Start.c ****     /* Initialize data sections */
 432:.\Generated_Source\PSoC5/Cm3Start.c ****     __iar_data_init3();
 433:.\Generated_Source\PSoC5/Cm3Start.c **** 
 434:.\Generated_Source\PSoC5/Cm3Start.c ****     initialize_psoc();
 435:.\Generated_Source\PSoC5/Cm3Start.c **** 
 436:.\Generated_Source\PSoC5/Cm3Start.c ****     return 0;
 437:.\Generated_Source\PSoC5/Cm3Start.c **** }
 438:.\Generated_Source\PSoC5/Cm3Start.c **** 
 439:.\Generated_Source\PSoC5/Cm3Start.c **** #endif /* __GNUC__ */
 440:.\Generated_Source\PSoC5/Cm3Start.c **** 
 441:.\Generated_Source\PSoC5/Cm3Start.c **** 
 442:.\Generated_Source\PSoC5/Cm3Start.c **** /*******************************************************************************
 443:.\Generated_Source\PSoC5/Cm3Start.c **** *
 444:.\Generated_Source\PSoC5/Cm3Start.c **** * Default Rom Interrupt Vector table.
 445:.\Generated_Source\PSoC5/Cm3Start.c **** *
 446:.\Generated_Source\PSoC5/Cm3Start.c **** *******************************************************************************/
 447:.\Generated_Source\PSoC5/Cm3Start.c **** #if defined(__ARMCC_VERSION)
 448:.\Generated_Source\PSoC5/Cm3Start.c ****     /* Suppress diagnostic message 1296-D: extended constant initialiser used */
 449:.\Generated_Source\PSoC5/Cm3Start.c ****     #pragma diag_suppress 1296
ARM GAS  C:\Users\RECEPC~1\AppData\Local\Temp\cczPInmP.s 			page 15


 450:.\Generated_Source\PSoC5/Cm3Start.c **** #endif  /* defined(__ARMCC_VERSION) */
 451:.\Generated_Source\PSoC5/Cm3Start.c **** 
 452:.\Generated_Source\PSoC5/Cm3Start.c **** #if defined (__ICCARM__)
 453:.\Generated_Source\PSoC5/Cm3Start.c ****     #pragma location=".romvectors"
 454:.\Generated_Source\PSoC5/Cm3Start.c ****     const intvec_elem __vector_table[CY_NUM_ROM_VECTORS] =
 455:.\Generated_Source\PSoC5/Cm3Start.c **** #else
 456:.\Generated_Source\PSoC5/Cm3Start.c ****     CY_SECTION(".romvectors")
 457:.\Generated_Source\PSoC5/Cm3Start.c ****     const cyisraddress RomVectors[CY_NUM_ROM_VECTORS] =
 458:.\Generated_Source\PSoC5/Cm3Start.c **** #endif  /* defined (__ICCARM__) */
 459:.\Generated_Source\PSoC5/Cm3Start.c **** {
 460:.\Generated_Source\PSoC5/Cm3Start.c ****     INITIAL_STACK_POINTER,   /* Initial stack pointer  0 */
 461:.\Generated_Source\PSoC5/Cm3Start.c ****     #if defined (__ICCARM__) /* Reset handler          1 */
 462:.\Generated_Source\PSoC5/Cm3Start.c ****         __iar_program_start,
 463:.\Generated_Source\PSoC5/Cm3Start.c ****     #else
 464:.\Generated_Source\PSoC5/Cm3Start.c ****         (cyisraddress)&Reset,
 465:.\Generated_Source\PSoC5/Cm3Start.c ****     #endif  /* defined (__ICCARM__) */
 466:.\Generated_Source\PSoC5/Cm3Start.c ****     &IntDefaultHandler,      /* NMI handler            2 */
 467:.\Generated_Source\PSoC5/Cm3Start.c ****     &IntDefaultHandler,      /* Hard fault handler     3 */
 468:.\Generated_Source\PSoC5/Cm3Start.c **** };
 469:.\Generated_Source\PSoC5/Cm3Start.c **** 
 470:.\Generated_Source\PSoC5/Cm3Start.c **** #if defined(__ARMCC_VERSION)
 471:.\Generated_Source\PSoC5/Cm3Start.c ****     #pragma diag_default 1296
 472:.\Generated_Source\PSoC5/Cm3Start.c **** #endif  /* defined(__ARMCC_VERSION) */
 473:.\Generated_Source\PSoC5/Cm3Start.c **** 
 474:.\Generated_Source\PSoC5/Cm3Start.c **** 
 475:.\Generated_Source\PSoC5/Cm3Start.c **** /*******************************************************************************
 476:.\Generated_Source\PSoC5/Cm3Start.c **** * Function Name: initialize_psoc
 477:.\Generated_Source\PSoC5/Cm3Start.c **** ********************************************************************************
 478:.\Generated_Source\PSoC5/Cm3Start.c **** *
 479:.\Generated_Source\PSoC5/Cm3Start.c **** * Summary:
 480:.\Generated_Source\PSoC5/Cm3Start.c **** *  This function used to initialize the PSoC chip before calling main.
 481:.\Generated_Source\PSoC5/Cm3Start.c **** *
 482:.\Generated_Source\PSoC5/Cm3Start.c **** * Parameters:
 483:.\Generated_Source\PSoC5/Cm3Start.c **** *  None
 484:.\Generated_Source\PSoC5/Cm3Start.c **** *
 485:.\Generated_Source\PSoC5/Cm3Start.c **** * Return:
 486:.\Generated_Source\PSoC5/Cm3Start.c **** *  None
 487:.\Generated_Source\PSoC5/Cm3Start.c **** *
 488:.\Generated_Source\PSoC5/Cm3Start.c **** *******************************************************************************/
 489:.\Generated_Source\PSoC5/Cm3Start.c **** #if (defined(__GNUC__) && !defined(__ARMCC_VERSION))
 490:.\Generated_Source\PSoC5/Cm3Start.c **** __attribute__ ((constructor(101)))
 491:.\Generated_Source\PSoC5/Cm3Start.c **** #endif
 492:.\Generated_Source\PSoC5/Cm3Start.c **** void initialize_psoc(void)
 493:.\Generated_Source\PSoC5/Cm3Start.c **** {
 336              		.loc 1 493 0
 337              		.cfi_startproc
 338              		@ args = 0, pretend = 0, frame = 8
 339              		@ frame_needed = 1, uses_anonymous_args = 0
 340 0000 80B5     		push	{r7, lr}
 341              		.cfi_def_cfa_offset 8
 342              		.cfi_offset 7, -8
 343              		.cfi_offset 14, -4
 344 0002 82B0     		sub	sp, sp, #8
 345              		.cfi_def_cfa_offset 16
 346 0004 00AF     		add	r7, sp, #0
 347              		.cfi_def_cfa_register 7
 494:.\Generated_Source\PSoC5/Cm3Start.c ****     uint32 i;
ARM GAS  C:\Users\RECEPC~1\AppData\Local\Temp\cczPInmP.s 			page 16


 495:.\Generated_Source\PSoC5/Cm3Start.c **** 
 496:.\Generated_Source\PSoC5/Cm3Start.c ****     /* Set Priority group 5. */
 497:.\Generated_Source\PSoC5/Cm3Start.c **** 
 498:.\Generated_Source\PSoC5/Cm3Start.c ****     /* Writes to NVIC_APINT register require the VECTKEY in the upper half */
 499:.\Generated_Source\PSoC5/Cm3Start.c ****     *CY_NVIC_APINT_PTR = CY_NVIC_APINT_VECTKEY | CY_NVIC_APINT_PRIGROUP_3_5;
 348              		.loc 1 499 0
 349 0006 174B     		ldr	r3, .L29
 350 0008 174A     		ldr	r2, .L29+4
 351 000a 1A60     		str	r2, [r3]
 500:.\Generated_Source\PSoC5/Cm3Start.c ****     *CY_NVIC_CFG_CTRL_PTR |= CY_NVIC_CFG_STACKALIGN;
 352              		.loc 1 500 0
 353 000c 174B     		ldr	r3, .L29+8
 354 000e 174A     		ldr	r2, .L29+8
 355 0010 1268     		ldr	r2, [r2]
 356 0012 42F40072 		orr	r2, r2, #512
 357 0016 1A60     		str	r2, [r3]
 501:.\Generated_Source\PSoC5/Cm3Start.c **** 
 502:.\Generated_Source\PSoC5/Cm3Start.c ****     /* Set Ram interrupt vectors to default functions. */
 503:.\Generated_Source\PSoC5/Cm3Start.c ****     for (i = 0u; i < CY_NUM_VECTORS; i++)
 358              		.loc 1 503 0
 359 0018 0023     		movs	r3, #0
 360 001a 7B60     		str	r3, [r7, #4]
 361 001c 0FE0     		b	.L25
 362              	.L28:
 504:.\Generated_Source\PSoC5/Cm3Start.c ****     {
 505:.\Generated_Source\PSoC5/Cm3Start.c ****         #if defined (__ICCARM__)
 506:.\Generated_Source\PSoC5/Cm3Start.c ****             CyRamVectors[i] = (i < CY_NUM_ROM_VECTORS) ? __vector_table[i].__fun : &IntDefaultHandl
 507:.\Generated_Source\PSoC5/Cm3Start.c ****         #else
 508:.\Generated_Source\PSoC5/Cm3Start.c ****             CyRamVectors[i] = (i < CY_NUM_ROM_VECTORS) ? RomVectors[i] : &IntDefaultHandler;
 363              		.loc 1 508 0
 364 001e 7B68     		ldr	r3, [r7, #4]
 365 0020 032B     		cmp	r3, #3
 366 0022 04D8     		bhi	.L26
 367              		.loc 1 508 0 is_stmt 0 discriminator 1
 368 0024 124B     		ldr	r3, .L29+12
 369 0026 7A68     		ldr	r2, [r7, #4]
 370 0028 53F82230 		ldr	r3, [r3, r2, lsl #2]
 371 002c 00E0     		b	.L27
 372              	.L26:
 373              		.loc 1 508 0 discriminator 2
 374 002e 114B     		ldr	r3, .L29+16
 375              	.L27:
 376              		.loc 1 508 0 discriminator 3
 377 0030 114A     		ldr	r2, .L29+20
 378 0032 7968     		ldr	r1, [r7, #4]
 379 0034 42F82130 		str	r3, [r2, r1, lsl #2]
 503:.\Generated_Source\PSoC5/Cm3Start.c ****     for (i = 0u; i < CY_NUM_VECTORS; i++)
 380              		.loc 1 503 0 is_stmt 1 discriminator 3
 381 0038 7B68     		ldr	r3, [r7, #4]
 382 003a 0133     		adds	r3, r3, #1
 383 003c 7B60     		str	r3, [r7, #4]
 384              	.L25:
 503:.\Generated_Source\PSoC5/Cm3Start.c ****     for (i = 0u; i < CY_NUM_VECTORS; i++)
 385              		.loc 1 503 0 is_stmt 0 discriminator 1
 386 003e 7B68     		ldr	r3, [r7, #4]
 387 0040 2F2B     		cmp	r3, #47
 388 0042 ECD9     		bls	.L28
ARM GAS  C:\Users\RECEPC~1\AppData\Local\Temp\cczPInmP.s 			page 17


 509:.\Generated_Source\PSoC5/Cm3Start.c ****         #endif  /* defined (__ICCARM__) */
 510:.\Generated_Source\PSoC5/Cm3Start.c ****     }
 511:.\Generated_Source\PSoC5/Cm3Start.c **** 
 512:.\Generated_Source\PSoC5/Cm3Start.c ****     /* Was stored in CFGMEM to avoid being cleared while SRAM gets cleared */
 513:.\Generated_Source\PSoC5/Cm3Start.c ****     CyResetStatus = CY_GET_REG8(CYREG_PHUB_CFGMEM23_CFG1);
 389              		.loc 1 513 0 is_stmt 1
 390 0044 0D4B     		ldr	r3, .L29+24
 391 0046 1B78     		ldrb	r3, [r3]
 392 0048 DAB2     		uxtb	r2, r3
 393 004a 0D4B     		ldr	r3, .L29+28
 394 004c 1A70     		strb	r2, [r3]
 514:.\Generated_Source\PSoC5/Cm3Start.c **** 
 515:.\Generated_Source\PSoC5/Cm3Start.c ****     /* Point NVIC at RAM vector table. */
 516:.\Generated_Source\PSoC5/Cm3Start.c ****     *CYINT_VECT_TABLE = CyRamVectors;
 395              		.loc 1 516 0
 396 004e 0D4B     		ldr	r3, .L29+32
 397 0050 094A     		ldr	r2, .L29+20
 398 0052 1A60     		str	r2, [r3]
 517:.\Generated_Source\PSoC5/Cm3Start.c **** 
 518:.\Generated_Source\PSoC5/Cm3Start.c ****     /* Initialize the configuration registers. */
 519:.\Generated_Source\PSoC5/Cm3Start.c ****     cyfitter_cfg();
 399              		.loc 1 519 0
 400 0054 FFF7FEFF 		bl	cyfitter_cfg
 520:.\Generated_Source\PSoC5/Cm3Start.c **** 
 521:.\Generated_Source\PSoC5/Cm3Start.c ****     #if(0u != DMA_CHANNELS_USED__MASK0)
 522:.\Generated_Source\PSoC5/Cm3Start.c **** 
 523:.\Generated_Source\PSoC5/Cm3Start.c ****         /* Setup DMA - only necessary if design contains DMA component. */
 524:.\Generated_Source\PSoC5/Cm3Start.c ****         CyDmacConfigure();
 525:.\Generated_Source\PSoC5/Cm3Start.c **** 
 526:.\Generated_Source\PSoC5/Cm3Start.c ****     #endif  /* (0u != DMA_CHANNELS_USED__MASK0) */
 527:.\Generated_Source\PSoC5/Cm3Start.c **** 
 528:.\Generated_Source\PSoC5/Cm3Start.c ****     #if !defined (__ICCARM__)
 529:.\Generated_Source\PSoC5/Cm3Start.c ****         /* Actually, no need to clean this variable, just to make compiler happy. */
 530:.\Generated_Source\PSoC5/Cm3Start.c ****         cySysNoInitDataValid = 0u;
 401              		.loc 1 530 0
 402 0058 0B4B     		ldr	r3, .L29+36
 403 005a 0022     		movs	r2, #0
 404 005c 1A60     		str	r2, [r3]
 531:.\Generated_Source\PSoC5/Cm3Start.c ****     #endif  /* !defined (__ICCARM__) */
 532:.\Generated_Source\PSoC5/Cm3Start.c **** }
 405              		.loc 1 532 0
 406 005e 0837     		adds	r7, r7, #8
 407 0060 BD46     		mov	sp, r7
 408              		@ sp needed
 409 0062 80BD     		pop	{r7, pc}
 410              	.L30:
 411              		.align	2
 412              	.L29:
 413 0064 0CED00E0 		.word	-536810228
 414 0068 0004FA05 		.word	100271104
 415 006c 14ED00E0 		.word	-536810220
 416 0070 00000000 		.word	RomVectors
 417 0074 00000000 		.word	IntDefaultHandler
 418 0078 00000000 		.word	CyRamVectors
 419 007c BC760040 		.word	1073772220
 420 0080 00000000 		.word	CyResetStatus
 421 0084 08ED00E0 		.word	-536810232
ARM GAS  C:\Users\RECEPC~1\AppData\Local\Temp\cczPInmP.s 			page 18


 422 0088 00000000 		.word	cySysNoInitDataValid
 423              		.cfi_endproc
 424              	.LFE5:
 425              		.size	initialize_psoc, .-initialize_psoc
 426              		.section	.init_array,"aw",%init_array
 427              		.align	2
 428 0000 00000000 		.word	initialize_psoc(target1)
 429              		.data
 430              		.align	2
 431              		.type	heapPointer.4945, %object
 432              		.size	heapPointer.4945, 4
 433              	heapPointer.4945:
 434 0000 00000000 		.word	end
 435              		.weak	__cy_region_num
 436              		.text
 437              	.Letext0:
 438              		.file 2 ".\\Generated_Source\\PSoC5\\cytypes.h"
 439              		.file 3 "c:\\program files (x86)\\cypress\\psoc creator\\3.2\\psoc creator\\import\\gnu\\arm\\4.8.
 440              		.file 4 ".\\Generated_Source\\PSoC5\\CyLib.h"
 441              		.section	.debug_info,"",%progbits
 442              	.Ldebug_info0:
 443 0000 13030000 		.4byte	0x313
 444 0004 0400     		.2byte	0x4
 445 0006 00000000 		.4byte	.Ldebug_abbrev0
 446 000a 04       		.byte	0x4
 447 000b 01       		.uleb128 0x1
 448 000c F7000000 		.4byte	.LASF43
 449 0010 01       		.byte	0x1
 450 0011 00000000 		.4byte	.LASF44
 451 0015 87000000 		.4byte	.LASF45
 452 0019 00000000 		.4byte	.Ldebug_ranges0+0
 453 001d 00000000 		.4byte	0
 454 0021 00000000 		.4byte	.Ldebug_line0
 455 0025 02       		.uleb128 0x2
 456 0026 01       		.byte	0x1
 457 0027 06       		.byte	0x6
 458 0028 80020000 		.4byte	.LASF0
 459 002c 02       		.uleb128 0x2
 460 002d 01       		.byte	0x1
 461 002e 08       		.byte	0x8
 462 002f D2000000 		.4byte	.LASF1
 463 0033 02       		.uleb128 0x2
 464 0034 02       		.byte	0x2
 465 0035 05       		.byte	0x5
 466 0036 5F020000 		.4byte	.LASF2
 467 003a 02       		.uleb128 0x2
 468 003b 02       		.byte	0x2
 469 003c 07       		.byte	0x7
 470 003d 58000000 		.4byte	.LASF3
 471 0041 02       		.uleb128 0x2
 472 0042 04       		.byte	0x4
 473 0043 05       		.byte	0x5
 474 0044 69020000 		.4byte	.LASF4
 475 0048 02       		.uleb128 0x2
 476 0049 04       		.byte	0x4
 477 004a 07       		.byte	0x7
 478 004b 73010000 		.4byte	.LASF5
ARM GAS  C:\Users\RECEPC~1\AppData\Local\Temp\cczPInmP.s 			page 19


 479 004f 02       		.uleb128 0x2
 480 0050 08       		.byte	0x8
 481 0051 05       		.byte	0x5
 482 0052 4C020000 		.4byte	.LASF6
 483 0056 02       		.uleb128 0x2
 484 0057 08       		.byte	0x8
 485 0058 07       		.byte	0x7
 486 0059 F9010000 		.4byte	.LASF7
 487 005d 03       		.uleb128 0x3
 488 005e 04       		.byte	0x4
 489 005f 05       		.byte	0x5
 490 0060 696E7400 		.ascii	"int\000"
 491 0064 02       		.uleb128 0x2
 492 0065 04       		.byte	0x4
 493 0066 07       		.byte	0x7
 494 0067 EC010000 		.4byte	.LASF8
 495 006b 04       		.uleb128 0x4
 496 006c 9A010000 		.4byte	.LASF9
 497 0070 02       		.byte	0x2
 498 0071 B3       		.byte	0xb3
 499 0072 2C000000 		.4byte	0x2c
 500 0076 04       		.uleb128 0x4
 501 0077 DB010000 		.4byte	.LASF10
 502 007b 02       		.byte	0x2
 503 007c B5       		.byte	0xb5
 504 007d 48000000 		.4byte	0x48
 505 0081 02       		.uleb128 0x2
 506 0082 04       		.byte	0x4
 507 0083 04       		.byte	0x4
 508 0084 C7000000 		.4byte	.LASF11
 509 0088 02       		.uleb128 0x2
 510 0089 08       		.byte	0x8
 511 008a 04       		.byte	0x4
 512 008b C4010000 		.4byte	.LASF12
 513 008f 02       		.uleb128 0x2
 514 0090 01       		.byte	0x1
 515 0091 08       		.byte	0x8
 516 0092 5A020000 		.4byte	.LASF13
 517 0096 05       		.uleb128 0x5
 518 0097 3E020000 		.4byte	.LASF14
 519 009b 02       		.byte	0x2
 520 009c 5D01     		.2byte	0x15d
 521 009e A2000000 		.4byte	0xa2
 522 00a2 06       		.uleb128 0x6
 523 00a3 6B000000 		.4byte	0x6b
 524 00a7 05       		.uleb128 0x5
 525 00a8 24000000 		.4byte	.LASF15
 526 00ac 02       		.byte	0x2
 527 00ad 5F01     		.2byte	0x15f
 528 00af B3000000 		.4byte	0xb3
 529 00b3 06       		.uleb128 0x6
 530 00b4 76000000 		.4byte	0x76
 531 00b8 05       		.uleb128 0x5
 532 00b9 16020000 		.4byte	.LASF16
 533 00bd 02       		.byte	0x2
 534 00be 6F01     		.2byte	0x16f
 535 00c0 C4000000 		.4byte	0xc4
ARM GAS  C:\Users\RECEPC~1\AppData\Local\Temp\cczPInmP.s 			page 20


 536 00c4 07       		.uleb128 0x7
 537 00c5 04       		.byte	0x4
 538 00c6 CA000000 		.4byte	0xca
 539 00ca 08       		.uleb128 0x8
 540 00cb 04       		.uleb128 0x4
 541 00cc 2A000000 		.4byte	.LASF17
 542 00d0 03       		.byte	0x3
 543 00d1 D4       		.byte	0xd4
 544 00d2 64000000 		.4byte	0x64
 545 00d6 02       		.uleb128 0x2
 546 00d7 04       		.byte	0x4
 547 00d8 07       		.byte	0x7
 548 00d9 43020000 		.4byte	.LASF18
 549 00dd 09       		.uleb128 0x9
 550 00de 04       		.byte	0x4
 551 00df 0A       		.uleb128 0xa
 552 00e0 8F000000 		.4byte	0x8f
 553 00e4 04       		.uleb128 0x4
 554 00e5 2D020000 		.4byte	.LASF19
 555 00e9 01       		.byte	0x1
 556 00ea CC       		.byte	0xcc
 557 00eb 2C000000 		.4byte	0x2c
 558 00ef 0B       		.uleb128 0xb
 559 00f0 A8020000 		.4byte	.LASF46
 560 00f4 10       		.byte	0x10
 561 00f5 01       		.byte	0x1
 562 00f6 CE       		.byte	0xce
 563 00f7 2C010000 		.4byte	0x12c
 564 00fb 0C       		.uleb128 0xc
 565 00fc 7B000000 		.4byte	.LASF20
 566 0100 01       		.byte	0x1
 567 0101 D0       		.byte	0xd0
 568 0102 2C010000 		.4byte	0x12c
 569 0106 00       		.byte	0
 570 0107 0C       		.uleb128 0xc
 571 0108 CD000000 		.4byte	.LASF21
 572 010c 01       		.byte	0x1
 573 010d D1       		.byte	0xd1
 574 010e 2C010000 		.4byte	0x12c
 575 0112 04       		.byte	0x4
 576 0113 0C       		.uleb128 0xc
 577 0114 23020000 		.4byte	.LASF22
 578 0118 01       		.byte	0x1
 579 0119 D2       		.byte	0xd2
 580 011a CB000000 		.4byte	0xcb
 581 011e 08       		.byte	0x8
 582 011f 0C       		.uleb128 0xc
 583 0120 E2010000 		.4byte	.LASF23
 584 0124 01       		.byte	0x1
 585 0125 D3       		.byte	0xd3
 586 0126 CB000000 		.4byte	0xcb
 587 012a 0C       		.byte	0xc
 588 012b 00       		.byte	0
 589 012c 07       		.uleb128 0x7
 590 012d 04       		.byte	0x4
 591 012e E4000000 		.4byte	0xe4
 592 0132 0D       		.uleb128 0xd
ARM GAS  C:\Users\RECEPC~1\AppData\Local\Temp\cczPInmP.s 			page 21


 593 0133 AC010000 		.4byte	.LASF28
 594 0137 01       		.byte	0x1
 595 0138 61       		.byte	0x61
 596 0139 00000000 		.4byte	.LFB0
 597 013d 06000000 		.4byte	.LFE0-.LFB0
 598 0141 01       		.uleb128 0x1
 599 0142 9C       		.byte	0x9c
 600 0143 0E       		.uleb128 0xe
 601 0144 A6010000 		.4byte	.LASF30
 602 0148 01       		.byte	0x1
 603 0149 F1       		.byte	0xf1
 604 014a 00000000 		.4byte	.LFB1
 605 014e 14000000 		.4byte	.LFE1-.LFB1
 606 0152 01       		.uleb128 0x1
 607 0153 9C       		.byte	0x9c
 608 0154 67010000 		.4byte	0x167
 609 0158 0F       		.uleb128 0xf
 610 0159 80000000 		.4byte	.LASF24
 611 015d 01       		.byte	0x1
 612 015e F1       		.byte	0xf1
 613 015f 5D000000 		.4byte	0x5d
 614 0163 02       		.uleb128 0x2
 615 0164 91       		.byte	0x91
 616 0165 74       		.sleb128 -12
 617 0166 00       		.byte	0
 618 0167 10       		.uleb128 0x10
 619 0168 BE010000 		.4byte	.LASF47
 620 016c 01       		.byte	0x1
 621 016d 0F01     		.2byte	0x10f
 622 016f DD000000 		.4byte	0xdd
 623 0173 00000000 		.4byte	.LFB2
 624 0177 54000000 		.4byte	.LFE2-.LFB2
 625 017b 01       		.uleb128 0x1
 626 017c 9C       		.byte	0x9c
 627 017d BE010000 		.4byte	0x1be
 628 0181 11       		.uleb128 0x11
 629 0182 A1020000 		.4byte	.LASF25
 630 0186 01       		.byte	0x1
 631 0187 0F01     		.2byte	0x10f
 632 0189 5D000000 		.4byte	0x5d
 633 018d 02       		.uleb128 0x2
 634 018e 91       		.byte	0x91
 635 018f 6C       		.sleb128 -20
 636 0190 12       		.uleb128 0x12
 637 0191 656E6400 		.ascii	"end\000"
 638 0195 01       		.byte	0x1
 639 0196 1101     		.2byte	0x111
 640 0198 5D000000 		.4byte	0x5d
 641 019c 13       		.uleb128 0x13
 642 019d E0000000 		.4byte	.LASF26
 643 01a1 01       		.byte	0x1
 644 01a2 1201     		.2byte	0x112
 645 01a4 DD000000 		.4byte	0xdd
 646 01a8 02       		.uleb128 0x2
 647 01a9 91       		.byte	0x91
 648 01aa 74       		.sleb128 -12
 649 01ab 13       		.uleb128 0x13
ARM GAS  C:\Users\RECEPC~1\AppData\Local\Temp\cczPInmP.s 			page 22


 650 01ac 4C000000 		.4byte	.LASF27
 651 01b0 01       		.byte	0x1
 652 01b1 1501     		.2byte	0x115
 653 01b3 DD000000 		.4byte	0xdd
 654 01b7 05       		.uleb128 0x5
 655 01b8 03       		.byte	0x3
 656 01b9 00000000 		.4byte	heapPointer.4945
 657 01bd 00       		.byte	0
 658 01be 14       		.uleb128 0x14
 659 01bf A0010000 		.4byte	.LASF29
 660 01c3 01       		.byte	0x1
 661 01c4 3501     		.2byte	0x135
 662 01c6 00000000 		.4byte	.LFB3
 663 01ca 18000000 		.4byte	.LFE3-.LFB3
 664 01ce 01       		.uleb128 0x1
 665 01cf 9C       		.byte	0x9c
 666 01d0 15       		.uleb128 0x15
 667 01d1 3E000000 		.4byte	.LASF31
 668 01d5 01       		.byte	0x1
 669 01d6 5E01     		.2byte	0x15e
 670 01d8 00000000 		.4byte	.LFB4
 671 01dc 98000000 		.4byte	.LFE4-.LFB4
 672 01e0 01       		.uleb128 0x1
 673 01e1 9C       		.byte	0x9c
 674 01e2 4B020000 		.4byte	0x24b
 675 01e6 13       		.uleb128 0x13
 676 01e7 99020000 		.4byte	.LASF32
 677 01eb 01       		.byte	0x1
 678 01ec 6001     		.2byte	0x160
 679 01ee 64000000 		.4byte	0x64
 680 01f2 02       		.uleb128 0x2
 681 01f3 91       		.byte	0x91
 682 01f4 74       		.sleb128 -12
 683 01f5 13       		.uleb128 0x13
 684 01f6 C2000000 		.4byte	.LASF33
 685 01fa 01       		.byte	0x1
 686 01fb 6101     		.2byte	0x161
 687 01fd 4B020000 		.4byte	0x24b
 688 0201 02       		.uleb128 0x2
 689 0202 91       		.byte	0x91
 690 0203 70       		.sleb128 -16
 691 0204 16       		.uleb128 0x16
 692 0205 14000000 		.4byte	.LBB2
 693 0209 66000000 		.4byte	.LBE2-.LBB2
 694 020d 17       		.uleb128 0x17
 695 020e 73726300 		.ascii	"src\000"
 696 0212 01       		.byte	0x1
 697 0213 6601     		.2byte	0x166
 698 0215 56020000 		.4byte	0x256
 699 0219 02       		.uleb128 0x2
 700 021a 91       		.byte	0x91
 701 021b 6C       		.sleb128 -20
 702 021c 17       		.uleb128 0x17
 703 021d 64737400 		.ascii	"dst\000"
 704 0221 01       		.byte	0x1
 705 0222 6701     		.2byte	0x167
 706 0224 56020000 		.4byte	0x256
ARM GAS  C:\Users\RECEPC~1\AppData\Local\Temp\cczPInmP.s 			page 23


 707 0228 02       		.uleb128 0x2
 708 0229 91       		.byte	0x91
 709 022a 68       		.sleb128 -24
 710 022b 13       		.uleb128 0x13
 711 022c 10020000 		.4byte	.LASF34
 712 0230 01       		.byte	0x1
 713 0231 6801     		.2byte	0x168
 714 0233 64000000 		.4byte	0x64
 715 0237 02       		.uleb128 0x2
 716 0238 91       		.byte	0x91
 717 0239 60       		.sleb128 -32
 718 023a 13       		.uleb128 0x13
 719 023b 46000000 		.4byte	.LASF35
 720 023f 01       		.byte	0x1
 721 0240 6901     		.2byte	0x169
 722 0242 64000000 		.4byte	0x64
 723 0246 02       		.uleb128 0x2
 724 0247 91       		.byte	0x91
 725 0248 64       		.sleb128 -28
 726 0249 00       		.byte	0
 727 024a 00       		.byte	0
 728 024b 07       		.uleb128 0x7
 729 024c 04       		.byte	0x4
 730 024d 51020000 		.4byte	0x251
 731 0251 0A       		.uleb128 0xa
 732 0252 EF000000 		.4byte	0xef
 733 0256 07       		.uleb128 0x7
 734 0257 04       		.byte	0x4
 735 0258 76000000 		.4byte	0x76
 736 025c 15       		.uleb128 0x15
 737 025d CB010000 		.4byte	.LASF36
 738 0261 01       		.byte	0x1
 739 0262 EC01     		.2byte	0x1ec
 740 0264 00000000 		.4byte	.LFB5
 741 0268 8C000000 		.4byte	.LFE5-.LFB5
 742 026c 01       		.uleb128 0x1
 743 026d 9C       		.byte	0x9c
 744 026e 80020000 		.4byte	0x280
 745 0272 17       		.uleb128 0x17
 746 0273 6900     		.ascii	"i\000"
 747 0275 01       		.byte	0x1
 748 0276 EE01     		.2byte	0x1ee
 749 0278 76000000 		.4byte	0x76
 750 027c 02       		.uleb128 0x2
 751 027d 91       		.byte	0x91
 752 027e 74       		.sleb128 -12
 753 027f 00       		.byte	0
 754 0280 18       		.uleb128 0x18
 755 0281 85010000 		.4byte	.LASF37
 756 0285 01       		.byte	0x1
 757 0286 3E       		.byte	0x3e
 758 0287 76000000 		.4byte	0x76
 759 028b 05       		.uleb128 0x5
 760 028c 03       		.byte	0x3
 761 028d 00000000 		.4byte	cySysNoInitDataValid
 762 0291 19       		.uleb128 0x19
 763 0292 72020000 		.4byte	.LASF38
ARM GAS  C:\Users\RECEPC~1\AppData\Local\Temp\cczPInmP.s 			page 24


 764 0296 04       		.byte	0x4
 765 0297 2D       		.byte	0x2d
 766 0298 6B000000 		.4byte	0x6b
 767 029c 12       		.uleb128 0x12
 768 029d 656E6400 		.ascii	"end\000"
 769 02a1 01       		.byte	0x1
 770 02a2 1101     		.2byte	0x111
 771 02a4 5D000000 		.4byte	0x5d
 772 02a8 1A       		.uleb128 0x1a
 773 02a9 B8000000 		.4byte	0xb8
 774 02ad B8020000 		.4byte	0x2b8
 775 02b1 1B       		.uleb128 0x1b
 776 02b2 D6000000 		.4byte	0xd6
 777 02b6 2F       		.byte	0x2f
 778 02b7 00       		.byte	0
 779 02b8 1C       		.uleb128 0x1c
 780 02b9 31000000 		.4byte	.LASF39
 781 02bd 01       		.byte	0x1
 782 02be 4C       		.byte	0x4c
 783 02bf A8020000 		.4byte	0x2a8
 784 02c3 05       		.uleb128 0x5
 785 02c4 03       		.byte	0x3
 786 02c5 00000000 		.4byte	CyRamVectors
 787 02c9 1A       		.uleb128 0x1a
 788 02ca EF000000 		.4byte	0xef
 789 02ce D4020000 		.4byte	0x2d4
 790 02d2 1D       		.uleb128 0x1d
 791 02d3 00       		.byte	0
 792 02d4 19       		.uleb128 0x19
 793 02d5 8C020000 		.4byte	.LASF40
 794 02d9 01       		.byte	0x1
 795 02da D6       		.byte	0xd6
 796 02db DF020000 		.4byte	0x2df
 797 02df 0A       		.uleb128 0xa
 798 02e0 C9020000 		.4byte	0x2c9
 799 02e4 19       		.uleb128 0x19
 800 02e5 6B000000 		.4byte	.LASF41
 801 02e9 01       		.byte	0x1
 802 02ea D7       		.byte	0xd7
 803 02eb DF000000 		.4byte	0xdf
 804 02ef 1A       		.uleb128 0x1a
 805 02f0 B8000000 		.4byte	0xb8
 806 02f4 FF020000 		.4byte	0x2ff
 807 02f8 1B       		.uleb128 0x1b
 808 02f9 D6000000 		.4byte	0xd6
 809 02fd 03       		.byte	0x3
 810 02fe 00       		.byte	0
 811 02ff 1E       		.uleb128 0x1e
 812 0300 EC000000 		.4byte	.LASF42
 813 0304 01       		.byte	0x1
 814 0305 C901     		.2byte	0x1c9
 815 0307 11030000 		.4byte	0x311
 816 030b 05       		.uleb128 0x5
 817 030c 03       		.byte	0x3
 818 030d 00000000 		.4byte	RomVectors
 819 0311 0A       		.uleb128 0xa
 820 0312 EF020000 		.4byte	0x2ef
ARM GAS  C:\Users\RECEPC~1\AppData\Local\Temp\cczPInmP.s 			page 25


 821 0316 00       		.byte	0
 822              		.section	.debug_abbrev,"",%progbits
 823              	.Ldebug_abbrev0:
 824 0000 01       		.uleb128 0x1
 825 0001 11       		.uleb128 0x11
 826 0002 01       		.byte	0x1
 827 0003 25       		.uleb128 0x25
 828 0004 0E       		.uleb128 0xe
 829 0005 13       		.uleb128 0x13
 830 0006 0B       		.uleb128 0xb
 831 0007 03       		.uleb128 0x3
 832 0008 0E       		.uleb128 0xe
 833 0009 1B       		.uleb128 0x1b
 834 000a 0E       		.uleb128 0xe
 835 000b 55       		.uleb128 0x55
 836 000c 17       		.uleb128 0x17
 837 000d 11       		.uleb128 0x11
 838 000e 01       		.uleb128 0x1
 839 000f 10       		.uleb128 0x10
 840 0010 17       		.uleb128 0x17
 841 0011 00       		.byte	0
 842 0012 00       		.byte	0
 843 0013 02       		.uleb128 0x2
 844 0014 24       		.uleb128 0x24
 845 0015 00       		.byte	0
 846 0016 0B       		.uleb128 0xb
 847 0017 0B       		.uleb128 0xb
 848 0018 3E       		.uleb128 0x3e
 849 0019 0B       		.uleb128 0xb
 850 001a 03       		.uleb128 0x3
 851 001b 0E       		.uleb128 0xe
 852 001c 00       		.byte	0
 853 001d 00       		.byte	0
 854 001e 03       		.uleb128 0x3
 855 001f 24       		.uleb128 0x24
 856 0020 00       		.byte	0
 857 0021 0B       		.uleb128 0xb
 858 0022 0B       		.uleb128 0xb
 859 0023 3E       		.uleb128 0x3e
 860 0024 0B       		.uleb128 0xb
 861 0025 03       		.uleb128 0x3
 862 0026 08       		.uleb128 0x8
 863 0027 00       		.byte	0
 864 0028 00       		.byte	0
 865 0029 04       		.uleb128 0x4
 866 002a 16       		.uleb128 0x16
 867 002b 00       		.byte	0
 868 002c 03       		.uleb128 0x3
 869 002d 0E       		.uleb128 0xe
 870 002e 3A       		.uleb128 0x3a
 871 002f 0B       		.uleb128 0xb
 872 0030 3B       		.uleb128 0x3b
 873 0031 0B       		.uleb128 0xb
 874 0032 49       		.uleb128 0x49
 875 0033 13       		.uleb128 0x13
 876 0034 00       		.byte	0
 877 0035 00       		.byte	0
ARM GAS  C:\Users\RECEPC~1\AppData\Local\Temp\cczPInmP.s 			page 26


 878 0036 05       		.uleb128 0x5
 879 0037 16       		.uleb128 0x16
 880 0038 00       		.byte	0
 881 0039 03       		.uleb128 0x3
 882 003a 0E       		.uleb128 0xe
 883 003b 3A       		.uleb128 0x3a
 884 003c 0B       		.uleb128 0xb
 885 003d 3B       		.uleb128 0x3b
 886 003e 05       		.uleb128 0x5
 887 003f 49       		.uleb128 0x49
 888 0040 13       		.uleb128 0x13
 889 0041 00       		.byte	0
 890 0042 00       		.byte	0
 891 0043 06       		.uleb128 0x6
 892 0044 35       		.uleb128 0x35
 893 0045 00       		.byte	0
 894 0046 49       		.uleb128 0x49
 895 0047 13       		.uleb128 0x13
 896 0048 00       		.byte	0
 897 0049 00       		.byte	0
 898 004a 07       		.uleb128 0x7
 899 004b 0F       		.uleb128 0xf
 900 004c 00       		.byte	0
 901 004d 0B       		.uleb128 0xb
 902 004e 0B       		.uleb128 0xb
 903 004f 49       		.uleb128 0x49
 904 0050 13       		.uleb128 0x13
 905 0051 00       		.byte	0
 906 0052 00       		.byte	0
 907 0053 08       		.uleb128 0x8
 908 0054 15       		.uleb128 0x15
 909 0055 00       		.byte	0
 910 0056 27       		.uleb128 0x27
 911 0057 19       		.uleb128 0x19
 912 0058 00       		.byte	0
 913 0059 00       		.byte	0
 914 005a 09       		.uleb128 0x9
 915 005b 0F       		.uleb128 0xf
 916 005c 00       		.byte	0
 917 005d 0B       		.uleb128 0xb
 918 005e 0B       		.uleb128 0xb
 919 005f 00       		.byte	0
 920 0060 00       		.byte	0
 921 0061 0A       		.uleb128 0xa
 922 0062 26       		.uleb128 0x26
 923 0063 00       		.byte	0
 924 0064 49       		.uleb128 0x49
 925 0065 13       		.uleb128 0x13
 926 0066 00       		.byte	0
 927 0067 00       		.byte	0
 928 0068 0B       		.uleb128 0xb
 929 0069 13       		.uleb128 0x13
 930 006a 01       		.byte	0x1
 931 006b 03       		.uleb128 0x3
 932 006c 0E       		.uleb128 0xe
 933 006d 0B       		.uleb128 0xb
 934 006e 0B       		.uleb128 0xb
ARM GAS  C:\Users\RECEPC~1\AppData\Local\Temp\cczPInmP.s 			page 27


 935 006f 3A       		.uleb128 0x3a
 936 0070 0B       		.uleb128 0xb
 937 0071 3B       		.uleb128 0x3b
 938 0072 0B       		.uleb128 0xb
 939 0073 01       		.uleb128 0x1
 940 0074 13       		.uleb128 0x13
 941 0075 00       		.byte	0
 942 0076 00       		.byte	0
 943 0077 0C       		.uleb128 0xc
 944 0078 0D       		.uleb128 0xd
 945 0079 00       		.byte	0
 946 007a 03       		.uleb128 0x3
 947 007b 0E       		.uleb128 0xe
 948 007c 3A       		.uleb128 0x3a
 949 007d 0B       		.uleb128 0xb
 950 007e 3B       		.uleb128 0x3b
 951 007f 0B       		.uleb128 0xb
 952 0080 49       		.uleb128 0x49
 953 0081 13       		.uleb128 0x13
 954 0082 38       		.uleb128 0x38
 955 0083 0B       		.uleb128 0xb
 956 0084 00       		.byte	0
 957 0085 00       		.byte	0
 958 0086 0D       		.uleb128 0xd
 959 0087 2E       		.uleb128 0x2e
 960 0088 00       		.byte	0
 961 0089 3F       		.uleb128 0x3f
 962 008a 19       		.uleb128 0x19
 963 008b 03       		.uleb128 0x3
 964 008c 0E       		.uleb128 0xe
 965 008d 3A       		.uleb128 0x3a
 966 008e 0B       		.uleb128 0xb
 967 008f 3B       		.uleb128 0x3b
 968 0090 0B       		.uleb128 0xb
 969 0091 27       		.uleb128 0x27
 970 0092 19       		.uleb128 0x19
 971 0093 11       		.uleb128 0x11
 972 0094 01       		.uleb128 0x1
 973 0095 12       		.uleb128 0x12
 974 0096 06       		.uleb128 0x6
 975 0097 40       		.uleb128 0x40
 976 0098 18       		.uleb128 0x18
 977 0099 9742     		.uleb128 0x2117
 978 009b 19       		.uleb128 0x19
 979 009c 00       		.byte	0
 980 009d 00       		.byte	0
 981 009e 0E       		.uleb128 0xe
 982 009f 2E       		.uleb128 0x2e
 983 00a0 01       		.byte	0x1
 984 00a1 3F       		.uleb128 0x3f
 985 00a2 19       		.uleb128 0x19
 986 00a3 03       		.uleb128 0x3
 987 00a4 0E       		.uleb128 0xe
 988 00a5 3A       		.uleb128 0x3a
 989 00a6 0B       		.uleb128 0xb
 990 00a7 3B       		.uleb128 0x3b
 991 00a8 0B       		.uleb128 0xb
ARM GAS  C:\Users\RECEPC~1\AppData\Local\Temp\cczPInmP.s 			page 28


 992 00a9 27       		.uleb128 0x27
 993 00aa 19       		.uleb128 0x19
 994 00ab 11       		.uleb128 0x11
 995 00ac 01       		.uleb128 0x1
 996 00ad 12       		.uleb128 0x12
 997 00ae 06       		.uleb128 0x6
 998 00af 40       		.uleb128 0x40
 999 00b0 18       		.uleb128 0x18
 1000 00b1 9642     		.uleb128 0x2116
 1001 00b3 19       		.uleb128 0x19
 1002 00b4 01       		.uleb128 0x1
 1003 00b5 13       		.uleb128 0x13
 1004 00b6 00       		.byte	0
 1005 00b7 00       		.byte	0
 1006 00b8 0F       		.uleb128 0xf
 1007 00b9 05       		.uleb128 0x5
 1008 00ba 00       		.byte	0
 1009 00bb 03       		.uleb128 0x3
 1010 00bc 0E       		.uleb128 0xe
 1011 00bd 3A       		.uleb128 0x3a
 1012 00be 0B       		.uleb128 0xb
 1013 00bf 3B       		.uleb128 0x3b
 1014 00c0 0B       		.uleb128 0xb
 1015 00c1 49       		.uleb128 0x49
 1016 00c2 13       		.uleb128 0x13
 1017 00c3 02       		.uleb128 0x2
 1018 00c4 18       		.uleb128 0x18
 1019 00c5 00       		.byte	0
 1020 00c6 00       		.byte	0
 1021 00c7 10       		.uleb128 0x10
 1022 00c8 2E       		.uleb128 0x2e
 1023 00c9 01       		.byte	0x1
 1024 00ca 3F       		.uleb128 0x3f
 1025 00cb 19       		.uleb128 0x19
 1026 00cc 03       		.uleb128 0x3
 1027 00cd 0E       		.uleb128 0xe
 1028 00ce 3A       		.uleb128 0x3a
 1029 00cf 0B       		.uleb128 0xb
 1030 00d0 3B       		.uleb128 0x3b
 1031 00d1 05       		.uleb128 0x5
 1032 00d2 27       		.uleb128 0x27
 1033 00d3 19       		.uleb128 0x19
 1034 00d4 49       		.uleb128 0x49
 1035 00d5 13       		.uleb128 0x13
 1036 00d6 11       		.uleb128 0x11
 1037 00d7 01       		.uleb128 0x1
 1038 00d8 12       		.uleb128 0x12
 1039 00d9 06       		.uleb128 0x6
 1040 00da 40       		.uleb128 0x40
 1041 00db 18       		.uleb128 0x18
 1042 00dc 9642     		.uleb128 0x2116
 1043 00de 19       		.uleb128 0x19
 1044 00df 01       		.uleb128 0x1
 1045 00e0 13       		.uleb128 0x13
 1046 00e1 00       		.byte	0
 1047 00e2 00       		.byte	0
 1048 00e3 11       		.uleb128 0x11
ARM GAS  C:\Users\RECEPC~1\AppData\Local\Temp\cczPInmP.s 			page 29


 1049 00e4 05       		.uleb128 0x5
 1050 00e5 00       		.byte	0
 1051 00e6 03       		.uleb128 0x3
 1052 00e7 0E       		.uleb128 0xe
 1053 00e8 3A       		.uleb128 0x3a
 1054 00e9 0B       		.uleb128 0xb
 1055 00ea 3B       		.uleb128 0x3b
 1056 00eb 05       		.uleb128 0x5
 1057 00ec 49       		.uleb128 0x49
 1058 00ed 13       		.uleb128 0x13
 1059 00ee 02       		.uleb128 0x2
 1060 00ef 18       		.uleb128 0x18
 1061 00f0 00       		.byte	0
 1062 00f1 00       		.byte	0
 1063 00f2 12       		.uleb128 0x12
 1064 00f3 34       		.uleb128 0x34
 1065 00f4 00       		.byte	0
 1066 00f5 03       		.uleb128 0x3
 1067 00f6 08       		.uleb128 0x8
 1068 00f7 3A       		.uleb128 0x3a
 1069 00f8 0B       		.uleb128 0xb
 1070 00f9 3B       		.uleb128 0x3b
 1071 00fa 05       		.uleb128 0x5
 1072 00fb 49       		.uleb128 0x49
 1073 00fc 13       		.uleb128 0x13
 1074 00fd 3F       		.uleb128 0x3f
 1075 00fe 19       		.uleb128 0x19
 1076 00ff 3C       		.uleb128 0x3c
 1077 0100 19       		.uleb128 0x19
 1078 0101 00       		.byte	0
 1079 0102 00       		.byte	0
 1080 0103 13       		.uleb128 0x13
 1081 0104 34       		.uleb128 0x34
 1082 0105 00       		.byte	0
 1083 0106 03       		.uleb128 0x3
 1084 0107 0E       		.uleb128 0xe
 1085 0108 3A       		.uleb128 0x3a
 1086 0109 0B       		.uleb128 0xb
 1087 010a 3B       		.uleb128 0x3b
 1088 010b 05       		.uleb128 0x5
 1089 010c 49       		.uleb128 0x49
 1090 010d 13       		.uleb128 0x13
 1091 010e 02       		.uleb128 0x2
 1092 010f 18       		.uleb128 0x18
 1093 0110 00       		.byte	0
 1094 0111 00       		.byte	0
 1095 0112 14       		.uleb128 0x14
 1096 0113 2E       		.uleb128 0x2e
 1097 0114 00       		.byte	0
 1098 0115 3F       		.uleb128 0x3f
 1099 0116 19       		.uleb128 0x19
 1100 0117 03       		.uleb128 0x3
 1101 0118 0E       		.uleb128 0xe
 1102 0119 3A       		.uleb128 0x3a
 1103 011a 0B       		.uleb128 0xb
 1104 011b 3B       		.uleb128 0x3b
 1105 011c 05       		.uleb128 0x5
ARM GAS  C:\Users\RECEPC~1\AppData\Local\Temp\cczPInmP.s 			page 30


 1106 011d 27       		.uleb128 0x27
 1107 011e 19       		.uleb128 0x19
 1108 011f 11       		.uleb128 0x11
 1109 0120 01       		.uleb128 0x1
 1110 0121 12       		.uleb128 0x12
 1111 0122 06       		.uleb128 0x6
 1112 0123 40       		.uleb128 0x40
 1113 0124 18       		.uleb128 0x18
 1114 0125 9642     		.uleb128 0x2116
 1115 0127 19       		.uleb128 0x19
 1116 0128 00       		.byte	0
 1117 0129 00       		.byte	0
 1118 012a 15       		.uleb128 0x15
 1119 012b 2E       		.uleb128 0x2e
 1120 012c 01       		.byte	0x1
 1121 012d 3F       		.uleb128 0x3f
 1122 012e 19       		.uleb128 0x19
 1123 012f 03       		.uleb128 0x3
 1124 0130 0E       		.uleb128 0xe
 1125 0131 3A       		.uleb128 0x3a
 1126 0132 0B       		.uleb128 0xb
 1127 0133 3B       		.uleb128 0x3b
 1128 0134 05       		.uleb128 0x5
 1129 0135 27       		.uleb128 0x27
 1130 0136 19       		.uleb128 0x19
 1131 0137 11       		.uleb128 0x11
 1132 0138 01       		.uleb128 0x1
 1133 0139 12       		.uleb128 0x12
 1134 013a 06       		.uleb128 0x6
 1135 013b 40       		.uleb128 0x40
 1136 013c 18       		.uleb128 0x18
 1137 013d 9642     		.uleb128 0x2116
 1138 013f 19       		.uleb128 0x19
 1139 0140 01       		.uleb128 0x1
 1140 0141 13       		.uleb128 0x13
 1141 0142 00       		.byte	0
 1142 0143 00       		.byte	0
 1143 0144 16       		.uleb128 0x16
 1144 0145 0B       		.uleb128 0xb
 1145 0146 01       		.byte	0x1
 1146 0147 11       		.uleb128 0x11
 1147 0148 01       		.uleb128 0x1
 1148 0149 12       		.uleb128 0x12
 1149 014a 06       		.uleb128 0x6
 1150 014b 00       		.byte	0
 1151 014c 00       		.byte	0
 1152 014d 17       		.uleb128 0x17
 1153 014e 34       		.uleb128 0x34
 1154 014f 00       		.byte	0
 1155 0150 03       		.uleb128 0x3
 1156 0151 08       		.uleb128 0x8
 1157 0152 3A       		.uleb128 0x3a
 1158 0153 0B       		.uleb128 0xb
 1159 0154 3B       		.uleb128 0x3b
 1160 0155 05       		.uleb128 0x5
 1161 0156 49       		.uleb128 0x49
 1162 0157 13       		.uleb128 0x13
ARM GAS  C:\Users\RECEPC~1\AppData\Local\Temp\cczPInmP.s 			page 31


 1163 0158 02       		.uleb128 0x2
 1164 0159 18       		.uleb128 0x18
 1165 015a 00       		.byte	0
 1166 015b 00       		.byte	0
 1167 015c 18       		.uleb128 0x18
 1168 015d 34       		.uleb128 0x34
 1169 015e 00       		.byte	0
 1170 015f 03       		.uleb128 0x3
 1171 0160 0E       		.uleb128 0xe
 1172 0161 3A       		.uleb128 0x3a
 1173 0162 0B       		.uleb128 0xb
 1174 0163 3B       		.uleb128 0x3b
 1175 0164 0B       		.uleb128 0xb
 1176 0165 49       		.uleb128 0x49
 1177 0166 13       		.uleb128 0x13
 1178 0167 02       		.uleb128 0x2
 1179 0168 18       		.uleb128 0x18
 1180 0169 00       		.byte	0
 1181 016a 00       		.byte	0
 1182 016b 19       		.uleb128 0x19
 1183 016c 34       		.uleb128 0x34
 1184 016d 00       		.byte	0
 1185 016e 03       		.uleb128 0x3
 1186 016f 0E       		.uleb128 0xe
 1187 0170 3A       		.uleb128 0x3a
 1188 0171 0B       		.uleb128 0xb
 1189 0172 3B       		.uleb128 0x3b
 1190 0173 0B       		.uleb128 0xb
 1191 0174 49       		.uleb128 0x49
 1192 0175 13       		.uleb128 0x13
 1193 0176 3F       		.uleb128 0x3f
 1194 0177 19       		.uleb128 0x19
 1195 0178 3C       		.uleb128 0x3c
 1196 0179 19       		.uleb128 0x19
 1197 017a 00       		.byte	0
 1198 017b 00       		.byte	0
 1199 017c 1A       		.uleb128 0x1a
 1200 017d 01       		.uleb128 0x1
 1201 017e 01       		.byte	0x1
 1202 017f 49       		.uleb128 0x49
 1203 0180 13       		.uleb128 0x13
 1204 0181 01       		.uleb128 0x1
 1205 0182 13       		.uleb128 0x13
 1206 0183 00       		.byte	0
 1207 0184 00       		.byte	0
 1208 0185 1B       		.uleb128 0x1b
 1209 0186 21       		.uleb128 0x21
 1210 0187 00       		.byte	0
 1211 0188 49       		.uleb128 0x49
 1212 0189 13       		.uleb128 0x13
 1213 018a 2F       		.uleb128 0x2f
 1214 018b 0B       		.uleb128 0xb
 1215 018c 00       		.byte	0
 1216 018d 00       		.byte	0
 1217 018e 1C       		.uleb128 0x1c
 1218 018f 34       		.uleb128 0x34
 1219 0190 00       		.byte	0
ARM GAS  C:\Users\RECEPC~1\AppData\Local\Temp\cczPInmP.s 			page 32


 1220 0191 03       		.uleb128 0x3
 1221 0192 0E       		.uleb128 0xe
 1222 0193 3A       		.uleb128 0x3a
 1223 0194 0B       		.uleb128 0xb
 1224 0195 3B       		.uleb128 0x3b
 1225 0196 0B       		.uleb128 0xb
 1226 0197 49       		.uleb128 0x49
 1227 0198 13       		.uleb128 0x13
 1228 0199 3F       		.uleb128 0x3f
 1229 019a 19       		.uleb128 0x19
 1230 019b 02       		.uleb128 0x2
 1231 019c 18       		.uleb128 0x18
 1232 019d 00       		.byte	0
 1233 019e 00       		.byte	0
 1234 019f 1D       		.uleb128 0x1d
 1235 01a0 21       		.uleb128 0x21
 1236 01a1 00       		.byte	0
 1237 01a2 00       		.byte	0
 1238 01a3 00       		.byte	0
 1239 01a4 1E       		.uleb128 0x1e
 1240 01a5 34       		.uleb128 0x34
 1241 01a6 00       		.byte	0
 1242 01a7 03       		.uleb128 0x3
 1243 01a8 0E       		.uleb128 0xe
 1244 01a9 3A       		.uleb128 0x3a
 1245 01aa 0B       		.uleb128 0xb
 1246 01ab 3B       		.uleb128 0x3b
 1247 01ac 05       		.uleb128 0x5
 1248 01ad 49       		.uleb128 0x49
 1249 01ae 13       		.uleb128 0x13
 1250 01af 3F       		.uleb128 0x3f
 1251 01b0 19       		.uleb128 0x19
 1252 01b1 02       		.uleb128 0x2
 1253 01b2 18       		.uleb128 0x18
 1254 01b3 00       		.byte	0
 1255 01b4 00       		.byte	0
 1256 01b5 00       		.byte	0
 1257              		.section	.debug_aranges,"",%progbits
 1258 0000 44000000 		.4byte	0x44
 1259 0004 0200     		.2byte	0x2
 1260 0006 00000000 		.4byte	.Ldebug_info0
 1261 000a 04       		.byte	0x4
 1262 000b 00       		.byte	0
 1263 000c 0000     		.2byte	0
 1264 000e 0000     		.2byte	0
 1265 0010 00000000 		.4byte	.LFB0
 1266 0014 06000000 		.4byte	.LFE0-.LFB0
 1267 0018 00000000 		.4byte	.LFB1
 1268 001c 14000000 		.4byte	.LFE1-.LFB1
 1269 0020 00000000 		.4byte	.LFB2
 1270 0024 54000000 		.4byte	.LFE2-.LFB2
 1271 0028 00000000 		.4byte	.LFB3
 1272 002c 18000000 		.4byte	.LFE3-.LFB3
 1273 0030 00000000 		.4byte	.LFB4
 1274 0034 98000000 		.4byte	.LFE4-.LFB4
 1275 0038 00000000 		.4byte	.LFB5
 1276 003c 8C000000 		.4byte	.LFE5-.LFB5
ARM GAS  C:\Users\RECEPC~1\AppData\Local\Temp\cczPInmP.s 			page 33


 1277 0040 00000000 		.4byte	0
 1278 0044 00000000 		.4byte	0
 1279              		.section	.debug_ranges,"",%progbits
 1280              	.Ldebug_ranges0:
 1281 0000 00000000 		.4byte	.LFB0
 1282 0004 06000000 		.4byte	.LFE0
 1283 0008 00000000 		.4byte	.LFB1
 1284 000c 14000000 		.4byte	.LFE1
 1285 0010 00000000 		.4byte	.LFB2
 1286 0014 54000000 		.4byte	.LFE2
 1287 0018 00000000 		.4byte	.LFB3
 1288 001c 18000000 		.4byte	.LFE3
 1289 0020 00000000 		.4byte	.LFB4
 1290 0024 98000000 		.4byte	.LFE4
 1291 0028 00000000 		.4byte	.LFB5
 1292 002c 8C000000 		.4byte	.LFE5
 1293 0030 00000000 		.4byte	0
 1294 0034 00000000 		.4byte	0
 1295              		.section	.debug_line,"",%progbits
 1296              	.Ldebug_line0:
 1297 0000 C8010000 		.section	.debug_str,"MS",%progbits,1
 1297      0200D400 
 1297      00000201 
 1297      FB0E0D00 
 1297      01010101 
 1298              	.LASF44:
 1299 0000 2E5C4765 		.ascii	".\\Generated_Source\\PSoC5\\Cm3Start.c\000"
 1299      6E657261 
 1299      7465645F 
 1299      536F7572 
 1299      63655C50 
 1300              	.LASF15:
 1301 0024 72656733 		.ascii	"reg32\000"
 1301      3200
 1302              	.LASF17:
 1303 002a 73697A65 		.ascii	"size_t\000"
 1303      5F7400
 1304              	.LASF39:
 1305 0031 43795261 		.ascii	"CyRamVectors\000"
 1305      6D566563 
 1305      746F7273 
 1305      00
 1306              	.LASF31:
 1307 003e 53746172 		.ascii	"Start_c\000"
 1307      745F6300 
 1308              	.LASF35:
 1309 0046 636F756E 		.ascii	"count\000"
 1309      7400
 1310              	.LASF27:
 1311 004c 68656170 		.ascii	"heapPointer\000"
 1311      506F696E 
 1311      74657200 
 1312              	.LASF3:
 1313 0058 73686F72 		.ascii	"short unsigned int\000"
 1313      7420756E 
 1313      7369676E 
 1313      65642069 
ARM GAS  C:\Users\RECEPC~1\AppData\Local\Temp\cczPInmP.s 			page 34


 1313      6E7400
 1314              	.LASF41:
 1315 006b 5F5F6379 		.ascii	"__cy_region_num\000"
 1315      5F726567 
 1315      696F6E5F 
 1315      6E756D00 
 1316              	.LASF20:
 1317 007b 696E6974 		.ascii	"init\000"
 1317      00
 1318              	.LASF24:
 1319 0080 73746174 		.ascii	"status\000"
 1319      757300
 1320              	.LASF45:
 1321 0087 433A5C55 		.ascii	"C:\\Users\\Recepcion\\Documents\\Prime 2.0\\MUX\\MU"
 1321      73657273 
 1321      5C526563 
 1321      65706369 
 1321      6F6E5C44 
 1322 00b4 585F5072 		.ascii	"X_Prime.cydsn\000"
 1322      696D652E 
 1322      63796473 
 1322      6E00
 1323              	.LASF33:
 1324 00c2 72707472 		.ascii	"rptr\000"
 1324      00
 1325              	.LASF11:
 1326 00c7 666C6F61 		.ascii	"float\000"
 1326      7400
 1327              	.LASF21:
 1328 00cd 64617461 		.ascii	"data\000"
 1328      00
 1329              	.LASF1:
 1330 00d2 756E7369 		.ascii	"unsigned char\000"
 1330      676E6564 
 1330      20636861 
 1330      7200
 1331              	.LASF26:
 1332 00e0 72657475 		.ascii	"returnValue\000"
 1332      726E5661 
 1332      6C756500 
 1333              	.LASF42:
 1334 00ec 526F6D56 		.ascii	"RomVectors\000"
 1334      6563746F 
 1334      727300
 1335              	.LASF43:
 1336 00f7 474E5520 		.ascii	"GNU C 4.8.4 20140526 (release) [ARM/embedded-4_8-br"
 1336      4320342E 
 1336      382E3420 
 1336      32303134 
 1336      30353236 
 1337 012a 616E6368 		.ascii	"anch revision 211358] -mcpu=cortex-m3 -mthumb -g -O"
 1337      20726576 
 1337      6973696F 
 1337      6E203231 
 1337      31333538 
 1338 015d 30202D66 		.ascii	"0 -ffunction-sections\000"
 1338      66756E63 
ARM GAS  C:\Users\RECEPC~1\AppData\Local\Temp\cczPInmP.s 			page 35


 1338      74696F6E 
 1338      2D736563 
 1338      74696F6E 
 1339              	.LASF5:
 1340 0173 6C6F6E67 		.ascii	"long unsigned int\000"
 1340      20756E73 
 1340      69676E65 
 1340      6420696E 
 1340      7400
 1341              	.LASF37:
 1342 0185 63795379 		.ascii	"cySysNoInitDataValid\000"
 1342      734E6F49 
 1342      6E697444 
 1342      61746156 
 1342      616C6964 
 1343              	.LASF9:
 1344 019a 75696E74 		.ascii	"uint8\000"
 1344      3800
 1345              	.LASF29:
 1346 01a0 52657365 		.ascii	"Reset\000"
 1346      7400
 1347              	.LASF30:
 1348 01a6 5F657869 		.ascii	"_exit\000"
 1348      7400
 1349              	.LASF28:
 1350 01ac 496E7444 		.ascii	"IntDefaultHandler\000"
 1350      65666175 
 1350      6C744861 
 1350      6E646C65 
 1350      7200
 1351              	.LASF47:
 1352 01be 5F736272 		.ascii	"_sbrk\000"
 1352      6B00
 1353              	.LASF12:
 1354 01c4 646F7562 		.ascii	"double\000"
 1354      6C6500
 1355              	.LASF36:
 1356 01cb 696E6974 		.ascii	"initialize_psoc\000"
 1356      69616C69 
 1356      7A655F70 
 1356      736F6300 
 1357              	.LASF10:
 1358 01db 75696E74 		.ascii	"uint32\000"
 1358      333200
 1359              	.LASF23:
 1360 01e2 7A65726F 		.ascii	"zero_size\000"
 1360      5F73697A 
 1360      6500
 1361              	.LASF8:
 1362 01ec 756E7369 		.ascii	"unsigned int\000"
 1362      676E6564 
 1362      20696E74 
 1362      00
 1363              	.LASF7:
 1364 01f9 6C6F6E67 		.ascii	"long long unsigned int\000"
 1364      206C6F6E 
 1364      6720756E 
ARM GAS  C:\Users\RECEPC~1\AppData\Local\Temp\cczPInmP.s 			page 36


 1364      7369676E 
 1364      65642069 
 1365              	.LASF34:
 1366 0210 6C696D69 		.ascii	"limit\000"
 1366      7400
 1367              	.LASF16:
 1368 0216 63796973 		.ascii	"cyisraddress\000"
 1368      72616464 
 1368      72657373 
 1368      00
 1369              	.LASF22:
 1370 0223 696E6974 		.ascii	"init_size\000"
 1370      5F73697A 
 1370      6500
 1371              	.LASF19:
 1372 022d 5F5F6379 		.ascii	"__cy_byte_align8\000"
 1372      5F627974 
 1372      655F616C 
 1372      69676E38 
 1372      00
 1373              	.LASF14:
 1374 023e 72656738 		.ascii	"reg8\000"
 1374      00
 1375              	.LASF18:
 1376 0243 73697A65 		.ascii	"sizetype\000"
 1376      74797065 
 1376      00
 1377              	.LASF6:
 1378 024c 6C6F6E67 		.ascii	"long long int\000"
 1378      206C6F6E 
 1378      6720696E 
 1378      7400
 1379              	.LASF13:
 1380 025a 63686172 		.ascii	"char\000"
 1380      00
 1381              	.LASF2:
 1382 025f 73686F72 		.ascii	"short int\000"
 1382      7420696E 
 1382      7400
 1383              	.LASF4:
 1384 0269 6C6F6E67 		.ascii	"long int\000"
 1384      20696E74 
 1384      00
 1385              	.LASF38:
 1386 0272 43795265 		.ascii	"CyResetStatus\000"
 1386      73657453 
 1386      74617475 
 1386      7300
 1387              	.LASF0:
 1388 0280 7369676E 		.ascii	"signed char\000"
 1388      65642063 
 1388      68617200 
 1389              	.LASF40:
 1390 028c 5F5F6379 		.ascii	"__cy_regions\000"
 1390      5F726567 
 1390      696F6E73 
 1390      00
ARM GAS  C:\Users\RECEPC~1\AppData\Local\Temp\cczPInmP.s 			page 37


 1391              	.LASF32:
 1392 0299 72656769 		.ascii	"regions\000"
 1392      6F6E7300 
 1393              	.LASF25:
 1394 02a1 6E627974 		.ascii	"nbytes\000"
 1394      657300
 1395              	.LASF46:
 1396 02a8 5F5F6379 		.ascii	"__cy_region\000"
 1396      5F726567 
 1396      696F6E00 
 1397              		.ident	"GCC: (GNU Tools for ARM Embedded Processors) 4.8.4 20140526 (release) [ARM/embedded-4_8-br
